                                                                           
                                                                           
***************************************************************************
***                                                                     ***
***                                                                     ***
***          __  __ ____   ____ _                                       ***
***         |  \/  |  _ \ / ___| |__   ___ _ __ ___                     ***
***         | |\/| | |_) | |   | '_ \ / _ \ '_ ` _ \                    ***
***         | |  | |  _ <| |___| | | |  __/ | | | | |                   ***
***         |_|  |_|_| \_\\____|_| |_|\___|_| |_| |_|                   ***
***                                                                     ***
***         VERSION            1.1.0-alpha                              ***
***                                                                     ***
***         Git branch         master                                   ***
***         Git commit hash    2d0f602bc399ffd54430                     ***
***         Git commit author  Stig Rune Jensen                         ***
***         Git commit date    Tue Jun 21 10:13:47 2022 +0200           ***
***                                                                     ***
***         Contact: luca.frediani@uit.no                               ***
***                                                                     ***
***         Radovan Bast            Magnar Bjorgve                      ***
***         Roberto Di Remigio      Antoine Durdek                      ***
***         Luca Frediani           Gabriel Gerez                       ***
***         Stig Rune Jensen        Jonas Juselius                      ***
***         Rune Monstad            Peter Wind                          ***
***                                                                     ***
***************************************************************************

---------------------------------------------------------------------------

 MPI processes           :       (16 bank)                              48
 OpenMP threads          :                                              15
 Total cores             :                                             496
                                                                           
---------------------------------------------------------------------------

XCFun DFT library Copyright 2009-2020 Ulf Ekstrom and contributors.
See http://dftlibs.org/xcfun/ for more information.

This is free software; see the source code for copying conditions.
There is ABSOLUTELY NO WARRANTY; not even for MERCHANTABILITY or
FITNESS FOR A PARTICULAR PURPOSE. For details see the documentation.
Scientific users of this library should cite
U. Ekstrom, L. Visscher, R. Bast, A. J. Thorvaldsen and K. Ruud;
J.Chem.Theor.Comp. 2010, DOI: 10.1021/ct100117s

---------------------------------------------------------------------------

 MRCPP version         : 1.4.1
 Git branch            : HEAD
 Git commit hash       : 75d41879b1908a94a452
 Git commit author     : Stig Rune Jensen
 Git commit date       : Thu Jan 6 11:38:53 2022 +0100

 Linear algebra        : EIGEN v3.4.0
 Parallelization       : MPI/OpenMP (15 threads)

---------------------------------------------------------------------------


                                                                           
===========================================================================
                         MultiResolution Analysis
---------------------------------------------------------------------------
 polynomial order      : 9
 polynomial type       : Interpolating
---------------------------------------------------------------------------
 total boxes           : 8
 boxes                 : [          2           2           2 ]
 unit lengths          : [   32.00000    32.00000    32.00000 ]
 scaling factor        : [    1.00000     1.00000     1.00000 ]
 lower bounds          : [  -32.00000   -32.00000   -32.00000 ]
 upper bounds          : [   32.00000    32.00000    32.00000 ]
 total length          : [   64.00000    64.00000    64.00000 ]
===========================================================================


                                                                           
***************************************************************************
***                                                                     ***
***                        Initializing Molecule                        ***
***                                                                     ***
***************************************************************************
                                                                           
                                                                           
===========================================================================
                                 Molecule
---------------------------------------------------------------------------
 Charge                  :                                               0
 Multiplicity            :                                               1
---------------------------------------------------------------------------
    N    Atom            :               x               y               z
---------------------------------------------------------------------------
    0      Ar            :        0.000000        0.000000        0.000000
---------------------------------------------------------------------------
 Center of mass          :        0.000000        0.000000        0.000000
===========================================================================


                                                                           
***************************************************************************
***                                                                     ***
***                 Computing Ground State Wavefunction                 ***
***                                                                     ***
***************************************************************************
                                                                           
                                                                           
~~~~~~~~~~~~~~~~~~~~~~~~~~~~~~~~~~~~~~~~~~~~~~~~~~~~~~~~~~~~~~~~~~~~~~~~~~~
 Calculation             : Compute initial orbitals
 Method                  : Diagonalize SAD Hamiltonian
 Precision               : 1.00000e-03
 Screening               : 1.20000e+01 StdDev
 Restricted              : True
 Functional              : LDA (SVWN5)
 AO basis                : Hydrogenic orbitals
 Zeta quality            : 2
~~~~~~~~~~~~~~~~~~~~~~~~~~~~~~~~~~~~~~~~~~~~~~~~~~~~~~~~~~~~~~~~~~~~~~~~~~~


===========================================================================
                            Molecular Orbitals
---------------------------------------------------------------------------
 Alpha electrons         :                                               9
 Beta electrons          :                                               9
 Total electrons         :                                              18
---------------------------------------------------------------------------
    n  Occ Spin          :                                            Norm
---------------------------------------------------------------------------
    0    2    p          :                              1.000000000000e+00
    1    2    p          :                              9.999999999867e-01
    2    2    p          :                              1.000000000000e+00
    3    2    p          :                              1.000000000000e+00
    4    2    p          :                              1.000000000000e+00
    5    2    p          :                              9.999999652924e-01
    6    2    p          :                              9.999999916997e-01
    7    2    p          :                              9.999999916997e-01
    8    2    p          :                              9.999999916997e-01
===========================================================================


~~~~~~~~~~~~~~~~~~~~~~~~~~~~~~~~~~~~~~~~~~~~~~~~~~~~~~~~~~~~~~~~~~~~~~~~~~~
 Calculation             : Compute initial energy
 Method                  : DFT (PBE)
 Relativity              : ZORA (V_nuc + J + V_xc)
 Precision               : 1.00000e-03
 Localization            : Off
~~~~~~~~~~~~~~~~~~~~~~~~~~~~~~~~~~~~~~~~~~~~~~~~~~~~~~~~~~~~~~~~~~~~~~~~~~~


===========================================================================
                        Molecular Energy (initial)
---------------------------------------------------------------------------
 Kinetic energy          :            (au)                560.884878563602
 E-N energy              :            (au)              -1306.788960480036
 Coulomb energy          :            (au)                253.868578769220
 Exchange energy         :            (au)                  0.000000000000
 X-C energy              :            (au)                -32.566486443557
 Ext. field (el)         :            (au)                  0.000000000000
---------------------------------------------------------------------------
 N-N energy              :            (au)                  0.000000000000
 Ext. field (nuc)        :            (au)                  0.000000000000
 Tot. Reac. Energy       :            (au)                  0.000000000000
 El. Reac. Energy        :            (au)                  0.000000000000
 Nuc. Reac. Energy       :            (au)                  0.000000000000
---------------------------------------------------------------------------
 Electronic energy       :            (au)               -524.601989590771
 Nuclear energy          :            (au)                  0.000000000000
---------------------------------------------------------------------------
 Total energy            :            (au)             -5.246019895908e+02
                         :      (kcal/mol)             -3.291927185805e+05
                         :        (kJ/mol)             -1.377342334541e+06
                         :            (eV)             -1.427514736417e+04
===========================================================================


===========================================================================
                        Orbital Energies (initial)
---------------------------------------------------------------------------
    n  Occ Spin          :                                         Epsilon
---------------------------------------------------------------------------
    0    2    p          :            (au)               -112.162067185485
    1    2    p          :            (au)                 -9.314747174138
    2    2    p          :            (au)                 -6.906086097598
    3    2    p          :            (au)                 -6.906085189855
    4    2    p          :            (au)                 -6.906083632181
    5    2    p          :            (au)                  0.002039933403
    6    2    p          :            (au)                  0.676281872494
    7    2    p          :            (au)                  0.676281977546
    8    2    p          :            (au)                  0.676282191734
---------------------------------------------------------------------------
 Sum occupied            :            (au)               -280.328366608161
===========================================================================


~~~~~~~~~~~~~~~~~~~~~~~~~~~~~~~~~~~~~~~~~~~~~~~~~~~~~~~~~~~~~~~~~~~~~~~~~~~
 Calculation             : Optimize ground state orbitals
 Method                  : DFT (PBE)
 Relativity              : ZORA (V_nuc + J + V_xc)
 Checkpointing           : Off
 Max iterations          : 100
 KAIN solver             : 7
 Localization            : Off
 Diagonalization         : First two iterations
 Start precision         : 1.00000e-06
 Final precision         : 1.00000e-06
 Helmholtz precision     : Dynamic
 Energy threshold        : Off
 Orbital threshold       : 1.00000e-05
~~~~~~~~~~~~~~~~~~~~~~~~~~~~~~~~~~~~~~~~~~~~~~~~~~~~~~~~~~~~~~~~~~~~~~~~~~~


===========================================================================
 Iter           MO residual             Total energy                Update
---------------------------------------------------------------------------
    0          3.000000e+00        -524.601989590771         -5.246020e+02
    1          7.361515e-01        -530.022743794512         -5.420754e+00
    2          2.319104e-01        -530.200641043335         -1.778972e-01
    3          6.558841e-02        -530.219397504307         -1.875646e-02
    4          1.826987e-02        -530.223226644321         -3.829140e-03
    5          8.022868e-03        -530.224296220703         -1.069576e-03
    6          9.548432e-04        -530.223802904855          4.933158e-04
    7          2.368828e-04        -530.224212508872         -4.096040e-04
    8          9.144313e-05        -530.224732638933         -5.201301e-04
    9          2.454542e-05        -530.224734485252         -1.846320e-06
   10          7.446148e-06        -530.224734418254          6.699895e-08
---------------------------------------------------------------------------
                      SCF converged in 10 iterations!
===========================================================================


                                                                           
***************************************************************************
***                                                                     ***
***                    Printing Molecular Properties                    ***
***                                                                     ***
***************************************************************************
                                                                           
                                                                           
===========================================================================
                                 Molecule
---------------------------------------------------------------------------
 Charge                  :                                               0
 Multiplicity            :                                               1
---------------------------------------------------------------------------
    N    Atom            :               x               y               z
---------------------------------------------------------------------------
    0      Ar            :        0.000000        0.000000        0.000000
---------------------------------------------------------------------------
 Center of mass          :        0.000000        0.000000        0.000000
===========================================================================


===========================================================================
                         Molecular Energy (final)
---------------------------------------------------------------------------
 Kinetic energy          :            (au)                532.994223207840
 E-N energy              :            (au)              -1264.828157827176
 Coulomb energy          :            (au)                232.457210106313
 Exchange energy         :            (au)                  0.000000000000
 X-C energy              :            (au)                -30.848009905231
 Ext. field (el)         :            (au)                  0.000000000000
---------------------------------------------------------------------------
 N-N energy              :            (au)                  0.000000000000
 Ext. field (nuc)        :            (au)                  0.000000000000
 Tot. Reac. Energy       :            (au)                  0.000000000000
 El. Reac. Energy        :            (au)                  0.000000000000
 Nuc. Reac. Energy       :            (au)                  0.000000000000
---------------------------------------------------------------------------
 Electronic energy       :            (au)               -530.224734418254
 Nuclear energy          :            (au)                  0.000000000000
---------------------------------------------------------------------------
 Total energy            :            (au)             -5.302247344183e+02
                         :      (kcal/mol)             -3.327210442300e+05
                         :        (kJ/mol)             -1.392104849058e+06
                         :            (eV)             -1.442815004543e+04
===========================================================================


===========================================================================
                         Orbital Energies (final)
---------------------------------------------------------------------------
    n  Occ Spin          :                                         Epsilon
---------------------------------------------------------------------------
    0    2    p          :            (au)               -115.111878855650
    1    2    p          :            (au)                -10.918703544824
    2    2    p          :            (au)                 -8.450812985197
    3    2    p          :            (au)                 -8.450812984516
    4    2    p          :            (au)                 -8.450812983297
    5    2    p          :            (au)                 -0.892513466116
    6    2    p          :            (au)                 -0.377388735283
    7    2    p          :            (au)                 -0.377388735189
    8    2    p          :            (au)                 -0.377388735090
---------------------------------------------------------------------------
 Sum occupied            :            (au)               -306.815402050325
===========================================================================


===========================================================================
                           Dipole Moment (dip-1)
---------------------------------------------------------------------------
 r_O                     :        0.000000        0.000000        0.000000
---------------------------------------------------------------------------
 Electronic vector       :        0.000000        0.000000        0.000000
 Magnitude               :            (au)                        0.000000
                         :         (Debye)                        0.000000
---------------------------------------------------------------------------
 Nuclear vector          :        0.000000        0.000000        0.000000
 Magnitude               :            (au)                        0.000000
                         :         (Debye)                        0.000000
---------------------------------------------------------------------------
 Total vector            :        0.000000        0.000000        0.000000
 Magnitude               :            (au)                        0.000000
                         :         (Debye)                        0.000000
===========================================================================


                                                                           
                                                                           
***************************************************************************
***                                                                     ***
***                            Exiting MRChem                           ***
***                                                                     ***
***                       Wall time :  0h  2m 43s                       ***
***                                                                     ***
***************************************************************************
                                                                           
                                                                           
