                                                                           
                                                                           
***************************************************************************
***                                                                     ***
***                                                                     ***
***          __  __ ____   ____ _                                       ***
***         |  \/  |  _ \ / ___| |__   ___ _ __ ___                     ***
***         | |\/| | |_) | |   | '_ \ / _ \ '_ ` _ \                    ***
***         | |  | |  _ <| |___| | | |  __/ | | | | |                   ***
***         |_|  |_|_| \_\\____|_| |_|\___|_| |_| |_|                   ***
***                                                                     ***
***         VERSION            1.1.0-alpha                              ***
***                                                                     ***
***         Git branch         finite-nuc                               ***
***         Git commit hash    c178fd54279bf4425d78                     ***
***         Git commit author  Stig Rune Jensen                         ***
***         Git commit date    Wed Jun 22 12:55:33 2022 +0200           ***
***                                                                     ***
***         Contact: luca.frediani@uit.no                               ***
***                                                                     ***
***         Radovan Bast            Magnar Bjorgve                      ***
***         Roberto Di Remigio      Antoine Durdek                      ***
***         Luca Frediani           Gabriel Gerez                       ***
***         Stig Rune Jensen        Jonas Juselius                      ***
***         Rune Monstad            Peter Wind                          ***
***                                                                     ***
***************************************************************************

---------------------------------------------------------------------------

 MPI processes           :        (4 bank)                              12
 OpenMP threads          :                                              15
 Total cores             :                                             124
                                                                           
---------------------------------------------------------------------------

XCFun DFT library Copyright 2009-2020 Ulf Ekstrom and contributors.
See http://dftlibs.org/xcfun/ for more information.

This is free software; see the source code for copying conditions.
There is ABSOLUTELY NO WARRANTY; not even for MERCHANTABILITY or
FITNESS FOR A PARTICULAR PURPOSE. For details see the documentation.
Scientific users of this library should cite
U. Ekstrom, L. Visscher, R. Bast, A. J. Thorvaldsen and K. Ruud;
J.Chem.Theor.Comp. 2010, DOI: 10.1021/ct100117s

---------------------------------------------------------------------------

 MRCPP version         : 1.4.1
 Git branch            : HEAD
 Git commit hash       : 75d41879b1908a94a452
 Git commit author     : Stig Rune Jensen
 Git commit date       : Thu Jan 6 11:38:53 2022 +0100

 Linear algebra        : EIGEN v3.4.0
 Parallelization       : MPI/OpenMP (15 threads)

---------------------------------------------------------------------------


                                                                           
===========================================================================
                         MultiResolution Analysis
---------------------------------------------------------------------------
 polynomial order      : 9
 polynomial type       : Interpolating
---------------------------------------------------------------------------
 total boxes           : 8
 boxes                 : [          2           2           2 ]
 unit lengths          : [   32.00000    32.00000    32.00000 ]
 scaling factor        : [    1.00000     1.00000     1.00000 ]
 lower bounds          : [  -32.00000   -32.00000   -32.00000 ]
 upper bounds          : [   32.00000    32.00000    32.00000 ]
 total length          : [   64.00000    64.00000    64.00000 ]
===========================================================================


                                                                           
***************************************************************************
***                                                                     ***
***                        Initializing Molecule                        ***
***                                                                     ***
***************************************************************************
                                                                           
                                                                           
===========================================================================
                                 Molecule
---------------------------------------------------------------------------
 Charge                  :                                               0
 Multiplicity            :                                               1
---------------------------------------------------------------------------
    N    Atom            :               x               y               z
---------------------------------------------------------------------------
    0      Ar            :        0.000000        0.000000        0.000000
---------------------------------------------------------------------------
 Center of mass          :        0.000000        0.000000        0.000000
===========================================================================


                                                                           
***************************************************************************
***                                                                     ***
***                 Computing Ground State Wavefunction                 ***
***                                                                     ***
***************************************************************************
                                                                           
                                                                           
Nuclear exponent: 1.000000e+12
~~~~~~~~~~~~~~~~~~~~~~~~~~~~~~~~~~~~~~~~~~~~~~~~~~~~~~~~~~~~~~~~~~~~~~~~~~~
 Calculation             : Compute initial orbitals
 Method                  : Diagonalize SAD Hamiltonian
 Precision               : 1.00000e-03
 Screening               : 1.20000e+01 StdDev
 Restricted              : True
 Functional              : LDA (SVWN5)
 AO basis                : Hydrogenic orbitals
 Zeta quality            : 2
~~~~~~~~~~~~~~~~~~~~~~~~~~~~~~~~~~~~~~~~~~~~~~~~~~~~~~~~~~~~~~~~~~~~~~~~~~~


===========================================================================
                            Molecular Orbitals
---------------------------------------------------------------------------
 Alpha electrons         :                                               9
 Beta electrons          :                                               9
 Total electrons         :                                              18
---------------------------------------------------------------------------
    n  Occ Spin          :                                            Norm
---------------------------------------------------------------------------
    0    2    p          :                              1.000000000000e+00
    1    2    p          :                              9.999999999867e-01
    2    2    p          :                              1.000000000000e+00
    3    2    p          :                              1.000000000000e+00
    4    2    p          :                              1.000000000000e+00
    5    2    p          :                              1.000000171286e+00
    6    2    p          :                              9.999999916997e-01
    7    2    p          :                              9.999999916997e-01
    8    2    p          :                              9.999998789924e-01
===========================================================================


~~~~~~~~~~~~~~~~~~~~~~~~~~~~~~~~~~~~~~~~~~~~~~~~~~~~~~~~~~~~~~~~~~~~~~~~~~~
 Calculation             : Compute initial energy
 Method                  : DFT (PBE)
 Relativity              : ZORA (V_nuc + J + V_xc)
 Precision               : 1.00000e-03
 Localization            : Off
~~~~~~~~~~~~~~~~~~~~~~~~~~~~~~~~~~~~~~~~~~~~~~~~~~~~~~~~~~~~~~~~~~~~~~~~~~~


===========================================================================
                        Molecular Energy (initial)
---------------------------------------------------------------------------
 Kinetic energy          :            (au)                560.888449618413
 E-N energy              :            (au)              -1306.790645238903
 Coulomb energy          :            (au)                253.868616598947
 Exchange energy         :            (au)                  0.000000000000
 X-C energy              :            (au)                -32.566510867565
 Ext. field (el)         :            (au)                  0.000000000000
---------------------------------------------------------------------------
 N-N energy              :            (au)                  0.000000000000
 Ext. field (nuc)        :            (au)                  0.000000000000
 Tot. Reac. Energy       :            (au)                  0.000000000000
 El. Reac. Energy        :            (au)                  0.000000000000
 Nuc. Reac. Energy       :            (au)                  0.000000000000
---------------------------------------------------------------------------
 Electronic energy       :            (au)               -524.600089889108
 Nuclear energy          :            (au)                  0.000000000000
---------------------------------------------------------------------------
 Total energy            :            (au)             -5.246000898891e+02
                         :      (kcal/mol)             -3.291915264997e+05
                         :        (kJ/mol)             -1.377337346875e+06
                         :            (eV)             -1.427509567065e+04
===========================================================================


===========================================================================
                        Orbital Energies (initial)
---------------------------------------------------------------------------
    n  Occ Spin          :                                         Epsilon
---------------------------------------------------------------------------
    0    2    p          :            (au)               -112.162280777208
    1    2    p          :            (au)                 -9.314771942632
    2    2    p          :            (au)                 -6.906118241125
    3    2    p          :            (au)                 -6.906089117313
    4    2    p          :            (au)                 -6.906083504444
    5    2    p          :            (au)                  0.002807757031
    6    2    p          :            (au)                  0.676278687713
    7    2    p          :            (au)                  0.676296147430
    8    2    p          :            (au)                  0.676506022710
---------------------------------------------------------------------------
 Sum occupied            :            (au)               -280.326909935675
===========================================================================


~~~~~~~~~~~~~~~~~~~~~~~~~~~~~~~~~~~~~~~~~~~~~~~~~~~~~~~~~~~~~~~~~~~~~~~~~~~
 Calculation             : Optimize ground state orbitals
 Method                  : DFT (PBE)
 Relativity              : ZORA (V_nuc + J + V_xc)
 Checkpointing           : Off
 Max iterations          : 100
 KAIN solver             : 7
 Localization            : Off
 Diagonalization         : First two iterations
 Start precision         : 1.00000e-06
 Final precision         : 1.00000e-06
 Helmholtz precision     : Dynamic
 Energy threshold        : Off
 Orbital threshold       : 1.00000e-05
~~~~~~~~~~~~~~~~~~~~~~~~~~~~~~~~~~~~~~~~~~~~~~~~~~~~~~~~~~~~~~~~~~~~~~~~~~~


===========================================================================
 Iter           MO residual             Total energy                Update
---------------------------------------------------------------------------
    0          3.000000e+00        -524.600089889108         -5.246001e+02
    1          7.362038e-01        -530.022677136508         -5.422587e+00
    2          2.318615e-01        -530.200630953275         -1.779538e-01
    3          6.555353e-02        -530.219396788141         -1.876583e-02
    4          1.827437e-02        -530.223228362147         -3.831574e-03
    5          8.032301e-03        -530.224310413677         -1.082052e-03
    6          9.548877e-04        -530.223868062346          4.423513e-04
    7          2.369744e-04        -530.224237928994         -3.698666e-04
    8          8.865094e-05        -530.224731669077         -4.937401e-04
    9          2.447653e-05        -530.224733527264         -1.858188e-06
   10          7.696900e-06        -530.224733220240          3.070247e-07
---------------------------------------------------------------------------
                      SCF converged in 10 iterations!
===========================================================================


                                                                           
***************************************************************************
***                                                                     ***
***                    Printing Molecular Properties                    ***
***                                                                     ***
***************************************************************************
                                                                           
                                                                           
===========================================================================
                                 Molecule
---------------------------------------------------------------------------
 Charge                  :                                               0
 Multiplicity            :                                               1
---------------------------------------------------------------------------
    N    Atom            :               x               y               z
---------------------------------------------------------------------------
    0      Ar            :        0.000000        0.000000        0.000000
---------------------------------------------------------------------------
 Center of mass          :        0.000000        0.000000        0.000000
===========================================================================


===========================================================================
                         Molecular Energy (final)
---------------------------------------------------------------------------
 Kinetic energy          :            (au)                532.994496428140
 E-N energy              :            (au)              -1264.828429438466
 Coulomb energy          :            (au)                232.457211923177
 Exchange energy         :            (au)                  0.000000000000
 X-C energy              :            (au)                -30.848012133090
 Ext. field (el)         :            (au)                  0.000000000000
---------------------------------------------------------------------------
 N-N energy              :            (au)                  0.000000000000
 Ext. field (nuc)        :            (au)                  0.000000000000
 Tot. Reac. Energy       :            (au)                  0.000000000000
 El. Reac. Energy        :            (au)                  0.000000000000
 Nuc. Reac. Energy       :            (au)                  0.000000000000
---------------------------------------------------------------------------
 Electronic energy       :            (au)               -530.224733220240
 Nuclear energy          :            (au)                  0.000000000000
---------------------------------------------------------------------------
 Total energy            :            (au)             -5.302247332202e+02
                         :      (kcal/mol)             -3.327210434783e+05
                         :        (kJ/mol)             -1.392104845913e+06
                         :            (eV)             -1.442815001283e+04
===========================================================================


===========================================================================
                         Orbital Energies (final)
---------------------------------------------------------------------------
    n  Occ Spin          :                                         Epsilon
---------------------------------------------------------------------------
    0    2    p          :            (au)               -115.111876937395
    1    2    p          :            (au)                -10.918703595640
    2    2    p          :            (au)                 -8.450813110223
    3    2    p          :            (au)                 -8.450813109245
    4    2    p          :            (au)                 -8.450813108169
    5    2    p          :            (au)                 -0.892513498292
    6    2    p          :            (au)                 -0.377388770441
    7    2    p          :            (au)                 -0.377388768756
    8    2    p          :            (au)                 -0.377388766522
---------------------------------------------------------------------------
 Sum occupied            :            (au)               -306.815399329367
===========================================================================


===========================================================================
                           Dipole Moment (dip-1)
---------------------------------------------------------------------------
 r_O                     :        0.000000        0.000000        0.000000
---------------------------------------------------------------------------
 Electronic vector       :        0.000000        0.000000        0.000000
 Magnitude               :            (au)                        0.000000
                         :         (Debye)                        0.000000
---------------------------------------------------------------------------
 Nuclear vector          :        0.000000        0.000000        0.000000
 Magnitude               :            (au)                        0.000000
                         :         (Debye)                        0.000000
---------------------------------------------------------------------------
 Total vector            :        0.000000        0.000000        0.000000
 Magnitude               :            (au)                        0.000000
                         :         (Debye)                        0.000000
===========================================================================


                                                                           
                                                                           
***************************************************************************
***                                                                     ***
***                            Exiting MRChem                           ***
***                                                                     ***
***                       Wall time :  0h  3m 47s                       ***
***                                                                     ***
***************************************************************************
                                                                           
                                                                           
