                                                                           
                                                                           
***************************************************************************
***                                                                     ***
***                                                                     ***
***          __  __ ____   ____ _                                       ***
***         |  \/  |  _ \ / ___| |__   ___ _ __ ___                     ***
***         | |\/| | |_) | |   | '_ \ / _ \ '_ ` _ \                    ***
***         | |  | |  _ <| |___| | | |  __/ | | | | |                   ***
***         |_|  |_|_| \_\\____|_| |_|\___|_| |_| |_|                   ***
***                                                                     ***
***         VERSION            1.1.0-alpha                              ***
***                                                                     ***
***         Git branch         finite-nuc                               ***
***         Git commit hash    c178fd54279bf4425d78                     ***
***         Git commit author  Stig Rune Jensen                         ***
***         Git commit date    Wed Jun 22 12:55:33 2022 +0200           ***
***                                                                     ***
***         Contact: luca.frediani@uit.no                               ***
***                                                                     ***
***         Radovan Bast            Magnar Bjorgve                      ***
***         Roberto Di Remigio      Antoine Durdek                      ***
***         Luca Frediani           Gabriel Gerez                       ***
***         Stig Rune Jensen        Jonas Juselius                      ***
***         Rune Monstad            Peter Wind                          ***
***                                                                     ***
***************************************************************************

---------------------------------------------------------------------------

 MPI processes           :        (4 bank)                              12
 OpenMP threads          :                                              15
 Total cores             :                                             124
                                                                           
---------------------------------------------------------------------------

XCFun DFT library Copyright 2009-2020 Ulf Ekstrom and contributors.
See http://dftlibs.org/xcfun/ for more information.

This is free software; see the source code for copying conditions.
There is ABSOLUTELY NO WARRANTY; not even for MERCHANTABILITY or
FITNESS FOR A PARTICULAR PURPOSE. For details see the documentation.
Scientific users of this library should cite
U. Ekstrom, L. Visscher, R. Bast, A. J. Thorvaldsen and K. Ruud;
J.Chem.Theor.Comp. 2010, DOI: 10.1021/ct100117s

---------------------------------------------------------------------------

 MRCPP version         : 1.4.1
 Git branch            : HEAD
 Git commit hash       : 75d41879b1908a94a452
 Git commit author     : Stig Rune Jensen
 Git commit date       : Thu Jan 6 11:38:53 2022 +0100

 Linear algebra        : EIGEN v3.4.0
 Parallelization       : MPI/OpenMP (15 threads)

---------------------------------------------------------------------------


                                                                           
===========================================================================
                         MultiResolution Analysis
---------------------------------------------------------------------------
 polynomial order      : 9
 polynomial type       : Interpolating
---------------------------------------------------------------------------
 total boxes           : 8
 boxes                 : [          2           2           2 ]
 unit lengths          : [   32.00000    32.00000    32.00000 ]
 scaling factor        : [    1.00000     1.00000     1.00000 ]
 lower bounds          : [  -32.00000   -32.00000   -32.00000 ]
 upper bounds          : [   32.00000    32.00000    32.00000 ]
 total length          : [   64.00000    64.00000    64.00000 ]
===========================================================================


                                                                           
***************************************************************************
***                                                                     ***
***                        Initializing Molecule                        ***
***                                                                     ***
***************************************************************************
                                                                           
                                                                           
===========================================================================
                                 Molecule
---------------------------------------------------------------------------
 Charge                  :                                               0
 Multiplicity            :                                               1
---------------------------------------------------------------------------
    N    Atom            :               x               y               z
---------------------------------------------------------------------------
    0      Ne            :        0.000000        0.000000        0.000000
---------------------------------------------------------------------------
 Center of mass          :        0.000000        0.000000        0.000000
===========================================================================


                                                                           
***************************************************************************
***                                                                     ***
***                 Computing Ground State Wavefunction                 ***
***                                                                     ***
***************************************************************************
                                                                           
                                                                           
Nuclear exponent: 1.000000e+06
~~~~~~~~~~~~~~~~~~~~~~~~~~~~~~~~~~~~~~~~~~~~~~~~~~~~~~~~~~~~~~~~~~~~~~~~~~~
 Calculation             : Compute initial orbitals
 Method                  : Diagonalize SAD Hamiltonian
 Precision               : 1.00000e-03
 Screening               : 1.20000e+01 StdDev
 Restricted              : True
 Functional              : LDA (SVWN5)
 AO basis                : Hydrogenic orbitals
 Zeta quality            : 2
~~~~~~~~~~~~~~~~~~~~~~~~~~~~~~~~~~~~~~~~~~~~~~~~~~~~~~~~~~~~~~~~~~~~~~~~~~~


===========================================================================
                            Molecular Orbitals
---------------------------------------------------------------------------
 Alpha electrons         :                                               5
 Beta electrons          :                                               5
 Total electrons         :                                              10
---------------------------------------------------------------------------
    n  Occ Spin          :                                            Norm
---------------------------------------------------------------------------
    0    2    p          :                              1.000000000000e+00
    1    2    p          :                              9.999999999605e-01
    2    2    p          :                              1.000000000000e+00
    3    2    p          :                              1.000000000000e+00
    4    2    p          :                              1.000000000000e+00
===========================================================================


~~~~~~~~~~~~~~~~~~~~~~~~~~~~~~~~~~~~~~~~~~~~~~~~~~~~~~~~~~~~~~~~~~~~~~~~~~~
 Calculation             : Compute initial energy
 Method                  : DFT (PBE)
 Relativity              : None
 Precision               : 1.00000e-03
 Localization            : Off
~~~~~~~~~~~~~~~~~~~~~~~~~~~~~~~~~~~~~~~~~~~~~~~~~~~~~~~~~~~~~~~~~~~~~~~~~~~


===========================================================================
                        Molecular Energy (initial)
---------------------------------------------------------------------------
 Kinetic energy          :            (au)                134.997226906489
 E-N energy              :            (au)               -318.899476050409
 Coulomb energy          :            (au)                 68.162738840694
 Exchange energy         :            (au)                  0.000000000000
 X-C energy              :            (au)                -12.753863178155
 Ext. field (el)         :            (au)                  0.000000000000
---------------------------------------------------------------------------
 N-N energy              :            (au)                  0.000000000000
 Ext. field (nuc)        :            (au)                  0.000000000000
 Tot. Reac. Energy       :            (au)                  0.000000000000
 El. Reac. Energy        :            (au)                  0.000000000000
 Nuc. Reac. Energy       :            (au)                  0.000000000000
---------------------------------------------------------------------------
 Electronic energy       :            (au)               -128.493373481380
 Nuclear energy          :            (au)                  0.000000000000
---------------------------------------------------------------------------
 Total energy            :            (au)             -1.284933734814e+02
                         :      (kcal/mol)             -8.063080921389e+04
                         :        (kJ/mol)             -3.373593057509e+05
                         :            (eV)             -3.496482815852e+03
===========================================================================


===========================================================================
                        Orbital Energies (initial)
---------------------------------------------------------------------------
    n  Occ Spin          :                                         Epsilon
---------------------------------------------------------------------------
    0    2    p          :            (au)                -29.977122764462
    1    2    p          :            (au)                 -1.138202476930
    2    2    p          :            (au)                 -0.297299329059
    3    2    p          :            (au)                 -0.297246261531
    4    2    p          :            (au)                 -0.297243779040
---------------------------------------------------------------------------
 Sum occupied            :            (au)                -64.014229222046
===========================================================================


~~~~~~~~~~~~~~~~~~~~~~~~~~~~~~~~~~~~~~~~~~~~~~~~~~~~~~~~~~~~~~~~~~~~~~~~~~~
 Calculation             : Optimize ground state orbitals
 Method                  : DFT (PBE)
 Relativity              : None
 Checkpointing           : Off
 Max iterations          : 100
 KAIN solver             : 7
 Localization            : Off
 Diagonalization         : First two iterations
 Start precision         : 1.00000e-06
 Final precision         : 1.00000e-06
 Helmholtz precision     : Dynamic
 Energy threshold        : Off
 Orbital threshold       : 1.00000e-05
~~~~~~~~~~~~~~~~~~~~~~~~~~~~~~~~~~~~~~~~~~~~~~~~~~~~~~~~~~~~~~~~~~~~~~~~~~~


===========================================================================
 Iter           MO residual             Total energy                Update
---------------------------------------------------------------------------
    0          2.236068e+00        -128.493373481380         -1.284934e+02
    1          3.116307e-01        -128.795946890433         -3.025734e-01
    2          1.297856e-01        -128.837084443941         -4.113755e-02
    3          7.737251e-02        -128.842712047887         -5.627604e-03
    4          3.030991e-02        -128.847228932303         -4.516884e-03
    5          2.074690e-03        -128.847308022252         -7.908995e-05
    6          2.890136e-04        -128.847311995115         -3.972863e-06
    7          1.402863e-04        -128.847312677036         -6.819214e-07
    8          1.997546e-05        -128.847312700822         -2.378579e-08
    9          1.248848e-06        -128.847312700933         -1.107310e-10
---------------------------------------------------------------------------
                      SCF converged in 9 iterations!
===========================================================================


                                                                           
***************************************************************************
***                                                                     ***
***                    Printing Molecular Properties                    ***
***                                                                     ***
***************************************************************************
                                                                           
                                                                           
===========================================================================
                                 Molecule
---------------------------------------------------------------------------
 Charge                  :                                               0
 Multiplicity            :                                               1
---------------------------------------------------------------------------
    N    Atom            :               x               y               z
---------------------------------------------------------------------------
    0      Ne            :        0.000000        0.000000        0.000000
---------------------------------------------------------------------------
 Center of mass          :        0.000000        0.000000        0.000000
===========================================================================


===========================================================================
                         Molecular Energy (final)
---------------------------------------------------------------------------
 Kinetic energy          :            (au)                128.505696788730
 E-N energy              :            (au)               -310.819787623118
 Coulomb energy          :            (au)                 65.839977293189
 Exchange energy         :            (au)                  0.000000000000
 X-C energy              :            (au)                -12.373199159734
 Ext. field (el)         :            (au)                  0.000000000000
---------------------------------------------------------------------------
 N-N energy              :            (au)                  0.000000000000
 Ext. field (nuc)        :            (au)                  0.000000000000
 Tot. Reac. Energy       :            (au)                  0.000000000000
 El. Reac. Energy        :            (au)                  0.000000000000
 Nuc. Reac. Energy       :            (au)                  0.000000000000
---------------------------------------------------------------------------
 Electronic energy       :            (au)               -128.847312700933
 Nuclear energy          :            (au)                  0.000000000000
---------------------------------------------------------------------------
 Total energy            :            (au)             -1.288473127009e+02
                         :      (kcal/mol)             -8.085290942740e+04
                         :        (kJ/mol)             -3.382885730442e+05
                         :            (eV)             -3.506113992663e+03
===========================================================================


===========================================================================
                         Orbital Energies (final)
---------------------------------------------------------------------------
    n  Occ Spin          :                                         Epsilon
---------------------------------------------------------------------------
    0    2    p          :            (au)                -30.481463943382
    1    2    p          :            (au)                 -1.332746749417
    2    2    p          :            (au)                 -0.490558236552
    3    2    p          :            (au)                 -0.490558236066
    4    2    p          :            (au)                 -0.490558235819
---------------------------------------------------------------------------
 Sum occupied            :            (au)                -66.571770802475
===========================================================================


===========================================================================
                           Dipole Moment (dip-1)
---------------------------------------------------------------------------
 r_O                     :        0.000000        0.000000        0.000000
---------------------------------------------------------------------------
 Electronic vector       :       -0.000000        0.000000       -0.000000
 Magnitude               :            (au)                        0.000000
                         :         (Debye)                        0.000000
---------------------------------------------------------------------------
 Nuclear vector          :        0.000000        0.000000        0.000000
 Magnitude               :            (au)                        0.000000
                         :         (Debye)                        0.000000
---------------------------------------------------------------------------
 Total vector            :        0.000000        0.000000        0.000000
 Magnitude               :            (au)                        0.000000
                         :         (Debye)                        0.000000
===========================================================================


                                                                           
                                                                           
***************************************************************************
***                                                                     ***
***                            Exiting MRChem                           ***
***                                                                     ***
***                       Wall time :  0h  1m 12s                       ***
***                                                                     ***
***************************************************************************
                                                                           
                                                                           
