                                                                           
                                                                           
***************************************************************************
***                                                                     ***
***                                                                     ***
***          __  __ ____   ____ _                                       ***
***         |  \/  |  _ \ / ___| |__   ___ _ __ ___                     ***
***         | |\/| | |_) | |   | '_ \ / _ \ '_ ` _ \                    ***
***         | |  | |  _ <| |___| | | |  __/ | | | | |                   ***
***         |_|  |_|_| \_\\____|_| |_|\___|_| |_| |_|                   ***
***                                                                     ***
***         VERSION            1.1.0-alpha                              ***
***                                                                     ***
***         Git branch         finite-nuc                               ***
***         Git commit hash    c178fd54279bf4425d78                     ***
***         Git commit author  Stig Rune Jensen                         ***
***         Git commit date    Wed Jun 22 12:55:33 2022 +0200           ***
***                                                                     ***
***         Contact: luca.frediani@uit.no                               ***
***                                                                     ***
***         Radovan Bast            Magnar Bjorgve                      ***
***         Roberto Di Remigio      Antoine Durdek                      ***
***         Luca Frediani           Gabriel Gerez                       ***
***         Stig Rune Jensen        Jonas Juselius                      ***
***         Rune Monstad            Peter Wind                          ***
***                                                                     ***
***************************************************************************

---------------------------------------------------------------------------

 MPI processes           :       (24 bank)                              72
 OpenMP threads          :                                              15
 Total cores             :                                             744
                                                                           
---------------------------------------------------------------------------

XCFun DFT library Copyright 2009-2020 Ulf Ekstrom and contributors.
See http://dftlibs.org/xcfun/ for more information.

This is free software; see the source code for copying conditions.
There is ABSOLUTELY NO WARRANTY; not even for MERCHANTABILITY or
FITNESS FOR A PARTICULAR PURPOSE. For details see the documentation.
Scientific users of this library should cite
U. Ekstrom, L. Visscher, R. Bast, A. J. Thorvaldsen and K. Ruud;
J.Chem.Theor.Comp. 2010, DOI: 10.1021/ct100117s

---------------------------------------------------------------------------

 MRCPP version         : 1.4.1
 Git branch            : HEAD
 Git commit hash       : 75d41879b1908a94a452
 Git commit author     : Stig Rune Jensen
 Git commit date       : Thu Jan 6 11:38:53 2022 +0100

 Linear algebra        : EIGEN v3.4.0
 Parallelization       : MPI/OpenMP (15 threads)

---------------------------------------------------------------------------


                                                                           
===========================================================================
                         MultiResolution Analysis
---------------------------------------------------------------------------
 polynomial order      : 9
 polynomial type       : Interpolating
---------------------------------------------------------------------------
 total boxes           : 8
 boxes                 : [          2           2           2 ]
 unit lengths          : [   32.00000    32.00000    32.00000 ]
 scaling factor        : [    1.00000     1.00000     1.00000 ]
 lower bounds          : [  -32.00000   -32.00000   -32.00000 ]
 upper bounds          : [   32.00000    32.00000    32.00000 ]
 total length          : [   64.00000    64.00000    64.00000 ]
===========================================================================


                                                                           
***************************************************************************
***                                                                     ***
***                        Initializing Molecule                        ***
***                                                                     ***
***************************************************************************
                                                                           
                                                                           
===========================================================================
                                 Molecule
---------------------------------------------------------------------------
 Charge                  :                                               0
 Multiplicity            :                                               1
---------------------------------------------------------------------------
    N    Atom            :               x               y               z
---------------------------------------------------------------------------
    0      Kr            :        0.100000        0.100000        0.100000
---------------------------------------------------------------------------
 Center of mass          :        0.100000        0.100000        0.100000
===========================================================================


                                                                           
***************************************************************************
***                                                                     ***
***                 Computing Ground State Wavefunction                 ***
***                                                                     ***
***************************************************************************
                                                                           
                                                                           
Nuclear exponent: 2.219271e+08
~~~~~~~~~~~~~~~~~~~~~~~~~~~~~~~~~~~~~~~~~~~~~~~~~~~~~~~~~~~~~~~~~~~~~~~~~~~
 Calculation             : Compute initial orbitals
 Method                  : Diagonalize SAD Hamiltonian
 Precision               : 1.00000e-03
 Screening               : 1.20000e+01 StdDev
 Restricted              : True
 Functional              : LDA (SVWN5)
 AO basis                : Hydrogenic orbitals
 Zeta quality            : 2
~~~~~~~~~~~~~~~~~~~~~~~~~~~~~~~~~~~~~~~~~~~~~~~~~~~~~~~~~~~~~~~~~~~~~~~~~~~


===========================================================================
                            Molecular Orbitals
---------------------------------------------------------------------------
 Alpha electrons         :                                              18
 Beta electrons          :                                              18
 Total electrons         :                                              36
---------------------------------------------------------------------------
    n  Occ Spin          :                                            Norm
---------------------------------------------------------------------------
    0    2    p          :                              9.999402762416e-01
    1    2    p          :                              1.000013229154e+00
    2    2    p          :                              9.997792400303e-01
    3    2    p          :                              9.997792407136e-01
    4    2    p          :                              9.999999976937e-01
    5    2    p          :                              1.000003997289e+00
    6    2    p          :                              1.000000020885e+00
    7    2    p          :                              1.000034094221e+00
    8    2    p          :                              1.000034095329e+00
    9    2    p          :                              9.999999995234e-01
   10    2    p          :                              9.999999996201e-01
   11    2    p          :                              9.999999999620e-01
   12    2    p          :                              9.999999979320e-01
   13    2    p          :                              9.999999979320e-01
   14    2    p          :                              1.000001635718e+00
   15    2    p          :                              1.000000009295e+00
   16    2    p          :                              1.000022644801e+00
   17    2    p          :                              1.000022644801e+00
===========================================================================


~~~~~~~~~~~~~~~~~~~~~~~~~~~~~~~~~~~~~~~~~~~~~~~~~~~~~~~~~~~~~~~~~~~~~~~~~~~
 Calculation             : Compute initial energy
 Method                  : DFT (PBE)
 Relativity              : ZORA (V_nuc + J + V_xc)
 Precision               : 1.00000e-03
 Localization            : Off
~~~~~~~~~~~~~~~~~~~~~~~~~~~~~~~~~~~~~~~~~~~~~~~~~~~~~~~~~~~~~~~~~~~~~~~~~~~


===========================================================================
                        Molecular Energy (initial)
---------------------------------------------------------------------------
 Kinetic energy          :            (au)               2981.484570272059
 E-N energy              :            (au)              -6955.524568621378
 Coulomb energy          :            (au)               1355.364751198509
 Exchange energy         :            (au)                  0.000000000000
 X-C energy              :            (au)               -104.462545428789
 Ext. field (el)         :            (au)                  0.000000000000
---------------------------------------------------------------------------
 N-N energy              :            (au)                  0.000000000000
 Ext. field (nuc)        :            (au)                  0.000000000000
 Tot. Reac. Energy       :            (au)                  0.000000000000
 El. Reac. Energy        :            (au)                  0.000000000000
 Nuc. Reac. Energy       :            (au)                  0.000000000000
---------------------------------------------------------------------------
 Electronic energy       :            (au)              -2723.137792579600
 Nuclear energy          :            (au)                  0.000000000000
---------------------------------------------------------------------------
 Total energy            :            (au)             -2.723137792580e+03
                         :      (kcal/mol)             -1.708794764023e+06
                         :        (kJ/mol)             -7.149597292672e+06
                         :            (eV)             -7.410035427493e+04
===========================================================================


===========================================================================
                        Orbital Energies (initial)
---------------------------------------------------------------------------
    n  Occ Spin          :                                         Epsilon
---------------------------------------------------------------------------
    0    2    p          :            (au)               -502.359151168373
    1    2    p          :            (au)                -59.466445452160
    2    2    p          :            (au)                -52.843338891469
    3    2    p          :            (au)                -51.157843414786
    4    2    p          :            (au)                -50.863230565359
    5    2    p          :            (au)                 -4.650634407429
    6    2    p          :            (au)                 -2.442375180550
    7    2    p          :            (au)                 -2.435261301370
    8    2    p          :            (au)                 -2.433433096785
    9    2    p          :            (au)                  2.329051247430
   10    2    p          :            (au)                  2.330383902822
   11    2    p          :            (au)                  2.330403005524
   12    2    p          :            (au)                  2.331713323978
   13    2    p          :            (au)                  2.331746561589
   14    2    p          :            (au)                  3.273053900479
   15    2    p          :            (au)                  4.614762584140
   16    2    p          :            (au)                  4.617879863922
   17    2    p          :            (au)                  4.617919048868
---------------------------------------------------------------------------
 Sum occupied            :            (au)              -1399.749600079059
===========================================================================


~~~~~~~~~~~~~~~~~~~~~~~~~~~~~~~~~~~~~~~~~~~~~~~~~~~~~~~~~~~~~~~~~~~~~~~~~~~
 Calculation             : Optimize ground state orbitals
 Method                  : DFT (PBE)
 Relativity              : ZORA (V_nuc + J + V_xc)
 Checkpointing           : Off
 Max iterations          : 100
 KAIN solver             : 7
 Localization            : Off
 Diagonalization         : First two iterations
 Start precision         : 1.00000e-06
 Final precision         : 1.00000e-06
 Helmholtz precision     : Dynamic
 Energy threshold        : Off
 Orbital threshold       : 1.00000e-05
~~~~~~~~~~~~~~~~~~~~~~~~~~~~~~~~~~~~~~~~~~~~~~~~~~~~~~~~~~~~~~~~~~~~~~~~~~~


===========================================================================
 Iter           MO residual             Total energy                Update
---------------------------------------------------------------------------
    0          4.242641e+00       -2723.137792579600         -2.723138e+03
    1          1.445489e+00       -2806.648561836977         -8.351077e+01
    2          5.248379e-01       -2809.735774467742         -3.087213e+00
    3          1.497005e-01       -2810.008141160967         -2.723667e-01
    4          4.761704e-02       -2810.039890107281         -3.174895e-02
    5          1.908906e-02       -2810.047473489399         -7.583382e-03
    6          5.749993e-03       -2810.048046086380         -5.725970e-04
    7          9.968791e-04       -2810.048269250076         -2.231637e-04
    8          3.325155e-04       -2810.048341104001         -7.185392e-05
    9          6.799885e-05       -2810.048338965488          2.138513e-06
   10          2.482130e-05       -2810.048364393979         -2.542849e-05
   11          4.202109e-05       -2810.048359861217          4.532762e-06
   12          5.096490e-05       -2810.048363328116         -3.466899e-06
   13          6.276293e-06       -2810.048361809196          1.518920e-06
---------------------------------------------------------------------------
                      SCF converged in 13 iterations!
===========================================================================


                                                                           
***************************************************************************
***                                                                     ***
***                    Printing Molecular Properties                    ***
***                                                                     ***
***************************************************************************
                                                                           
                                                                           
===========================================================================
                                 Molecule
---------------------------------------------------------------------------
 Charge                  :                                               0
 Multiplicity            :                                               1
---------------------------------------------------------------------------
    N    Atom            :               x               y               z
---------------------------------------------------------------------------
    0      Kr            :        0.100000        0.100000        0.100000
---------------------------------------------------------------------------
 Center of mass          :        0.100000        0.100000        0.100000
===========================================================================


===========================================================================
                         Molecular Energy (final)
---------------------------------------------------------------------------
 Kinetic energy          :            (au)               2874.502889899689
 E-N energy              :            (au)              -6771.131182259138
 Coulomb energy          :            (au)               1183.382973133678
 Exchange energy         :            (au)                  0.000000000000
 X-C energy              :            (au)                -96.803042583425
 Ext. field (el)         :            (au)                  0.000000000000
---------------------------------------------------------------------------
 N-N energy              :            (au)                  0.000000000000
 Ext. field (nuc)        :            (au)                  0.000000000000
 Tot. Reac. Energy       :            (au)                  0.000000000000
 El. Reac. Energy        :            (au)                  0.000000000000
 Nuc. Reac. Energy       :            (au)                  0.000000000000
---------------------------------------------------------------------------
 Electronic energy       :            (au)              -2810.048361809196
 Nuclear energy          :            (au)                  0.000000000000
---------------------------------------------------------------------------
 Total energy            :            (au)             -2.810048361809e+03
                         :      (kcal/mol)             -1.763331969611e+06
                         :        (kJ/mol)             -7.377780960851e+06
                         :            (eV)             -7.646531134310e+04
===========================================================================


===========================================================================
                         Orbital Energies (final)
---------------------------------------------------------------------------
    n  Occ Spin          :                                         Epsilon
---------------------------------------------------------------------------
    0    2    p          :            (au)               -528.981496737935
    1    2    p          :            (au)                -68.704384867227
    2    2    p          :            (au)                -60.732444327260
    3    2    p          :            (au)                -60.732444308506
    4    2    p          :            (au)                -60.732444192964
    5    2    p          :            (au)                 -9.703393877094
    6    2    p          :            (au)                 -7.173748566944
    7    2    p          :            (au)                 -7.173748553659
    8    2    p          :            (au)                 -7.173748509654
    9    2    p          :            (au)                 -2.992542612432
   10    2    p          :            (au)                 -2.992542600990
   11    2    p          :            (au)                 -2.992542560215
   12    2    p          :            (au)                 -2.992542557782
   13    2    p          :            (au)                 -2.992542531945
   14    2    p          :            (au)                 -0.846901451190
   15    2    p          :            (au)                 -0.339780137759
   16    2    p          :            (au)                 -0.339780134901
   17    2    p          :            (au)                 -0.339780123909
---------------------------------------------------------------------------
 Sum occupied            :            (au)              -1655.873617304732
===========================================================================


===========================================================================
                           Dipole Moment (dip-1)
---------------------------------------------------------------------------
 r_O                     :        0.000000        0.000000        0.000000
---------------------------------------------------------------------------
 Electronic vector       :       -3.600000       -3.600000       -3.600000
 Magnitude               :            (au)                        6.235383
                         :         (Debye)                       15.848763
---------------------------------------------------------------------------
 Nuclear vector          :        3.600000        3.600000        3.600000
 Magnitude               :            (au)                        6.235383
                         :         (Debye)                       15.848763
---------------------------------------------------------------------------
 Total vector            :       -0.000000       -0.000000       -0.000000
 Magnitude               :            (au)                        0.000000
                         :         (Debye)                        0.000000
===========================================================================


                                                                           
                                                                           
***************************************************************************
***                                                                     ***
***                            Exiting MRChem                           ***
***                                                                     ***
***                       Wall time :  0h  6m  3s                       ***
***                                                                     ***
***************************************************************************
                                                                           
                                                                           
