                                                                           
                                                                           
***************************************************************************
***                                                                     ***
***                                                                     ***
***          __  __ ____   ____ _                                       ***
***         |  \/  |  _ \ / ___| |__   ___ _ __ ___                     ***
***         | |\/| | |_) | |   | '_ \ / _ \ '_ ` _ \                    ***
***         | |  | |  _ <| |___| | | |  __/ | | | | |                   ***
***         |_|  |_|_| \_\\____|_| |_|\___|_| |_| |_|                   ***
***                                                                     ***
***         VERSION            1.1.0-alpha                              ***
***                                                                     ***
***         Git branch         finite-nuc                               ***
***         Git commit hash    c178fd54279bf4425d78                     ***
***         Git commit author  Stig Rune Jensen                         ***
***         Git commit date    Wed Jun 22 12:55:33 2022 +0200           ***
***                                                                     ***
***         Contact: luca.frediani@uit.no                               ***
***                                                                     ***
***         Radovan Bast            Magnar Bjorgve                      ***
***         Roberto Di Remigio      Antoine Durdek                      ***
***         Luca Frediani           Gabriel Gerez                       ***
***         Stig Rune Jensen        Jonas Juselius                      ***
***         Rune Monstad            Peter Wind                          ***
***                                                                     ***
***************************************************************************

---------------------------------------------------------------------------

 MPI processes           :       (24 bank)                              72
 OpenMP threads          :                                              15
 Total cores             :                                             744
                                                                           
---------------------------------------------------------------------------

XCFun DFT library Copyright 2009-2020 Ulf Ekstrom and contributors.
See http://dftlibs.org/xcfun/ for more information.

This is free software; see the source code for copying conditions.
There is ABSOLUTELY NO WARRANTY; not even for MERCHANTABILITY or
FITNESS FOR A PARTICULAR PURPOSE. For details see the documentation.
Scientific users of this library should cite
U. Ekstrom, L. Visscher, R. Bast, A. J. Thorvaldsen and K. Ruud;
J.Chem.Theor.Comp. 2010, DOI: 10.1021/ct100117s

---------------------------------------------------------------------------

 MRCPP version         : 1.4.1
 Git branch            : HEAD
 Git commit hash       : 75d41879b1908a94a452
 Git commit author     : Stig Rune Jensen
 Git commit date       : Thu Jan 6 11:38:53 2022 +0100

 Linear algebra        : EIGEN v3.4.0
 Parallelization       : MPI/OpenMP (15 threads)

---------------------------------------------------------------------------


                                                                           
===========================================================================
                         MultiResolution Analysis
---------------------------------------------------------------------------
 polynomial order      : 9
 polynomial type       : Interpolating
---------------------------------------------------------------------------
 total boxes           : 8
 boxes                 : [          2           2           2 ]
 unit lengths          : [   32.00000    32.00000    32.00000 ]
 scaling factor        : [    1.00000     1.00000     1.00000 ]
 lower bounds          : [  -32.00000   -32.00000   -32.00000 ]
 upper bounds          : [   32.00000    32.00000    32.00000 ]
 total length          : [   64.00000    64.00000    64.00000 ]
===========================================================================


                                                                           
***************************************************************************
***                                                                     ***
***                        Initializing Molecule                        ***
***                                                                     ***
***************************************************************************
                                                                           
                                                                           
===========================================================================
                                 Molecule
---------------------------------------------------------------------------
 Charge                  :                                               0
 Multiplicity            :                                               1
---------------------------------------------------------------------------
    N    Atom            :               x               y               z
---------------------------------------------------------------------------
    0      Kr            :        0.100000        0.100000        0.100000
---------------------------------------------------------------------------
 Center of mass          :        0.100000        0.100000        0.100000
===========================================================================


                                                                           
***************************************************************************
***                                                                     ***
***                 Computing Ground State Wavefunction                 ***
***                                                                     ***
***************************************************************************
                                                                           
                                                                           
Nuclear exponent: 1.000000e+08
~~~~~~~~~~~~~~~~~~~~~~~~~~~~~~~~~~~~~~~~~~~~~~~~~~~~~~~~~~~~~~~~~~~~~~~~~~~
 Calculation             : Compute initial orbitals
 Method                  : Diagonalize SAD Hamiltonian
 Precision               : 1.00000e-03
 Screening               : 1.20000e+01 StdDev
 Restricted              : True
 Functional              : LDA (SVWN5)
 AO basis                : Hydrogenic orbitals
 Zeta quality            : 2
~~~~~~~~~~~~~~~~~~~~~~~~~~~~~~~~~~~~~~~~~~~~~~~~~~~~~~~~~~~~~~~~~~~~~~~~~~~


===========================================================================
                            Molecular Orbitals
---------------------------------------------------------------------------
 Alpha electrons         :                                              18
 Beta electrons          :                                              18
 Total electrons         :                                              36
---------------------------------------------------------------------------
    n  Occ Spin          :                                            Norm
---------------------------------------------------------------------------
    0    2    p          :                              9.999402762416e-01
    1    2    p          :                              1.000013229154e+00
    2    2    p          :                              9.997792400258e-01
    3    2    p          :                              9.997792407136e-01
    4    2    p          :                              9.999999976937e-01
    5    2    p          :                              1.000003997289e+00
    6    2    p          :                              1.000000020885e+00
    7    2    p          :                              1.000034094221e+00
    8    2    p          :                              1.000034095329e+00
    9    2    p          :                              9.999999995234e-01
   10    2    p          :                              9.999999996201e-01
   11    2    p          :                              9.999999999620e-01
   12    2    p          :                              9.999999979320e-01
   13    2    p          :                              9.999999979320e-01
   14    2    p          :                              1.000001635718e+00
   15    2    p          :                              1.000000009295e+00
   16    2    p          :                              1.000022644801e+00
   17    2    p          :                              1.000022644801e+00
===========================================================================


~~~~~~~~~~~~~~~~~~~~~~~~~~~~~~~~~~~~~~~~~~~~~~~~~~~~~~~~~~~~~~~~~~~~~~~~~~~
 Calculation             : Compute initial energy
 Method                  : DFT (PBE)
 Relativity              : ZORA (V_nuc + J + V_xc)
 Precision               : 1.00000e-03
 Localization            : Off
~~~~~~~~~~~~~~~~~~~~~~~~~~~~~~~~~~~~~~~~~~~~~~~~~~~~~~~~~~~~~~~~~~~~~~~~~~~


===========================================================================
                        Molecular Energy (initial)
---------------------------------------------------------------------------
 Kinetic energy          :            (au)               2981.484480344354
 E-N energy              :            (au)              -6955.504237860598
 Coulomb energy          :            (au)               1355.364751158028
 Exchange energy         :            (au)                  0.000000000000
 X-C energy              :            (au)               -104.462545453281
 Ext. field (el)         :            (au)                  0.000000000000
---------------------------------------------------------------------------
 N-N energy              :            (au)                  0.000000000000
 Ext. field (nuc)        :            (au)                  0.000000000000
 Tot. Reac. Energy       :            (au)                  0.000000000000
 El. Reac. Energy        :            (au)                  0.000000000000
 Nuc. Reac. Energy       :            (au)                  0.000000000000
---------------------------------------------------------------------------
 Electronic energy       :            (au)              -2723.117551811496
 Nuclear energy          :            (au)                  0.000000000000
---------------------------------------------------------------------------
 Total energy            :            (au)             -2.723117551811e+03
                         :      (kcal/mol)             -1.708782062749e+06
                         :        (kJ/mol)             -7.149544150542e+06
                         :            (eV)             -7.409980349557e+04
===========================================================================


===========================================================================
                        Orbital Energies (initial)
---------------------------------------------------------------------------
    n  Occ Spin          :                                         Epsilon
---------------------------------------------------------------------------
    0    2    p          :            (au)               -502.350155409092
    1    2    p          :            (au)                -59.465509502879
    2    2    p          :            (au)                -52.843340002897
    3    2    p          :            (au)                -51.157887032713
    4    2    p          :            (au)                -50.863223034802
    5    2    p          :            (au)                 -4.650493976074
    6    2    p          :            (au)                 -2.442375307565
    7    2    p          :            (au)                 -2.435261471022
    8    2    p          :            (au)                 -2.433433208530
    9    2    p          :            (au)                  2.329051094656
   10    2    p          :            (au)                  2.330383840308
   11    2    p          :            (au)                  2.330402981457
   12    2    p          :            (au)                  2.331713300356
   13    2    p          :            (au)                  2.331746532917
   14    2    p          :            (au)                  3.273128766788
   15    2    p          :            (au)                  4.614762479433
   16    2    p          :            (au)                  4.617879759247
   17    2    p          :            (au)                  4.617918964417
---------------------------------------------------------------------------
 Sum occupied            :            (au)              -1399.729382451991
===========================================================================


~~~~~~~~~~~~~~~~~~~~~~~~~~~~~~~~~~~~~~~~~~~~~~~~~~~~~~~~~~~~~~~~~~~~~~~~~~~
 Calculation             : Optimize ground state orbitals
 Method                  : DFT (PBE)
 Relativity              : ZORA (V_nuc + J + V_xc)
 Checkpointing           : Off
 Max iterations          : 100
 KAIN solver             : 7
 Localization            : Off
 Diagonalization         : First two iterations
 Start precision         : 1.00000e-06
 Final precision         : 1.00000e-06
 Helmholtz precision     : Dynamic
 Energy threshold        : Off
 Orbital threshold       : 1.00000e-05
~~~~~~~~~~~~~~~~~~~~~~~~~~~~~~~~~~~~~~~~~~~~~~~~~~~~~~~~~~~~~~~~~~~~~~~~~~~


===========================================================================
 Iter           MO residual             Total energy                Update
---------------------------------------------------------------------------
    0          4.242641e+00       -2723.117551811496         -2.723118e+03
    1          1.445490e+00       -2806.617370540705         -8.349982e+01
    2          5.248393e-01       -2809.706664185810         -3.089294e+00
    3          1.496971e-01       -2809.977839044891         -2.711749e-01
    4          4.761707e-02       -2810.008882752203         -3.104371e-02
    5          1.908749e-02       -2810.016488321311         -7.605569e-03
    6          5.747738e-03       -2810.017027923092         -5.396018e-04
    7          9.986852e-04       -2810.017242676542         -2.147534e-04
    8          3.303028e-04       -2810.017317023187         -7.434665e-05
    9          7.404786e-05       -2810.017321313079         -4.289892e-06
   10          1.763019e-05       -2810.017325919579         -4.606500e-06
---------------------------------------------------------------------------
                      SCF converged in 10 iterations!
===========================================================================


                                                                           
***************************************************************************
***                                                                     ***
***                    Printing Molecular Properties                    ***
***                                                                     ***
***************************************************************************
                                                                           
                                                                           
===========================================================================
                                 Molecule
---------------------------------------------------------------------------
 Charge                  :                                               0
 Multiplicity            :                                               1
---------------------------------------------------------------------------
    N    Atom            :               x               y               z
---------------------------------------------------------------------------
    0      Kr            :        0.100000        0.100000        0.100000
---------------------------------------------------------------------------
 Center of mass          :        0.100000        0.100000        0.100000
===========================================================================


===========================================================================
                         Molecular Energy (final)
---------------------------------------------------------------------------
 Kinetic energy          :            (au)               2874.385649523168
 E-N energy              :            (au)              -6770.980868729152
 Coulomb energy          :            (au)               1183.380214864473
 Exchange energy         :            (au)                  0.000000000000
 X-C energy              :            (au)                -96.802321578069
 Ext. field (el)         :            (au)                  0.000000000000
---------------------------------------------------------------------------
 N-N energy              :            (au)                  0.000000000000
 Ext. field (nuc)        :            (au)                  0.000000000000
 Tot. Reac. Energy       :            (au)                  0.000000000000
 El. Reac. Energy        :            (au)                  0.000000000000
 Nuc. Reac. Energy       :            (au)                  0.000000000000
---------------------------------------------------------------------------
 Electronic energy       :            (au)              -2810.017325919579
 Nuclear energy          :            (au)                  0.000000000000
---------------------------------------------------------------------------
 Total energy            :            (au)             -2.810017325920e+03
                         :      (kcal/mol)             -1.763312494296e+06
                         :        (kJ/mol)             -7.377699476134e+06
                         :            (eV)             -7.646446681352e+04
===========================================================================


===========================================================================
                         Orbital Energies (final)
---------------------------------------------------------------------------
    n  Occ Spin          :                                         Epsilon
---------------------------------------------------------------------------
    0    2    p          :            (au)               -528.968273962867
    1    2    p          :            (au)                -68.703115002013
    2    2    p          :            (au)                -60.732559324206
    3    2    p          :            (au)                -60.732559300336
    4    2    p          :            (au)                -60.732559188161
    5    2    p          :            (au)                 -9.703192762555
    6    2    p          :            (au)                 -7.173770174822
    7    2    p          :            (au)                 -7.173770157225
    8    2    p          :            (au)                 -7.173770064807
    9    2    p          :            (au)                 -2.992558283123
   10    2    p          :            (au)                 -2.992558273121
   11    2    p          :            (au)                 -2.992558215839
   12    2    p          :            (au)                 -2.992558207519
   13    2    p          :            (au)                 -2.992558158967
   14    2    p          :            (au)                 -0.846878952770
   15    2    p          :            (au)                 -0.339782547972
   16    2    p          :            (au)                 -0.339782544896
   17    2    p          :            (au)                 -0.339782524293
---------------------------------------------------------------------------
 Sum occupied            :            (au)              -1655.845175290980
===========================================================================


===========================================================================
                           Dipole Moment (dip-1)
---------------------------------------------------------------------------
 r_O                     :        0.000000        0.000000        0.000000
---------------------------------------------------------------------------
 Electronic vector       :       -3.600000       -3.600000       -3.600000
 Magnitude               :            (au)                        6.235383
                         :         (Debye)                       15.848763
---------------------------------------------------------------------------
 Nuclear vector          :        3.600000        3.600000        3.600000
 Magnitude               :            (au)                        6.235383
                         :         (Debye)                       15.848763
---------------------------------------------------------------------------
 Total vector            :       -0.000000       -0.000000       -0.000000
 Magnitude               :            (au)                        0.000000
                         :         (Debye)                        0.000000
===========================================================================


                                                                           
                                                                           
***************************************************************************
***                                                                     ***
***                            Exiting MRChem                           ***
***                                                                     ***
***                       Wall time :  0h  5m 10s                       ***
***                                                                     ***
***************************************************************************
                                                                           
                                                                           
