                                                                           
                                                                           
***************************************************************************
***                                                                     ***
***                                                                     ***
***          __  __ ____   ____ _                                       ***
***         |  \/  |  _ \ / ___| |__   ___ _ __ ___                     ***
***         | |\/| | |_) | |   | '_ \ / _ \ '_ ` _ \                    ***
***         | |  | |  _ <| |___| | | |  __/ | | | | |                   ***
***         |_|  |_|_| \_\\____|_| |_|\___|_| |_| |_|                   ***
***                                                                     ***
***         VERSION            1.1.0-alpha                              ***
***                                                                     ***
***         Git branch         master                                   ***
***         Git commit hash    2d0f602bc399ffd54430                     ***
***         Git commit author  Stig Rune Jensen                         ***
***         Git commit date    Tue Jun 21 10:13:47 2022 +0200           ***
***                                                                     ***
***         Contact: luca.frediani@uit.no                               ***
***                                                                     ***
***         Radovan Bast            Magnar Bjorgve                      ***
***         Roberto Di Remigio      Antoine Durdek                      ***
***         Luca Frediani           Gabriel Gerez                       ***
***         Stig Rune Jensen        Jonas Juselius                      ***
***         Rune Monstad            Peter Wind                          ***
***                                                                     ***
***************************************************************************

---------------------------------------------------------------------------

 MPI processes           :       (32 bank)                              96
 OpenMP threads          :                                              15
 Total cores             :                                             992
                                                                           
---------------------------------------------------------------------------

XCFun DFT library Copyright 2009-2020 Ulf Ekstrom and contributors.
See http://dftlibs.org/xcfun/ for more information.

This is free software; see the source code for copying conditions.
There is ABSOLUTELY NO WARRANTY; not even for MERCHANTABILITY or
FITNESS FOR A PARTICULAR PURPOSE. For details see the documentation.
Scientific users of this library should cite
U. Ekstrom, L. Visscher, R. Bast, A. J. Thorvaldsen and K. Ruud;
J.Chem.Theor.Comp. 2010, DOI: 10.1021/ct100117s

---------------------------------------------------------------------------

 MRCPP version         : 1.4.1
 Git branch            : HEAD
 Git commit hash       : 75d41879b1908a94a452
 Git commit author     : Stig Rune Jensen
 Git commit date       : Thu Jan 6 11:38:53 2022 +0100

 Linear algebra        : EIGEN v3.4.0
 Parallelization       : MPI/OpenMP (15 threads)

---------------------------------------------------------------------------


                                                                           
===========================================================================
                         MultiResolution Analysis
---------------------------------------------------------------------------
 polynomial order      : 9
 polynomial type       : Interpolating
---------------------------------------------------------------------------
 total boxes           : 8
 boxes                 : [          2           2           2 ]
 unit lengths          : [   32.00000    32.00000    32.00000 ]
 scaling factor        : [    1.00000     1.00000     1.00000 ]
 lower bounds          : [  -32.00000   -32.00000   -32.00000 ]
 upper bounds          : [   32.00000    32.00000    32.00000 ]
 total length          : [   64.00000    64.00000    64.00000 ]
===========================================================================


                                                                           
***************************************************************************
***                                                                     ***
***                        Initializing Molecule                        ***
***                                                                     ***
***************************************************************************
                                                                           
                                                                           
===========================================================================
                                 Molecule
---------------------------------------------------------------------------
 Charge                  :                                               0
 Multiplicity            :                                               1
---------------------------------------------------------------------------
    N    Atom            :               x               y               z
---------------------------------------------------------------------------
    0      Xe            :        0.100000        0.100000        0.100000
---------------------------------------------------------------------------
 Center of mass          :        0.100000        0.100000        0.100000
===========================================================================


                                                                           
***************************************************************************
***                                                                     ***
***                 Computing Ground State Wavefunction                 ***
***                                                                     ***
***************************************************************************
                                                                           
                                                                           
~~~~~~~~~~~~~~~~~~~~~~~~~~~~~~~~~~~~~~~~~~~~~~~~~~~~~~~~~~~~~~~~~~~~~~~~~~~
 Calculation             : Compute initial orbitals
 Method                  : Diagonalize SAD Hamiltonian
 Precision               : 1.00000e-03
 Screening               : 1.20000e+01 StdDev
 Restricted              : True
 Functional              : LDA (SVWN5)
 AO basis                : Hydrogenic orbitals
 Zeta quality            : 2
~~~~~~~~~~~~~~~~~~~~~~~~~~~~~~~~~~~~~~~~~~~~~~~~~~~~~~~~~~~~~~~~~~~~~~~~~~~


===========================================================================
                            Molecular Orbitals
---------------------------------------------------------------------------
 Alpha electrons         :                                              27
 Beta electrons          :                                              27
 Total electrons         :                                              54
---------------------------------------------------------------------------
    n  Occ Spin          :                                            Norm
---------------------------------------------------------------------------
    0    2    p          :                              9.998624335697e-01
    1    2    p          :                              1.000032784465e+00
    2    2    p          :                              9.994589207536e-01
    3    2    p          :                              9.998135503558e-01
    4    2    p          :                              9.999604885992e-01
    5    2    p          :                              1.000007449866e+00
    6    2    p          :                              1.000035375984e+00
    7    2    p          :                              1.000150102281e+00
    8    2    p          :                              1.000017404893e+00
    9    2    p          :                              9.999999911388e-01
   10    2    p          :                              1.000386226138e+00
   11    2    p          :                              9.998071191511e-01
   12    2    p          :                              9.981190530516e-01
   13    2    p          :                              1.000000022007e+00
   14    2    p          :                              1.000000704229e+00
   15    2    p          :                              1.000007638430e+00
   16    2    p          :                              1.000036557574e+00
   17    2    p          :                              1.000000814793e+00
   18    2    p          :                              9.999999995340e-01
   19    2    p          :                              9.999889508907e-01
   20    2    p          :                              1.000062637403e+00
   21    2    p          :                              1.000195176654e+00
   22    2    p          :                              1.000000000006e+00
   23    2    p          :                              9.999999390923e-01
   24    2    p          :                              9.999999979509e-01
   25    2    p          :                              9.999999973828e-01
   26    2    p          :                              9.999999946580e-01
===========================================================================


~~~~~~~~~~~~~~~~~~~~~~~~~~~~~~~~~~~~~~~~~~~~~~~~~~~~~~~~~~~~~~~~~~~~~~~~~~~
 Calculation             : Compute initial energy
 Method                  : DFT (PBE)
 Relativity              : None
 Precision               : 1.00000e-03
 Localization            : Off
~~~~~~~~~~~~~~~~~~~~~~~~~~~~~~~~~~~~~~~~~~~~~~~~~~~~~~~~~~~~~~~~~~~~~~~~~~~


===========================================================================
                        Molecular Energy (initial)
---------------------------------------------------------------------------
 Kinetic energy          :            (au)               7971.115780334773
 E-N energy              :            (au)             -18217.585113825389
 Coulomb energy          :            (au)               3408.740236391067
 Exchange energy         :            (au)                  0.000000000000
 X-C energy              :            (au)               -200.950738075846
 Ext. field (el)         :            (au)                  0.000000000000
---------------------------------------------------------------------------
 N-N energy              :            (au)                  0.000000000000
 Ext. field (nuc)        :            (au)                  0.000000000000
 Tot. Reac. Energy       :            (au)                  0.000000000000
 El. Reac. Energy        :            (au)                  0.000000000000
 Nuc. Reac. Energy       :            (au)                  0.000000000000
---------------------------------------------------------------------------
 Electronic energy       :            (au)              -7038.679835175394
 Nuclear energy          :            (au)                  0.000000000000
---------------------------------------------------------------------------
 Total energy            :            (au)             -7.038679835175e+03
                         :      (kcal/mol)             -4.416838281469e+06
                         :        (kJ/mol)             -1.848005136967e+07
                         :            (eV)             -1.915322356568e+05
===========================================================================


===========================================================================
                        Orbital Energies (initial)
---------------------------------------------------------------------------
    n  Occ Spin          :                                         Epsilon
---------------------------------------------------------------------------
    0    2    p          :            (au)              -1169.119546319884
    1    2    p          :            (au)               -168.438625164994
    2    2    p          :            (au)               -157.073666620844
    3    2    p          :            (au)               -153.535667528002
    4    2    p          :            (au)               -148.342909198949
    5    2    p          :            (au)                -25.686180094835
    6    2    p          :            (au)                -21.016949926934
    7    2    p          :            (au)                -21.013216437666
    8    2    p          :            (au)                -20.938073738162
    9    2    p          :            (au)                -12.374158216376
   10    2    p          :            (au)                -12.374103511895
   11    2    p          :            (au)                -12.142981193162
   12    2    p          :            (au)                -11.758710935108
   13    2    p          :            (au)                 -3.816287205204
   14    2    p          :            (au)                 -0.199708437275
   15    2    p          :            (au)                  1.304216504501
   16    2    p          :            (au)                  1.304816492733
   17    2    p          :            (au)                  1.316268070484
   18    2    p          :            (au)                  7.922287459897
   19    2    p          :            (au)                  7.923172271965
   20    2    p          :            (au)                  7.927413752387
   21    2    p          :            (au)                  8.066991571494
   22    2    p          :            (au)                  9.780517353315
   23    2    p          :            (au)                 10.393453473120
   24    2    p          :            (au)                 11.778914385490
   25    2    p          :            (au)                 11.779056777846
   26    2    p          :            (au)                 11.781698352271
---------------------------------------------------------------------------
 Sum occupied            :            (au)              -3693.103956127571
===========================================================================


~~~~~~~~~~~~~~~~~~~~~~~~~~~~~~~~~~~~~~~~~~~~~~~~~~~~~~~~~~~~~~~~~~~~~~~~~~~
 Calculation             : Optimize ground state orbitals
 Method                  : DFT (PBE)
 Relativity              : None
 Checkpointing           : Off
 Max iterations          : 100
 KAIN solver             : 7
 Localization            : Off
 Diagonalization         : First two iterations
 Start precision         : 1.00000e-06
 Final precision         : 1.00000e-06
 Helmholtz precision     : Dynamic
 Energy threshold        : Off
 Orbital threshold       : 1.00000e-05
~~~~~~~~~~~~~~~~~~~~~~~~~~~~~~~~~~~~~~~~~~~~~~~~~~~~~~~~~~~~~~~~~~~~~~~~~~~


===========================================================================
 Iter           MO residual             Total energy                Update
---------------------------------------------------------------------------
    0          5.196152e+00       -7038.679835175394         -7.038680e+03
    1          1.956766e+00       -7222.939693684822         -1.842599e+02
    2          1.078530e+00       -7232.614655128772         -9.674961e+00
    3          3.096319e-01       -7233.987864736021         -1.373210e+00
    4          1.839461e-01       -7234.176685835393         -1.888211e-01
    5          5.452410e-02       -7234.212819844071         -3.613401e-02
    6          2.462233e-02       -7234.229598276001         -1.677843e-02
    7          7.595435e-03       -7234.232921262731         -3.322987e-03
    8          1.640163e-03       -7234.233234921569         -3.136588e-04
    9          3.815905e-04       -7234.233254379657         -1.945809e-05
   10          1.609834e-04       -7234.233255721010         -1.341354e-06
   11          1.013359e-04       -7234.233256240204         -5.191941e-07
   12          6.298998e-05       -7234.233256345943         -1.057388e-07
   13          3.031841e-05       -7234.233256377586         -3.164314e-08
   14          1.746441e-05       -7234.233256393058         -1.547141e-08
   15          4.504066e-06       -7234.233256394320         -1.262379e-09
---------------------------------------------------------------------------
                      SCF converged in 15 iterations!
===========================================================================


                                                                           
***************************************************************************
***                                                                     ***
***                    Printing Molecular Properties                    ***
***                                                                     ***
***************************************************************************
                                                                           
                                                                           
===========================================================================
                                 Molecule
---------------------------------------------------------------------------
 Charge                  :                                               0
 Multiplicity            :                                               1
---------------------------------------------------------------------------
    N    Atom            :               x               y               z
---------------------------------------------------------------------------
    0      Xe            :        0.100000        0.100000        0.100000
---------------------------------------------------------------------------
 Center of mass          :        0.100000        0.100000        0.100000
===========================================================================


===========================================================================
                         Molecular Energy (final)
---------------------------------------------------------------------------
 Kinetic energy          :            (au)               7231.633010490140
 E-N energy              :            (au)             -17165.972295899170
 Coulomb energy          :            (au)               2881.259804970696
 Exchange energy         :            (au)                  0.000000000000
 X-C energy              :            (au)               -181.153775955985
 Ext. field (el)         :            (au)                  0.000000000000
---------------------------------------------------------------------------
 N-N energy              :            (au)                  0.000000000000
 Ext. field (nuc)        :            (au)                  0.000000000000
 Tot. Reac. Energy       :            (au)                  0.000000000000
 El. Reac. Energy        :            (au)                  0.000000000000
 Nuc. Reac. Energy       :            (au)                  0.000000000000
---------------------------------------------------------------------------
 Electronic energy       :            (au)              -7234.233256394320
 Nuclear energy          :            (au)                  0.000000000000
---------------------------------------------------------------------------
 Total energy            :            (au)             -7.234233256394e+03
                         :      (kcal/mol)             -4.539549905969e+06
                         :        (kJ/mol)             -1.899347680658e+07
                         :            (eV)             -1.968535153333e+05
===========================================================================


===========================================================================
                         Orbital Energies (final)
---------------------------------------------------------------------------
    n  Occ Spin          :                                         Epsilon
---------------------------------------------------------------------------
    0    2    p          :            (au)              -1209.944493969070
    1    2    p          :            (au)               -183.475281267670
    2    2    p          :            (au)               -172.653691382143
    3    2    p          :            (au)               -172.653690572424
    4    2    p          :            (au)               -172.653690461495
    5    2    p          :            (au)                -37.456995218958
    6    2    p          :            (au)                -32.880251716814
    7    2    p          :            (au)                -32.880251546503
    8    2    p          :            (au)                -32.880251154117
    9    2    p          :            (au)                -24.370658471835
   10    2    p          :            (au)                -24.370658177354
   11    2    p          :            (au)                -24.370658081482
   12    2    p          :            (au)                -24.370657205853
   13    2    p          :            (au)                -24.370657036157
   14    2    p          :            (au)                 -6.697863856919
   15    2    p          :            (au)                 -5.073136667136
   16    2    p          :            (au)                 -5.073136565964
   17    2    p          :            (au)                 -5.073136551204
   18    2    p          :            (au)                 -2.283998827147
   19    2    p          :            (au)                 -2.283998735009
   20    2    p          :            (au)                 -2.283998702262
   21    2    p          :            (au)                 -2.283998538998
   22    2    p          :            (au)                 -2.283998463058
   23    2    p          :            (au)                 -0.664641507892
   24    2    p          :            (au)                 -0.304638808186
   25    2    p          :            (au)                 -0.304637996114
   26    2    p          :            (au)                 -0.304637937357
---------------------------------------------------------------------------
 Sum occupied            :            (au)              -4408.495418838248
===========================================================================


===========================================================================
                           Dipole Moment (dip-1)
---------------------------------------------------------------------------
 r_O                     :        0.000000        0.000000        0.000000
---------------------------------------------------------------------------
 Electronic vector       :       -5.400000       -5.400000       -5.400000
 Magnitude               :            (au)                        9.353074
                         :         (Debye)                       23.773144
---------------------------------------------------------------------------
 Nuclear vector          :        5.400000        5.400000        5.400000
 Magnitude               :            (au)                        9.353074
                         :         (Debye)                       23.773144
---------------------------------------------------------------------------
 Total vector            :        0.000000        0.000000       -0.000000
 Magnitude               :            (au)                        0.000000
                         :         (Debye)                        0.000000
===========================================================================


                                                                           
                                                                           
***************************************************************************
***                                                                     ***
***                            Exiting MRChem                           ***
***                                                                     ***
***                       Wall time :  0h  8m 46s                       ***
***                                                                     ***
***************************************************************************
                                                                           
                                                                           
