                                                                           
                                                                           
***************************************************************************
***                                                                     ***
***                                                                     ***
***          __  __ ____   ____ _                                       ***
***         |  \/  |  _ \ / ___| |__   ___ _ __ ___                     ***
***         | |\/| | |_) | |   | '_ \ / _ \ '_ ` _ \                    ***
***         | |  | |  _ <| |___| | | |  __/ | | | | |                   ***
***         |_|  |_|_| \_\\____|_| |_|\___|_| |_| |_|                   ***
***                                                                     ***
***         VERSION            1.1.0-alpha                              ***
***                                                                     ***
***         Git branch         master                                   ***
***         Git commit hash    2d0f602bc399ffd54430                     ***
***         Git commit author  Stig Rune Jensen                         ***
***         Git commit date    Tue Jun 21 10:13:47 2022 +0200           ***
***                                                                     ***
***         Contact: luca.frediani@uit.no                               ***
***                                                                     ***
***         Radovan Bast            Magnar Bjorgve                      ***
***         Roberto Di Remigio      Antoine Durdek                      ***
***         Luca Frediani           Gabriel Gerez                       ***
***         Stig Rune Jensen        Jonas Juselius                      ***
***         Rune Monstad            Peter Wind                          ***
***                                                                     ***
***************************************************************************

---------------------------------------------------------------------------

 MPI processes           :       (32 bank)                              96
 OpenMP threads          :                                              15
 Total cores             :                                             992
                                                                           
---------------------------------------------------------------------------

XCFun DFT library Copyright 2009-2020 Ulf Ekstrom and contributors.
See http://dftlibs.org/xcfun/ for more information.

This is free software; see the source code for copying conditions.
There is ABSOLUTELY NO WARRANTY; not even for MERCHANTABILITY or
FITNESS FOR A PARTICULAR PURPOSE. For details see the documentation.
Scientific users of this library should cite
U. Ekstrom, L. Visscher, R. Bast, A. J. Thorvaldsen and K. Ruud;
J.Chem.Theor.Comp. 2010, DOI: 10.1021/ct100117s

---------------------------------------------------------------------------

 MRCPP version         : 1.4.1
 Git branch            : HEAD
 Git commit hash       : 75d41879b1908a94a452
 Git commit author     : Stig Rune Jensen
 Git commit date       : Thu Jan 6 11:38:53 2022 +0100

 Linear algebra        : EIGEN v3.4.0
 Parallelization       : MPI/OpenMP (15 threads)

---------------------------------------------------------------------------


                                                                           
===========================================================================
                         MultiResolution Analysis
---------------------------------------------------------------------------
 polynomial order      : 9
 polynomial type       : Interpolating
---------------------------------------------------------------------------
 total boxes           : 8
 boxes                 : [          2           2           2 ]
 unit lengths          : [   32.00000    32.00000    32.00000 ]
 scaling factor        : [    1.00000     1.00000     1.00000 ]
 lower bounds          : [  -32.00000   -32.00000   -32.00000 ]
 upper bounds          : [   32.00000    32.00000    32.00000 ]
 total length          : [   64.00000    64.00000    64.00000 ]
===========================================================================


                                                                           
***************************************************************************
***                                                                     ***
***                        Initializing Molecule                        ***
***                                                                     ***
***************************************************************************
                                                                           
                                                                           
===========================================================================
                                 Molecule
---------------------------------------------------------------------------
 Charge                  :                                               0
 Multiplicity            :                                               1
---------------------------------------------------------------------------
    N    Atom            :               x               y               z
---------------------------------------------------------------------------
    0      Xe            :        0.100000        0.100000        0.100000
---------------------------------------------------------------------------
 Center of mass          :        0.100000        0.100000        0.100000
===========================================================================


                                                                           
***************************************************************************
***                                                                     ***
***                 Computing Ground State Wavefunction                 ***
***                                                                     ***
***************************************************************************
                                                                           
                                                                           
~~~~~~~~~~~~~~~~~~~~~~~~~~~~~~~~~~~~~~~~~~~~~~~~~~~~~~~~~~~~~~~~~~~~~~~~~~~
 Calculation             : Compute initial orbitals
 Method                  : Diagonalize SAD Hamiltonian
 Precision               : 1.00000e-03
 Screening               : 1.20000e+01 StdDev
 Restricted              : True
 Functional              : LDA (SVWN5)
 AO basis                : Hydrogenic orbitals
 Zeta quality            : 2
~~~~~~~~~~~~~~~~~~~~~~~~~~~~~~~~~~~~~~~~~~~~~~~~~~~~~~~~~~~~~~~~~~~~~~~~~~~


===========================================================================
                            Molecular Orbitals
---------------------------------------------------------------------------
 Alpha electrons         :                                              27
 Beta electrons          :                                              27
 Total electrons         :                                              54
---------------------------------------------------------------------------
    n  Occ Spin          :                                            Norm
---------------------------------------------------------------------------
    0    2    p          :                              9.998624335697e-01
    1    2    p          :                              1.000032784465e+00
    2    2    p          :                              9.994638457263e-01
    3    2    p          :                              9.997946443997e-01
    4    2    p          :                              9.999604885992e-01
    5    2    p          :                              1.000007449866e+00
    6    2    p          :                              1.000033083795e+00
    7    2    p          :                              1.000152642645e+00
    8    2    p          :                              1.000017404893e+00
    9    2    p          :                              9.999999911385e-01
   10    2    p          :                              1.000386226136e+00
   11    2    p          :                              9.998071191511e-01
   12    2    p          :                              9.981190530516e-01
   13    2    p          :                              1.000000022007e+00
   14    2    p          :                              1.000000704229e+00
   15    2    p          :                              1.000006154487e+00
   16    2    p          :                              1.000039262406e+00
   17    2    p          :                              1.000000814793e+00
   18    2    p          :                              9.999999995340e-01
   19    2    p          :                              9.999889508907e-01
   20    2    p          :                              1.000062637403e+00
   21    2    p          :                              1.000195176655e+00
   22    2    p          :                              1.000000000006e+00
   23    2    p          :                              9.999999390923e-01
   24    2    p          :                              9.999999978812e-01
   25    2    p          :                              9.999999975189e-01
   26    2    p          :                              9.999999946580e-01
===========================================================================


~~~~~~~~~~~~~~~~~~~~~~~~~~~~~~~~~~~~~~~~~~~~~~~~~~~~~~~~~~~~~~~~~~~~~~~~~~~
 Calculation             : Compute initial energy
 Method                  : DFT (PBE)
 Relativity              : None
 Precision               : 1.00000e-03
 Localization            : Off
~~~~~~~~~~~~~~~~~~~~~~~~~~~~~~~~~~~~~~~~~~~~~~~~~~~~~~~~~~~~~~~~~~~~~~~~~~~


===========================================================================
                        Molecular Energy (initial)
---------------------------------------------------------------------------
 Kinetic energy          :            (au)               7971.671356544161
 E-N energy              :            (au)             -18217.568797117448
 Coulomb energy          :            (au)               3408.731148995203
 Exchange energy         :            (au)                  0.000000000000
 X-C energy              :            (au)               -200.950405425741
 Ext. field (el)         :            (au)                  0.000000000000
---------------------------------------------------------------------------
 N-N energy              :            (au)                  0.000000000000
 Ext. field (nuc)        :            (au)                  0.000000000000
 Tot. Reac. Energy       :            (au)                  0.000000000000
 El. Reac. Energy        :            (au)                  0.000000000000
 Nuc. Reac. Energy       :            (au)                  0.000000000000
---------------------------------------------------------------------------
 Electronic energy       :            (au)              -7038.116697003827
 Nuclear energy          :            (au)                  0.000000000000
---------------------------------------------------------------------------
 Total energy            :            (au)             -7.038116697004e+03
                         :      (kcal/mol)             -4.416484906931e+06
                         :        (kJ/mol)             -1.847857285060e+07
                         :            (eV)             -1.915169118865e+05
===========================================================================


===========================================================================
                        Orbital Energies (initial)
---------------------------------------------------------------------------
    n  Occ Spin          :                                         Epsilon
---------------------------------------------------------------------------
    0    2    p          :            (au)              -1169.119841996998
    1    2    p          :            (au)               -168.438911907035
    2    2    p          :            (au)               -157.073639738168
    3    2    p          :            (au)               -153.415006046099
    4    2    p          :            (au)               -148.188147865576
    5    2    p          :            (au)                -25.686361249339
    6    2    p          :            (au)                -21.017090976467
    7    2    p          :            (au)                -21.013414728659
    8    2    p          :            (au)                -20.937898552511
    9    2    p          :            (au)                -12.374363902947
   10    2    p          :            (au)                -12.374291305204
   11    2    p          :            (au)                -12.143196957874
   12    2    p          :            (au)                -11.758897118078
   13    2    p          :            (au)                 -3.816484640355
   14    2    p          :            (au)                 -0.199786688368
   15    2    p          :            (au)                  1.304123840353
   16    2    p          :            (au)                  1.304796075186
   17    2    p          :            (au)                  1.316384984777
   18    2    p          :            (au)                  7.922168843916
   19    2    p          :            (au)                  7.923056476837
   20    2    p          :            (au)                  7.927291766340
   21    2    p          :            (au)                  8.066878133939
   22    2    p          :            (au)                  9.780420280714
   23    2    p          :            (au)                 10.393296155762
   24    2    p          :            (au)                 11.778821069920
   25    2    p          :            (au)                 11.778886642744
   26    2    p          :            (au)                 11.781621047335
---------------------------------------------------------------------------
 Sum occupied            :            (au)              -3692.559176711715
===========================================================================


~~~~~~~~~~~~~~~~~~~~~~~~~~~~~~~~~~~~~~~~~~~~~~~~~~~~~~~~~~~~~~~~~~~~~~~~~~~
 Calculation             : Optimize ground state orbitals
 Method                  : DFT (PBE)
 Relativity              : None
 Checkpointing           : Off
 Max iterations          : 100
 KAIN solver             : 7
 Localization            : Off
 Diagonalization         : First two iterations
 Start precision         : 1.00000e-06
 Final precision         : 1.00000e-06
 Helmholtz precision     : Dynamic
 Energy threshold        : Off
 Orbital threshold       : 1.00000e-05
~~~~~~~~~~~~~~~~~~~~~~~~~~~~~~~~~~~~~~~~~~~~~~~~~~~~~~~~~~~~~~~~~~~~~~~~~~~


===========================================================================
 Iter           MO residual             Total energy                Update
---------------------------------------------------------------------------
    0          5.196152e+00       -7038.116697003827         -7.038117e+03
    1          1.956749e+00       -7222.942017639196         -1.848253e+02
    2          1.078503e+00       -7232.614800549125         -9.672783e+00
    3          3.096706e-01       -7233.987939466534         -1.373139e+00
    4          1.839743e-01       -7234.176692732743         -1.887533e-01
    5          5.452791e-02       -7234.212824686134         -3.613195e-02
    6          2.462426e-02       -7234.229598057640         -1.677337e-02
    7          7.595626e-03       -7234.232921156547         -3.323099e-03
    8          1.640217e-03       -7234.233234851379         -3.136948e-04
    9          3.815364e-04       -7234.233254296328         -1.944495e-05
   10          1.610057e-04       -7234.233255637952         -1.341624e-06
   11          1.013222e-04       -7234.233256157136         -5.191841e-07
   12          6.298056e-05       -7234.233256262798         -1.056624e-07
   13          3.031859e-05       -7234.233256294439         -3.164132e-08
   14          1.745420e-05       -7234.233256309923         -1.548324e-08
   15          4.507345e-06       -7234.233256311171         -1.248736e-09
---------------------------------------------------------------------------
                      SCF converged in 15 iterations!
===========================================================================


                                                                           
***************************************************************************
***                                                                     ***
***                    Printing Molecular Properties                    ***
***                                                                     ***
***************************************************************************
                                                                           
                                                                           
===========================================================================
                                 Molecule
---------------------------------------------------------------------------
 Charge                  :                                               0
 Multiplicity            :                                               1
---------------------------------------------------------------------------
    N    Atom            :               x               y               z
---------------------------------------------------------------------------
    0      Xe            :        0.100000        0.100000        0.100000
---------------------------------------------------------------------------
 Center of mass          :        0.100000        0.100000        0.100000
===========================================================================


===========================================================================
                         Molecular Energy (final)
---------------------------------------------------------------------------
 Kinetic energy          :            (au)               7231.633009950294
 E-N energy              :            (au)             -17165.972295113894
 Coulomb energy          :            (au)               2881.259804798599
 Exchange energy         :            (au)                  0.000000000000
 X-C energy              :            (au)               -181.153775946171
 Ext. field (el)         :            (au)                  0.000000000000
---------------------------------------------------------------------------
 N-N energy              :            (au)                  0.000000000000
 Ext. field (nuc)        :            (au)                  0.000000000000
 Tot. Reac. Energy       :            (au)                  0.000000000000
 El. Reac. Energy        :            (au)                  0.000000000000
 Nuc. Reac. Energy       :            (au)                  0.000000000000
---------------------------------------------------------------------------
 Electronic energy       :            (au)              -7234.233256311171
 Nuclear energy          :            (au)                  0.000000000000
---------------------------------------------------------------------------
 Total energy            :            (au)             -7.234233256311e+03
                         :      (kcal/mol)             -4.539549905917e+06
                         :        (kJ/mol)             -1.899347680636e+07
                         :            (eV)             -1.968535153311e+05
===========================================================================


===========================================================================
                         Orbital Energies (final)
---------------------------------------------------------------------------
    n  Occ Spin          :                                         Epsilon
---------------------------------------------------------------------------
    0    2    p          :            (au)              -1209.944493927037
    1    2    p          :            (au)               -183.475281271652
    2    2    p          :            (au)               -172.653691392850
    3    2    p          :            (au)               -172.653690581368
    4    2    p          :            (au)               -172.653690471090
    5    2    p          :            (au)                -37.456995220921
    6    2    p          :            (au)                -32.880251720566
    7    2    p          :            (au)                -32.880251549000
    8    2    p          :            (au)                -32.880251157935
    9    2    p          :            (au)                -24.370658475475
   10    2    p          :            (au)                -24.370658181838
   11    2    p          :            (au)                -24.370658085884
   12    2    p          :            (au)                -24.370657210808
   13    2    p          :            (au)                -24.370657040945
   14    2    p          :            (au)                 -6.697863856389
   15    2    p          :            (au)                 -5.073136666934
   16    2    p          :            (au)                 -5.073136565430
   17    2    p          :            (au)                 -5.073136551251
   18    2    p          :            (au)                 -2.283998826949
   19    2    p          :            (au)                 -2.283998734852
   20    2    p          :            (au)                 -2.283998702211
   21    2    p          :            (au)                 -2.283998538978
   22    2    p          :            (au)                 -2.283998462909
   23    2    p          :            (au)                 -0.664641507821
   24    2    p          :            (au)                 -0.304638807775
   25    2    p          :            (au)                 -0.304637996358
   26    2    p          :            (au)                 -0.304637937442
---------------------------------------------------------------------------
 Sum occupied            :            (au)              -4408.495418885333
===========================================================================


===========================================================================
                           Dipole Moment (dip-1)
---------------------------------------------------------------------------
 r_O                     :        0.000000        0.000000        0.000000
---------------------------------------------------------------------------
 Electronic vector       :       -5.400000       -5.400000       -5.400000
 Magnitude               :            (au)                        9.353074
                         :         (Debye)                       23.773144
---------------------------------------------------------------------------
 Nuclear vector          :        5.400000        5.400000        5.400000
 Magnitude               :            (au)                        9.353074
                         :         (Debye)                       23.773144
---------------------------------------------------------------------------
 Total vector            :        0.000000        0.000000       -0.000000
 Magnitude               :            (au)                        0.000000
                         :         (Debye)                        0.000000
===========================================================================


                                                                           
                                                                           
***************************************************************************
***                                                                     ***
***                            Exiting MRChem                           ***
***                                                                     ***
***                       Wall time :  0h  8m 52s                       ***
***                                                                     ***
***************************************************************************
                                                                           
                                                                           
