                                                                           
                                                                           
***************************************************************************
***                                                                     ***
***                                                                     ***
***          __  __ ____   ____ _                                       ***
***         |  \/  |  _ \ / ___| |__   ___ _ __ ___                     ***
***         | |\/| | |_) | |   | '_ \ / _ \ '_ ` _ \                    ***
***         | |  | |  _ <| |___| | | |  __/ | | | | |                   ***
***         |_|  |_|_| \_\\____|_| |_|\___|_| |_| |_|                   ***
***                                                                     ***
***         VERSION            1.1.0-alpha                              ***
***                                                                     ***
***         Git branch         master                                   ***
***         Git commit hash    2d0f602bc399ffd54430                     ***
***         Git commit author  Stig Rune Jensen                         ***
***         Git commit date    Tue Jun 21 10:13:47 2022 +0200           ***
***                                                                     ***
***         Contact: luca.frediani@uit.no                               ***
***                                                                     ***
***         Radovan Bast            Magnar Bjorgve                      ***
***         Roberto Di Remigio      Antoine Durdek                      ***
***         Luca Frediani           Gabriel Gerez                       ***
***         Stig Rune Jensen        Jonas Juselius                      ***
***         Rune Monstad            Peter Wind                          ***
***                                                                     ***
***************************************************************************

---------------------------------------------------------------------------

 MPI processes           :       (32 bank)                              96
 OpenMP threads          :                                              15
 Total cores             :                                             992
                                                                           
---------------------------------------------------------------------------

XCFun DFT library Copyright 2009-2020 Ulf Ekstrom and contributors.
See http://dftlibs.org/xcfun/ for more information.

This is free software; see the source code for copying conditions.
There is ABSOLUTELY NO WARRANTY; not even for MERCHANTABILITY or
FITNESS FOR A PARTICULAR PURPOSE. For details see the documentation.
Scientific users of this library should cite
U. Ekstrom, L. Visscher, R. Bast, A. J. Thorvaldsen and K. Ruud;
J.Chem.Theor.Comp. 2010, DOI: 10.1021/ct100117s

---------------------------------------------------------------------------

 MRCPP version         : 1.4.1
 Git branch            : HEAD
 Git commit hash       : 75d41879b1908a94a452
 Git commit author     : Stig Rune Jensen
 Git commit date       : Thu Jan 6 11:38:53 2022 +0100

 Linear algebra        : EIGEN v3.4.0
 Parallelization       : MPI/OpenMP (15 threads)

---------------------------------------------------------------------------


                                                                           
===========================================================================
                         MultiResolution Analysis
---------------------------------------------------------------------------
 polynomial order      : 9
 polynomial type       : Interpolating
---------------------------------------------------------------------------
 total boxes           : 8
 boxes                 : [          2           2           2 ]
 unit lengths          : [   32.00000    32.00000    32.00000 ]
 scaling factor        : [    1.00000     1.00000     1.00000 ]
 lower bounds          : [  -32.00000   -32.00000   -32.00000 ]
 upper bounds          : [   32.00000    32.00000    32.00000 ]
 total length          : [   64.00000    64.00000    64.00000 ]
===========================================================================


                                                                           
***************************************************************************
***                                                                     ***
***                        Initializing Molecule                        ***
***                                                                     ***
***************************************************************************
                                                                           
                                                                           
===========================================================================
                                 Molecule
---------------------------------------------------------------------------
 Charge                  :                                               0
 Multiplicity            :                                               1
---------------------------------------------------------------------------
    N    Atom            :               x               y               z
---------------------------------------------------------------------------
    0      Xe            :        0.100000        0.100000        0.100000
---------------------------------------------------------------------------
 Center of mass          :        0.100000        0.100000        0.100000
===========================================================================


                                                                           
***************************************************************************
***                                                                     ***
***                 Computing Ground State Wavefunction                 ***
***                                                                     ***
***************************************************************************
                                                                           
                                                                           
~~~~~~~~~~~~~~~~~~~~~~~~~~~~~~~~~~~~~~~~~~~~~~~~~~~~~~~~~~~~~~~~~~~~~~~~~~~
 Calculation             : Compute initial orbitals
 Method                  : Diagonalize SAD Hamiltonian
 Precision               : 1.00000e-03
 Screening               : 1.20000e+01 StdDev
 Restricted              : True
 Functional              : LDA (SVWN5)
 AO basis                : Hydrogenic orbitals
 Zeta quality            : 2
~~~~~~~~~~~~~~~~~~~~~~~~~~~~~~~~~~~~~~~~~~~~~~~~~~~~~~~~~~~~~~~~~~~~~~~~~~~


===========================================================================
                            Molecular Orbitals
---------------------------------------------------------------------------
 Alpha electrons         :                                              27
 Beta electrons          :                                              27
 Total electrons         :                                              54
---------------------------------------------------------------------------
    n  Occ Spin          :                                            Norm
---------------------------------------------------------------------------
    0    2    p          :                              9.998624335697e-01
    1    2    p          :                              1.000032784465e+00
    2    2    p          :                              9.999414079478e-01
    3    2    p          :                              9.994937247861e-01
    4    2    p          :                              9.999604885992e-01
    5    2    p          :                              1.000007449866e+00
    6    2    p          :                              1.000014608124e+00
    7    2    p          :                              1.000128160761e+00
    8    2    p          :                              1.000017404893e+00
    9    2    p          :                              9.999999911385e-01
   10    2    p          :                              1.000386226136e+00
   11    2    p          :                              9.998071191511e-01
   12    2    p          :                              9.981190530516e-01
   13    2    p          :                              1.000000022007e+00
   14    2    p          :                              1.000000704229e+00
   15    2    p          :                              1.000009754672e+00
   16    2    p          :                              1.000033925439e+00
   17    2    p          :                              1.000000814793e+00
   18    2    p          :                              9.999999995340e-01
   19    2    p          :                              9.999889508907e-01
   20    2    p          :                              1.000062637403e+00
   21    2    p          :                              1.000195176655e+00
   22    2    p          :                              1.000000000006e+00
   23    2    p          :                              9.999999390923e-01
   24    2    p          :                              9.999999979565e-01
   25    2    p          :                              9.999999973145e-01
   26    2    p          :                              9.999999946580e-01
===========================================================================


~~~~~~~~~~~~~~~~~~~~~~~~~~~~~~~~~~~~~~~~~~~~~~~~~~~~~~~~~~~~~~~~~~~~~~~~~~~
 Calculation             : Compute initial energy
 Method                  : DFT (PBE)
 Relativity              : None
 Precision               : 1.00000e-03
 Localization            : Off
~~~~~~~~~~~~~~~~~~~~~~~~~~~~~~~~~~~~~~~~~~~~~~~~~~~~~~~~~~~~~~~~~~~~~~~~~~~


===========================================================================
                        Molecular Energy (initial)
---------------------------------------------------------------------------
 Kinetic energy          :            (au)               7963.638676560751
 E-N energy              :            (au)             -18217.709231475281
 Coulomb energy          :            (au)               3408.814814804572
 Exchange energy         :            (au)                  0.000000000000
 X-C energy              :            (au)               -200.953415641526
 Ext. field (el)         :            (au)                  0.000000000000
---------------------------------------------------------------------------
 N-N energy              :            (au)                  0.000000000000
 Ext. field (nuc)        :            (au)                  0.000000000000
 Tot. Reac. Energy       :            (au)                  0.000000000000
 El. Reac. Energy        :            (au)                  0.000000000000
 Nuc. Reac. Energy       :            (au)                  0.000000000000
---------------------------------------------------------------------------
 Electronic energy       :            (au)              -7046.209155751484
 Nuclear energy          :            (au)                  0.000000000000
---------------------------------------------------------------------------
 Total energy            :            (au)             -7.046209155751e+03
                         :      (kcal/mol)             -4.421563001464e+06
                         :        (kJ/mol)             -1.849981959812e+07
                         :            (eV)             -1.917371189072e+05
===========================================================================


===========================================================================
                        Orbital Energies (initial)
---------------------------------------------------------------------------
    n  Occ Spin          :                                         Epsilon
---------------------------------------------------------------------------
    0    2    p          :            (au)              -1169.117241135611
    1    2    p          :            (au)               -168.436354217325
    2    2    p          :            (au)               -157.084481458405
    3    2    p          :            (au)               -156.940810433555
    4    2    p          :            (au)               -148.622481139572
    5    2    p          :            (au)                -25.684619801859
    6    2    p          :            (au)                -21.015946550166
    7    2    p          :            (au)                -21.015313300324
    8    2    p          :            (au)                -20.942835430553
    9    2    p          :            (au)                -12.372613011118
   10    2    p          :            (au)                -12.372259270651
   11    2    p          :            (au)                -12.141175257304
   12    2    p          :            (au)                -11.757071797628
   13    2    p          :            (au)                 -3.814687084279
   14    2    p          :            (au)                 -0.199049589058
   15    2    p          :            (au)                  1.304856075717
   16    2    p          :            (au)                  1.305342330571
   17    2    p          :            (au)                  1.316518287313
   18    2    p          :            (au)                  7.923267908131
   19    2    p          :            (au)                  7.924149183599
   20    2    p          :            (au)                  7.928352971272
   21    2    p          :            (au)                  8.067891581906
   22    2    p          :            (au)                  9.781326450185
   23    2    p          :            (au)                 10.394822637661
   24    2    p          :            (au)                 11.779764556599
   25    2    p          :            (au)                 11.779984897250
   26    2    p          :            (au)                 11.782443426213
---------------------------------------------------------------------------
 Sum occupied            :            (au)              -3700.456438341983
===========================================================================


~~~~~~~~~~~~~~~~~~~~~~~~~~~~~~~~~~~~~~~~~~~~~~~~~~~~~~~~~~~~~~~~~~~~~~~~~~~
 Calculation             : Optimize ground state orbitals
 Method                  : DFT (PBE)
 Relativity              : None
 Checkpointing           : Off
 Max iterations          : 100
 KAIN solver             : 7
 Localization            : Off
 Diagonalization         : First two iterations
 Start precision         : 1.00000e-06
 Final precision         : 1.00000e-06
 Helmholtz precision     : Dynamic
 Energy threshold        : Off
 Orbital threshold       : 1.00000e-05
~~~~~~~~~~~~~~~~~~~~~~~~~~~~~~~~~~~~~~~~~~~~~~~~~~~~~~~~~~~~~~~~~~~~~~~~~~~


===========================================================================
 Iter           MO residual             Total energy                Update
---------------------------------------------------------------------------
    0          5.196152e+00       -7046.209155751484         -7.046209e+03
    1          1.956854e+00       -7222.908195758611         -1.766990e+02
    2          1.078788e+00       -7232.608704829418         -9.700509e+00
    3          3.093400e-01       -7233.985905782204         -1.377201e+00
    4          1.837277e-01       -7234.176338975016         -1.904332e-01
    5          5.449563e-02       -7234.212686838277         -3.634786e-02
    6          2.460821e-02       -7234.229592755129         -1.690592e-02
    7          7.593811e-03       -7234.232921264046         -3.328509e-03
    8          1.639779e-03       -7234.233234595433         -3.133314e-04
    9          3.821523e-04       -7234.233254277216         -1.968178e-05
   10          1.608008e-04       -7234.233255625216         -1.348000e-06
   11          1.013529e-04       -7234.233256143141         -5.179254e-07
   12          6.305496e-05       -7234.233256250450         -1.073086e-07
   13          3.026933e-05       -7234.233256281982         -3.153218e-08
   14          1.752913e-05       -7234.233256297578         -1.559602e-08
   15          4.443663e-06       -7234.233256298850         -1.272383e-09
---------------------------------------------------------------------------
                      SCF converged in 15 iterations!
===========================================================================


                                                                           
***************************************************************************
***                                                                     ***
***                    Printing Molecular Properties                    ***
***                                                                     ***
***************************************************************************
                                                                           
                                                                           
===========================================================================
                                 Molecule
---------------------------------------------------------------------------
 Charge                  :                                               0
 Multiplicity            :                                               1
---------------------------------------------------------------------------
    N    Atom            :               x               y               z
---------------------------------------------------------------------------
    0      Xe            :        0.100000        0.100000        0.100000
---------------------------------------------------------------------------
 Center of mass          :        0.100000        0.100000        0.100000
===========================================================================


===========================================================================
                         Molecular Energy (final)
---------------------------------------------------------------------------
 Kinetic energy          :            (au)               7231.633011056993
 E-N energy              :            (au)             -17165.972298396297
 Coulomb energy          :            (au)               2881.259807064107
 Exchange energy         :            (au)                  0.000000000000
 X-C energy              :            (au)               -181.153776023655
 Ext. field (el)         :            (au)                  0.000000000000
---------------------------------------------------------------------------
 N-N energy              :            (au)                  0.000000000000
 Ext. field (nuc)        :            (au)                  0.000000000000
 Tot. Reac. Energy       :            (au)                  0.000000000000
 El. Reac. Energy        :            (au)                  0.000000000000
 Nuc. Reac. Energy       :            (au)                  0.000000000000
---------------------------------------------------------------------------
 Electronic energy       :            (au)              -7234.233256298850
 Nuclear energy          :            (au)                  0.000000000000
---------------------------------------------------------------------------
 Total energy            :            (au)             -7.234233256299e+03
                         :      (kcal/mol)             -4.539549905910e+06
                         :        (kJ/mol)             -1.899347680633e+07
                         :            (eV)             -1.968535153307e+05
===========================================================================


===========================================================================
                         Orbital Energies (final)
---------------------------------------------------------------------------
    n  Occ Spin          :                                         Epsilon
---------------------------------------------------------------------------
    0    2    p          :            (au)              -1209.944493879078
    1    2    p          :            (au)               -183.475281123213
    2    2    p          :            (au)               -172.653691246437
    3    2    p          :            (au)               -172.653690432186
    4    2    p          :            (au)               -172.653690321553
    5    2    p          :            (au)                -37.456995183457
    6    2    p          :            (au)                -32.880251679958
    7    2    p          :            (au)                -32.880251506621
    8    2    p          :            (au)                -32.880251108775
    9    2    p          :            (au)                -24.370658412723
   10    2    p          :            (au)                -24.370658098591
   11    2    p          :            (au)                -24.370658020180
   12    2    p          :            (au)                -24.370657155794
   13    2    p          :            (au)                -24.370656959789
   14    2    p          :            (au)                 -6.697863852648
   15    2    p          :            (au)                 -5.073136664720
   16    2    p          :            (au)                 -5.073136561459
   17    2    p          :            (au)                 -5.073136546816
   18    2    p          :            (au)                 -2.283998823336
   19    2    p          :            (au)                 -2.283998731950
   20    2    p          :            (au)                 -2.283998701843
   21    2    p          :            (au)                 -2.283998532072
   22    2    p          :            (au)                 -2.283998462256
   23    2    p          :            (au)                 -0.664641507956
   24    2    p          :            (au)                 -0.304638806742
   25    2    p          :            (au)                 -0.304637992990
   26    2    p          :            (au)                 -0.304637942169
---------------------------------------------------------------------------
 Sum occupied            :            (au)              -4408.495416510626
===========================================================================


===========================================================================
                           Dipole Moment (dip-1)
---------------------------------------------------------------------------
 r_O                     :        0.000000        0.000000        0.000000
---------------------------------------------------------------------------
 Electronic vector       :       -5.400000       -5.400000       -5.400000
 Magnitude               :            (au)                        9.353074
                         :         (Debye)                       23.773144
---------------------------------------------------------------------------
 Nuclear vector          :        5.400000        5.400000        5.400000
 Magnitude               :            (au)                        9.353074
                         :         (Debye)                       23.773144
---------------------------------------------------------------------------
 Total vector            :        0.000000        0.000000       -0.000000
 Magnitude               :            (au)                        0.000000
                         :         (Debye)                        0.000000
===========================================================================


                                                                           
                                                                           
***************************************************************************
***                                                                     ***
***                            Exiting MRChem                           ***
***                                                                     ***
***                       Wall time :  0h  8m 44s                       ***
***                                                                     ***
***************************************************************************
                                                                           
                                                                           
