                                                                           
                                                                           
***************************************************************************
***                                                                     ***
***                                                                     ***
***          __  __ ____   ____ _                                       ***
***         |  \/  |  _ \ / ___| |__   ___ _ __ ___                     ***
***         | |\/| | |_) | |   | '_ \ / _ \ '_ ` _ \                    ***
***         | |  | |  _ <| |___| | | |  __/ | | | | |                   ***
***         |_|  |_|_| \_\\____|_| |_|\___|_| |_| |_|                   ***
***                                                                     ***
***         VERSION            1.1.0-alpha                              ***
***                                                                     ***
***         Git branch         master                                   ***
***         Git commit hash    2d0f602bc399ffd54430                     ***
***         Git commit author  Stig Rune Jensen                         ***
***         Git commit date    Tue Jun 21 10:13:47 2022 +0200           ***
***                                                                     ***
***         Contact: luca.frediani@uit.no                               ***
***                                                                     ***
***         Radovan Bast            Magnar Bjorgve                      ***
***         Roberto Di Remigio      Antoine Durdek                      ***
***         Luca Frediani           Gabriel Gerez                       ***
***         Stig Rune Jensen        Jonas Juselius                      ***
***         Rune Monstad            Peter Wind                          ***
***                                                                     ***
***************************************************************************

---------------------------------------------------------------------------

 MPI processes           :       (32 bank)                              96
 OpenMP threads          :                                              15
 Total cores             :                                             992
                                                                           
---------------------------------------------------------------------------

XCFun DFT library Copyright 2009-2020 Ulf Ekstrom and contributors.
See http://dftlibs.org/xcfun/ for more information.

This is free software; see the source code for copying conditions.
There is ABSOLUTELY NO WARRANTY; not even for MERCHANTABILITY or
FITNESS FOR A PARTICULAR PURPOSE. For details see the documentation.
Scientific users of this library should cite
U. Ekstrom, L. Visscher, R. Bast, A. J. Thorvaldsen and K. Ruud;
J.Chem.Theor.Comp. 2010, DOI: 10.1021/ct100117s

---------------------------------------------------------------------------

 MRCPP version         : 1.4.1
 Git branch            : HEAD
 Git commit hash       : 75d41879b1908a94a452
 Git commit author     : Stig Rune Jensen
 Git commit date       : Thu Jan 6 11:38:53 2022 +0100

 Linear algebra        : EIGEN v3.4.0
 Parallelization       : MPI/OpenMP (15 threads)

---------------------------------------------------------------------------


                                                                           
===========================================================================
                         MultiResolution Analysis
---------------------------------------------------------------------------
 polynomial order      : 9
 polynomial type       : Interpolating
---------------------------------------------------------------------------
 total boxes           : 8
 boxes                 : [          2           2           2 ]
 unit lengths          : [   32.00000    32.00000    32.00000 ]
 scaling factor        : [    1.00000     1.00000     1.00000 ]
 lower bounds          : [  -32.00000   -32.00000   -32.00000 ]
 upper bounds          : [   32.00000    32.00000    32.00000 ]
 total length          : [   64.00000    64.00000    64.00000 ]
===========================================================================


                                                                           
***************************************************************************
***                                                                     ***
***                        Initializing Molecule                        ***
***                                                                     ***
***************************************************************************
                                                                           
                                                                           
===========================================================================
                                 Molecule
---------------------------------------------------------------------------
 Charge                  :                                               0
 Multiplicity            :                                               1
---------------------------------------------------------------------------
    N    Atom            :               x               y               z
---------------------------------------------------------------------------
    0      Xe            :        0.100000        0.100000        0.100000
---------------------------------------------------------------------------
 Center of mass          :        0.100000        0.100000        0.100000
===========================================================================


                                                                           
***************************************************************************
***                                                                     ***
***                 Computing Ground State Wavefunction                 ***
***                                                                     ***
***************************************************************************
                                                                           
                                                                           
~~~~~~~~~~~~~~~~~~~~~~~~~~~~~~~~~~~~~~~~~~~~~~~~~~~~~~~~~~~~~~~~~~~~~~~~~~~
 Calculation             : Compute initial orbitals
 Method                  : Diagonalize SAD Hamiltonian
 Precision               : 1.00000e-03
 Screening               : 1.20000e+01 StdDev
 Restricted              : True
 Functional              : LDA (SVWN5)
 AO basis                : Hydrogenic orbitals
 Zeta quality            : 2
~~~~~~~~~~~~~~~~~~~~~~~~~~~~~~~~~~~~~~~~~~~~~~~~~~~~~~~~~~~~~~~~~~~~~~~~~~~


===========================================================================
                            Molecular Orbitals
---------------------------------------------------------------------------
 Alpha electrons         :                                              27
 Beta electrons          :                                              27
 Total electrons         :                                              54
---------------------------------------------------------------------------
    n  Occ Spin          :                                            Norm
---------------------------------------------------------------------------
    0    2    p          :                              9.998624335697e-01
    1    2    p          :                              1.000032784465e+00
    2    2    p          :                              9.994895353246e-01
    3    2    p          :                              9.999455913364e-01
    4    2    p          :                              9.999604885992e-01
    5    2    p          :                              1.000007449866e+00
    6    2    p          :                              1.000019170316e+00
    7    2    p          :                              1.000123599085e+00
    8    2    p          :                              1.000017404893e+00
    9    2    p          :                              9.999999911386e-01
   10    2    p          :                              1.000386226137e+00
   11    2    p          :                              9.998071191509e-01
   12    2    p          :                              9.981190530516e-01
   13    2    p          :                              1.000000022007e+00
   14    2    p          :                              1.000000704229e+00
   15    2    p          :                              1.000005078809e+00
   16    2    p          :                              1.000041822159e+00
   17    2    p          :                              1.000000814793e+00
   18    2    p          :                              9.999999995340e-01
   19    2    p          :                              9.999889508907e-01
   20    2    p          :                              1.000062637403e+00
   21    2    p          :                              1.000195176653e+00
   22    2    p          :                              1.000000000006e+00
   23    2    p          :                              9.999999390923e-01
   24    2    p          :                              9.999999979521e-01
   25    2    p          :                              9.999999973737e-01
   26    2    p          :                              9.999999946580e-01
===========================================================================


~~~~~~~~~~~~~~~~~~~~~~~~~~~~~~~~~~~~~~~~~~~~~~~~~~~~~~~~~~~~~~~~~~~~~~~~~~~
 Calculation             : Compute initial energy
 Method                  : DFT (PBE)
 Relativity              : None
 Precision               : 1.00000e-03
 Localization            : Off
~~~~~~~~~~~~~~~~~~~~~~~~~~~~~~~~~~~~~~~~~~~~~~~~~~~~~~~~~~~~~~~~~~~~~~~~~~~


===========================================================================
                        Molecular Energy (initial)
---------------------------------------------------------------------------
 Kinetic energy          :            (au)               7963.645398647635
 E-N energy              :            (au)             -18217.711679520358
 Coulomb energy          :            (au)               3408.816461324710
 Exchange energy         :            (au)                  0.000000000000
 X-C energy              :            (au)               -200.953469843900
 Ext. field (el)         :            (au)                  0.000000000000
---------------------------------------------------------------------------
 N-N energy              :            (au)                  0.000000000000
 Ext. field (nuc)        :            (au)                  0.000000000000
 Tot. Reac. Energy       :            (au)                  0.000000000000
 El. Reac. Energy        :            (au)                  0.000000000000
 Nuc. Reac. Energy       :            (au)                  0.000000000000
---------------------------------------------------------------------------
 Electronic energy       :            (au)              -7046.203289391913
 Nuclear energy          :            (au)                  0.000000000000
---------------------------------------------------------------------------
 Total energy            :            (au)             -7.046203289392e+03
                         :      (kcal/mol)             -4.421559320268e+06
                         :        (kJ/mol)             -1.849980419600e+07
                         :            (eV)             -1.917369592754e+05
===========================================================================


===========================================================================
                        Orbital Energies (initial)
---------------------------------------------------------------------------
    n  Occ Spin          :                                         Epsilon
---------------------------------------------------------------------------
    0    2    p          :            (au)              -1169.117195732665
    1    2    p          :            (au)               -168.436307956447
    2    2    p          :            (au)               -157.084338792235
    3    2    p          :            (au)               -156.942106991968
    4    2    p          :            (au)               -148.618709070150
    5    2    p          :            (au)                -25.684586606398
    6    2    p          :            (au)                -21.015914813809
    7    2    p          :            (au)                -21.015280180491
    8    2    p          :            (au)                -20.942918248144
    9    2    p          :            (au)                -12.372537668073
   10    2    p          :            (au)                -12.372247209598
   11    2    p          :            (au)                -12.141224388415
   12    2    p          :            (au)                -11.757062272290
   13    2    p          :            (au)                 -3.814710172142
   14    2    p          :            (au)                 -0.199032056019
   15    2    p          :            (au)                  1.304799596384
   16    2    p          :            (au)                  1.305566130096
   17    2    p          :            (au)                  1.317065603099
   18    2    p          :            (au)                  7.923301813499
   19    2    p          :            (au)                  7.924143499514
   20    2    p          :            (au)                  7.928399518453
   21    2    p          :            (au)                  8.067958539140
   22    2    p          :            (au)                  9.781346730375
   23    2    p          :            (au)                 10.394811733799
   24    2    p          :            (au)                 11.779762764217
   25    2    p          :            (au)                 11.780031855708
   26    2    p          :            (au)                 11.782495327992
---------------------------------------------------------------------------
 Sum occupied            :            (au)              -3700.448978093140
===========================================================================


~~~~~~~~~~~~~~~~~~~~~~~~~~~~~~~~~~~~~~~~~~~~~~~~~~~~~~~~~~~~~~~~~~~~~~~~~~~
 Calculation             : Optimize ground state orbitals
 Method                  : DFT (PBE)
 Relativity              : None
 Checkpointing           : Off
 Max iterations          : 100
 KAIN solver             : 7
 Localization            : Off
 Diagonalization         : First two iterations
 Start precision         : 1.00000e-06
 Final precision         : 1.00000e-06
 Helmholtz precision     : Dynamic
 Energy threshold        : Off
 Orbital threshold       : 1.00000e-05
~~~~~~~~~~~~~~~~~~~~~~~~~~~~~~~~~~~~~~~~~~~~~~~~~~~~~~~~~~~~~~~~~~~~~~~~~~~


===========================================================================
 Iter           MO residual             Total energy                Update
---------------------------------------------------------------------------
    0          5.196152e+00       -7046.203289391913         -7.046203e+03
    1          1.956853e+00       -7222.907878504149         -1.767046e+02
    2          1.078793e+00       -7232.608740069893         -9.700862e+00
    3          3.093301e-01       -7233.985904914407         -1.377165e+00
    4          1.837207e-01       -7234.176340221995         -1.904353e-01
    5          5.449469e-02       -7234.212686308408         -3.634609e-02
    6          2.460776e-02       -7234.229592753140         -1.690644e-02
    7          7.593810e-03       -7234.232921270145         -3.328517e-03
    8          1.639746e-03       -7234.233234595378         -3.133252e-04
    9          3.821394e-04       -7234.233254277799         -1.968242e-05
   10          1.607725e-04       -7234.233255625572         -1.347773e-06
   11          1.013246e-04       -7234.233256143317         -5.177444e-07
   12          6.304092e-05       -7234.233256250578         -1.072613e-07
   13          3.026033e-05       -7234.233256282105         -3.152672e-08
   14          1.752258e-05       -7234.233256297674         -1.556873e-08
   15          4.435218e-06       -7234.233256298957         -1.283297e-09
---------------------------------------------------------------------------
                      SCF converged in 15 iterations!
===========================================================================


                                                                           
***************************************************************************
***                                                                     ***
***                    Printing Molecular Properties                    ***
***                                                                     ***
***************************************************************************
                                                                           
                                                                           
===========================================================================
                                 Molecule
---------------------------------------------------------------------------
 Charge                  :                                               0
 Multiplicity            :                                               1
---------------------------------------------------------------------------
    N    Atom            :               x               y               z
---------------------------------------------------------------------------
    0      Xe            :        0.100000        0.100000        0.100000
---------------------------------------------------------------------------
 Center of mass          :        0.100000        0.100000        0.100000
===========================================================================


===========================================================================
                         Molecular Energy (final)
---------------------------------------------------------------------------
 Kinetic energy          :            (au)               7231.633010321330
 E-N energy              :            (au)             -17165.972297724984
 Coulomb energy          :            (au)               2881.259807126277
 Exchange energy         :            (au)                  0.000000000000
 X-C energy              :            (au)               -181.153776021579
 Ext. field (el)         :            (au)                  0.000000000000
---------------------------------------------------------------------------
 N-N energy              :            (au)                  0.000000000000
 Ext. field (nuc)        :            (au)                  0.000000000000
 Tot. Reac. Energy       :            (au)                  0.000000000000
 El. Reac. Energy        :            (au)                  0.000000000000
 Nuc. Reac. Energy       :            (au)                  0.000000000000
---------------------------------------------------------------------------
 Electronic energy       :            (au)              -7234.233256298957
 Nuclear energy          :            (au)                  0.000000000000
---------------------------------------------------------------------------
 Total energy            :            (au)             -7.234233256299e+03
                         :      (kcal/mol)             -4.539549905910e+06
                         :        (kJ/mol)             -1.899347680633e+07
                         :            (eV)             -1.968535153307e+05
===========================================================================


===========================================================================
                         Orbital Energies (final)
---------------------------------------------------------------------------
    n  Occ Spin          :                                         Epsilon
---------------------------------------------------------------------------
    0    2    p          :            (au)              -1209.944493891772
    1    2    p          :            (au)               -183.475281126762
    2    2    p          :            (au)               -172.653691249282
    3    2    p          :            (au)               -172.653690437819
    4    2    p          :            (au)               -172.653690325887
    5    2    p          :            (au)                -37.456995185391
    6    2    p          :            (au)                -32.880251677701
    7    2    p          :            (au)                -32.880251510128
    8    2    p          :            (au)                -32.880251116043
    9    2    p          :            (au)                -24.370658412399
   10    2    p          :            (au)                -24.370658106832
   11    2    p          :            (au)                -24.370658019326
   12    2    p          :            (au)                -24.370657153700
   13    2    p          :            (au)                -24.370656973805
   14    2    p          :            (au)                 -6.697863852615
   15    2    p          :            (au)                 -5.073136664917
   16    2    p          :            (au)                 -5.073136560111
   17    2    p          :            (au)                 -5.073136547805
   18    2    p          :            (au)                 -2.283998822280
   19    2    p          :            (au)                 -2.283998731794
   20    2    p          :            (au)                 -2.283998700416
   21    2    p          :            (au)                 -2.283998534459
   22    2    p          :            (au)                 -2.283998460413
   23    2    p          :            (au)                 -0.664641507860
   24    2    p          :            (au)                 -0.304638806133
   25    2    p          :            (au)                 -0.304637991345
   26    2    p          :            (au)                 -0.304637944256
---------------------------------------------------------------------------
 Sum occupied            :            (au)              -4408.495416622495
===========================================================================


===========================================================================
                           Dipole Moment (dip-1)
---------------------------------------------------------------------------
 r_O                     :        0.000000        0.000000        0.000000
---------------------------------------------------------------------------
 Electronic vector       :       -5.400000       -5.400000       -5.400000
 Magnitude               :            (au)                        9.353074
                         :         (Debye)                       23.773144
---------------------------------------------------------------------------
 Nuclear vector          :        5.400000        5.400000        5.400000
 Magnitude               :            (au)                        9.353074
                         :         (Debye)                       23.773144
---------------------------------------------------------------------------
 Total vector            :        0.000000        0.000000       -0.000000
 Magnitude               :            (au)                        0.000000
                         :         (Debye)                        0.000000
===========================================================================


                                                                           
                                                                           
***************************************************************************
***                                                                     ***
***                            Exiting MRChem                           ***
***                                                                     ***
***                       Wall time :  0h  8m 57s                       ***
***                                                                     ***
***************************************************************************
                                                                           
                                                                           
