                                                                           
                                                                           
***************************************************************************
***                                                                     ***
***                                                                     ***
***          __  __ ____   ____ _                                       ***
***         |  \/  |  _ \ / ___| |__   ___ _ __ ___                     ***
***         | |\/| | |_) | |   | '_ \ / _ \ '_ ` _ \                    ***
***         | |  | |  _ <| |___| | | |  __/ | | | | |                   ***
***         |_|  |_|_| \_\\____|_| |_|\___|_| |_| |_|                   ***
***                                                                     ***
***         VERSION            1.1.0-alpha                              ***
***                                                                     ***
***         Git branch         master                                   ***
***         Git commit hash    2d0f602bc399ffd54430                     ***
***         Git commit author  Stig Rune Jensen                         ***
***         Git commit date    Tue Jun 21 10:13:47 2022 +0200           ***
***                                                                     ***
***         Contact: luca.frediani@uit.no                               ***
***                                                                     ***
***         Radovan Bast            Magnar Bjorgve                      ***
***         Roberto Di Remigio      Antoine Durdek                      ***
***         Luca Frediani           Gabriel Gerez                       ***
***         Stig Rune Jensen        Jonas Juselius                      ***
***         Rune Monstad            Peter Wind                          ***
***                                                                     ***
***************************************************************************

---------------------------------------------------------------------------

 MPI processes           :       (32 bank)                              96
 OpenMP threads          :                                              15
 Total cores             :                                             992
                                                                           
---------------------------------------------------------------------------

XCFun DFT library Copyright 2009-2020 Ulf Ekstrom and contributors.
See http://dftlibs.org/xcfun/ for more information.

This is free software; see the source code for copying conditions.
There is ABSOLUTELY NO WARRANTY; not even for MERCHANTABILITY or
FITNESS FOR A PARTICULAR PURPOSE. For details see the documentation.
Scientific users of this library should cite
U. Ekstrom, L. Visscher, R. Bast, A. J. Thorvaldsen and K. Ruud;
J.Chem.Theor.Comp. 2010, DOI: 10.1021/ct100117s

---------------------------------------------------------------------------

 MRCPP version         : 1.4.1
 Git branch            : HEAD
 Git commit hash       : 75d41879b1908a94a452
 Git commit author     : Stig Rune Jensen
 Git commit date       : Thu Jan 6 11:38:53 2022 +0100

 Linear algebra        : EIGEN v3.4.0
 Parallelization       : MPI/OpenMP (15 threads)

---------------------------------------------------------------------------


                                                                           
===========================================================================
                         MultiResolution Analysis
---------------------------------------------------------------------------
 polynomial order      : 9
 polynomial type       : Interpolating
---------------------------------------------------------------------------
 total boxes           : 8
 boxes                 : [          2           2           2 ]
 unit lengths          : [   32.00000    32.00000    32.00000 ]
 scaling factor        : [    1.00000     1.00000     1.00000 ]
 lower bounds          : [  -32.00000   -32.00000   -32.00000 ]
 upper bounds          : [   32.00000    32.00000    32.00000 ]
 total length          : [   64.00000    64.00000    64.00000 ]
===========================================================================


                                                                           
***************************************************************************
***                                                                     ***
***                        Initializing Molecule                        ***
***                                                                     ***
***************************************************************************
                                                                           
                                                                           
===========================================================================
                                 Molecule
---------------------------------------------------------------------------
 Charge                  :                                               0
 Multiplicity            :                                               1
---------------------------------------------------------------------------
    N    Atom            :               x               y               z
---------------------------------------------------------------------------
    0      Xe            :        0.100000        0.100000        0.100000
---------------------------------------------------------------------------
 Center of mass          :        0.100000        0.100000        0.100000
===========================================================================


                                                                           
***************************************************************************
***                                                                     ***
***                 Computing Ground State Wavefunction                 ***
***                                                                     ***
***************************************************************************
                                                                           
                                                                           
~~~~~~~~~~~~~~~~~~~~~~~~~~~~~~~~~~~~~~~~~~~~~~~~~~~~~~~~~~~~~~~~~~~~~~~~~~~
 Calculation             : Compute initial orbitals
 Method                  : Diagonalize SAD Hamiltonian
 Precision               : 1.00000e-03
 Screening               : 1.20000e+01 StdDev
 Restricted              : True
 Functional              : LDA (SVWN5)
 AO basis                : Hydrogenic orbitals
 Zeta quality            : 2
~~~~~~~~~~~~~~~~~~~~~~~~~~~~~~~~~~~~~~~~~~~~~~~~~~~~~~~~~~~~~~~~~~~~~~~~~~~


===========================================================================
                            Molecular Orbitals
---------------------------------------------------------------------------
 Alpha electrons         :                                              27
 Beta electrons          :                                              27
 Total electrons         :                                              54
---------------------------------------------------------------------------
    n  Occ Spin          :                                            Norm
---------------------------------------------------------------------------
    0    2    p          :                              9.998624335697e-01
    1    2    p          :                              1.000032784465e+00
    2    2    p          :                              9.994920406787e-01
    3    2    p          :                              9.999430912870e-01
    4    2    p          :                              9.999604885992e-01
    5    2    p          :                              1.000007449866e+00
    6    2    p          :                              1.000017270515e+00
    7    2    p          :                              1.000125498683e+00
    8    2    p          :                              1.000017404893e+00
    9    2    p          :                              9.999999911387e-01
   10    2    p          :                              1.000386226138e+00
   11    2    p          :                              9.998071191509e-01
   12    2    p          :                              9.981190530515e-01
   13    2    p          :                              1.000000022007e+00
   14    2    p          :                              1.000000704229e+00
   15    2    p          :                              1.000007802211e+00
   16    2    p          :                              1.000036307181e+00
   17    2    p          :                              1.000000814793e+00
   18    2    p          :                              9.999999995340e-01
   19    2    p          :                              9.999889508907e-01
   20    2    p          :                              1.000062637403e+00
   21    2    p          :                              1.000195176655e+00
   22    2    p          :                              1.000000000006e+00
   23    2    p          :                              9.999999390923e-01
   24    2    p          :                              9.999999979507e-01
   25    2    p          :                              9.999999973850e-01
   26    2    p          :                              9.999999946580e-01
===========================================================================


~~~~~~~~~~~~~~~~~~~~~~~~~~~~~~~~~~~~~~~~~~~~~~~~~~~~~~~~~~~~~~~~~~~~~~~~~~~
 Calculation             : Compute initial energy
 Method                  : DFT (PBE)
 Relativity              : None
 Precision               : 1.00000e-03
 Localization            : Off
~~~~~~~~~~~~~~~~~~~~~~~~~~~~~~~~~~~~~~~~~~~~~~~~~~~~~~~~~~~~~~~~~~~~~~~~~~~


===========================================================================
                        Molecular Energy (initial)
---------------------------------------------------------------------------
 Kinetic energy          :            (au)               7963.640436015561
 E-N energy              :            (au)             -18217.709544955927
 Coulomb energy          :            (au)               3408.815035050287
 Exchange energy         :            (au)                  0.000000000000
 X-C energy              :            (au)               -200.953422948527
 Ext. field (el)         :            (au)                  0.000000000000
---------------------------------------------------------------------------
 N-N energy              :            (au)                  0.000000000000
 Ext. field (nuc)        :            (au)                  0.000000000000
 Tot. Reac. Energy       :            (au)                  0.000000000000
 El. Reac. Energy        :            (au)                  0.000000000000
 Nuc. Reac. Energy       :            (au)                  0.000000000000
---------------------------------------------------------------------------
 Electronic energy       :            (au)              -7046.207496838606
 Nuclear energy          :            (au)                  0.000000000000
---------------------------------------------------------------------------
 Total energy            :            (au)             -7.046207496839e+03
                         :      (kcal/mol)             -4.421561960480e+06
                         :        (kJ/mol)             -1.849981524265e+07
                         :            (eV)             -1.917370737659e+05
===========================================================================


===========================================================================
                        Orbital Energies (initial)
---------------------------------------------------------------------------
    n  Occ Spin          :                                         Epsilon
---------------------------------------------------------------------------
    0    2    p          :            (au)              -1169.117235336926
    1    2    p          :            (au)               -168.436348368655
    2    2    p          :            (au)               -157.084446672074
    3    2    p          :            (au)               -156.941373662444
    4    2    p          :            (au)               -148.621234462347
    5    2    p          :            (au)                -25.684615201550
    6    2    p          :            (au)                -21.015941443781
    7    2    p          :            (au)                -21.015289195218
    8    2    p          :            (au)                -20.942884199656
    9    2    p          :            (au)                -12.372607914476
   10    2    p          :            (au)                -12.372254787923
   11    2    p          :            (au)                -12.141170351322
   12    2    p          :            (au)                -11.757066306577
   13    2    p          :            (au)                 -3.814680012783
   14    2    p          :            (au)                 -0.199047206046
   15    2    p          :            (au)                  1.304844525533
   16    2    p          :            (au)                  1.305390176180
   17    2    p          :            (au)                  1.316644254092
   18    2    p          :            (au)                  7.923271132831
   19    2    p          :            (au)                  7.924152297256
   20    2    p          :            (au)                  7.928356517124
   21    2    p          :            (au)                  8.067895589089
   22    2    p          :            (au)                  9.781329265514
   23    2    p          :            (au)                 10.394826394170
   24    2    p          :            (au)                 11.779759990497
   25    2    p          :            (au)                 11.779977311500
   26    2    p          :            (au)                 11.782469213789
---------------------------------------------------------------------------
 Sum occupied            :            (au)              -3700.454556908403
===========================================================================


~~~~~~~~~~~~~~~~~~~~~~~~~~~~~~~~~~~~~~~~~~~~~~~~~~~~~~~~~~~~~~~~~~~~~~~~~~~
 Calculation             : Optimize ground state orbitals
 Method                  : DFT (PBE)
 Relativity              : None
 Checkpointing           : Off
 Max iterations          : 100
 KAIN solver             : 7
 Localization            : Off
 Diagonalization         : First two iterations
 Start precision         : 1.00000e-06
 Final precision         : 1.00000e-06
 Helmholtz precision     : Dynamic
 Energy threshold        : Off
 Orbital threshold       : 1.00000e-05
~~~~~~~~~~~~~~~~~~~~~~~~~~~~~~~~~~~~~~~~~~~~~~~~~~~~~~~~~~~~~~~~~~~~~~~~~~~


===========================================================================
 Iter           MO residual             Total energy                Update
---------------------------------------------------------------------------
    0          5.196152e+00       -7046.207496838606         -7.046207e+03
    1          1.956854e+00       -7222.908156693113         -1.767007e+02
    2          1.078789e+00       -7232.608712730710         -9.700556e+00
    3          3.093384e-01       -7233.985906514364         -1.377194e+00
    4          1.837266e-01       -7234.176339408772         -1.904329e-01
    5          5.449548e-02       -7234.212686861356         -3.634745e-02
    6          2.460813e-02       -7234.229592770777         -1.690591e-02
    7          7.593807e-03       -7234.232921266287         -3.328496e-03
    8          1.639773e-03       -7234.233234595440         -3.133292e-04
    9          3.821499e-04       -7234.233254277187         -1.968175e-05
   10          1.607963e-04       -7234.233255625156         -1.347968e-06
   11          1.013486e-04       -7234.233256143022         -5.178663e-07
   12          6.305255e-05       -7234.233256250340         -1.073176e-07
   13          3.026717e-05       -7234.233256281864         -3.152400e-08
   14          1.752692e-05       -7234.233256297447         -1.558328e-08
   15          4.441600e-06       -7234.233256298736         -1.288754e-09
---------------------------------------------------------------------------
                      SCF converged in 15 iterations!
===========================================================================


                                                                           
***************************************************************************
***                                                                     ***
***                    Printing Molecular Properties                    ***
***                                                                     ***
***************************************************************************
                                                                           
                                                                           
===========================================================================
                                 Molecule
---------------------------------------------------------------------------
 Charge                  :                                               0
 Multiplicity            :                                               1
---------------------------------------------------------------------------
    N    Atom            :               x               y               z
---------------------------------------------------------------------------
    0      Xe            :        0.100000        0.100000        0.100000
---------------------------------------------------------------------------
 Center of mass          :        0.100000        0.100000        0.100000
===========================================================================


===========================================================================
                         Molecular Energy (final)
---------------------------------------------------------------------------
 Kinetic energy          :            (au)               7231.633010885484
 E-N energy              :            (au)             -17165.972298224402
 Coulomb energy          :            (au)               2881.259807062341
 Exchange energy         :            (au)                  0.000000000000
 X-C energy              :            (au)               -181.153776022158
 Ext. field (el)         :            (au)                  0.000000000000
---------------------------------------------------------------------------
 N-N energy              :            (au)                  0.000000000000
 Ext. field (nuc)        :            (au)                  0.000000000000
 Tot. Reac. Energy       :            (au)                  0.000000000000
 El. Reac. Energy        :            (au)                  0.000000000000
 Nuc. Reac. Energy       :            (au)                  0.000000000000
---------------------------------------------------------------------------
 Electronic energy       :            (au)              -7234.233256298736
 Nuclear energy          :            (au)                  0.000000000000
---------------------------------------------------------------------------
 Total energy            :            (au)             -7.234233256299e+03
                         :      (kcal/mol)             -4.539549905909e+06
                         :        (kJ/mol)             -1.899347680633e+07
                         :            (eV)             -1.968535153307e+05
===========================================================================


===========================================================================
                         Orbital Energies (final)
---------------------------------------------------------------------------
    n  Occ Spin          :                                         Epsilon
---------------------------------------------------------------------------
    0    2    p          :            (au)              -1209.944493881574
    1    2    p          :            (au)               -183.475281124199
    2    2    p          :            (au)               -172.653691247633
    3    2    p          :            (au)               -172.653690433455
    4    2    p          :            (au)               -172.653690322825
    5    2    p          :            (au)                -37.456995182997
    6    2    p          :            (au)                -32.880251679458
    7    2    p          :            (au)                -32.880251506217
    8    2    p          :            (au)                -32.880251108388
    9    2    p          :            (au)                -24.370658412279
   10    2    p          :            (au)                -24.370658098255
   11    2    p          :            (au)                -24.370658019903
   12    2    p          :            (au)                -24.370657155448
   13    2    p          :            (au)                -24.370656959402
   14    2    p          :            (au)                 -6.697863852484
   15    2    p          :            (au)                 -5.073136664626
   16    2    p          :            (au)                 -5.073136560738
   17    2    p          :            (au)                 -5.073136547165
   18    2    p          :            (au)                 -2.283998823116
   19    2    p          :            (au)                 -2.283998731874
   20    2    p          :            (au)                 -2.283998701598
   21    2    p          :            (au)                 -2.283998531914
   22    2    p          :            (au)                 -2.283998462272
   23    2    p          :            (au)                 -0.664641507938
   24    2    p          :            (au)                 -0.304638806720
   25    2    p          :            (au)                 -0.304637992275
   26    2    p          :            (au)                 -0.304637942872
---------------------------------------------------------------------------
 Sum occupied            :            (au)              -4408.495416515250
===========================================================================


===========================================================================
                           Dipole Moment (dip-1)
---------------------------------------------------------------------------
 r_O                     :        0.000000        0.000000        0.000000
---------------------------------------------------------------------------
 Electronic vector       :       -5.400000       -5.400000       -5.400000
 Magnitude               :            (au)                        9.353074
                         :         (Debye)                       23.773144
---------------------------------------------------------------------------
 Nuclear vector          :        5.400000        5.400000        5.400000
 Magnitude               :            (au)                        9.353074
                         :         (Debye)                       23.773144
---------------------------------------------------------------------------
 Total vector            :        0.000000        0.000000       -0.000000
 Magnitude               :            (au)                        0.000000
                         :         (Debye)                        0.000000
===========================================================================


                                                                           
                                                                           
***************************************************************************
***                                                                     ***
***                            Exiting MRChem                           ***
***                                                                     ***
***                       Wall time :  0h  8m 57s                       ***
***                                                                     ***
***************************************************************************
                                                                           
                                                                           
