                                                                           
                                                                           
***************************************************************************
***                                                                     ***
***                                                                     ***
***          __  __ ____   ____ _                                       ***
***         |  \/  |  _ \ / ___| |__   ___ _ __ ___                     ***
***         | |\/| | |_) | |   | '_ \ / _ \ '_ ` _ \                    ***
***         | |  | |  _ <| |___| | | |  __/ | | | | |                   ***
***         |_|  |_|_| \_\\____|_| |_|\___|_| |_| |_|                   ***
***                                                                     ***
***         VERSION            1.1.0-alpha                              ***
***                                                                     ***
***         Git branch         master                                   ***
***         Git commit hash    2d0f602bc399ffd54430                     ***
***         Git commit author  Stig Rune Jensen                         ***
***         Git commit date    Tue Jun 21 10:13:47 2022 +0200           ***
***                                                                     ***
***         Contact: luca.frediani@uit.no                               ***
***                                                                     ***
***         Radovan Bast            Magnar Bjorgve                      ***
***         Roberto Di Remigio      Antoine Durdek                      ***
***         Luca Frediani           Gabriel Gerez                       ***
***         Stig Rune Jensen        Jonas Juselius                      ***
***         Rune Monstad            Peter Wind                          ***
***                                                                     ***
***************************************************************************

---------------------------------------------------------------------------

 MPI processes           :       (32 bank)                              96
 OpenMP threads          :                                              15
 Total cores             :                                             992
                                                                           
---------------------------------------------------------------------------

XCFun DFT library Copyright 2009-2020 Ulf Ekstrom and contributors.
See http://dftlibs.org/xcfun/ for more information.

This is free software; see the source code for copying conditions.
There is ABSOLUTELY NO WARRANTY; not even for MERCHANTABILITY or
FITNESS FOR A PARTICULAR PURPOSE. For details see the documentation.
Scientific users of this library should cite
U. Ekstrom, L. Visscher, R. Bast, A. J. Thorvaldsen and K. Ruud;
J.Chem.Theor.Comp. 2010, DOI: 10.1021/ct100117s

---------------------------------------------------------------------------

 MRCPP version         : 1.4.1
 Git branch            : HEAD
 Git commit hash       : 75d41879b1908a94a452
 Git commit author     : Stig Rune Jensen
 Git commit date       : Thu Jan 6 11:38:53 2022 +0100

 Linear algebra        : EIGEN v3.4.0
 Parallelization       : MPI/OpenMP (15 threads)

---------------------------------------------------------------------------


                                                                           
===========================================================================
                         MultiResolution Analysis
---------------------------------------------------------------------------
 polynomial order      : 9
 polynomial type       : Interpolating
---------------------------------------------------------------------------
 total boxes           : 8
 boxes                 : [          2           2           2 ]
 unit lengths          : [   32.00000    32.00000    32.00000 ]
 scaling factor        : [    1.00000     1.00000     1.00000 ]
 lower bounds          : [  -32.00000   -32.00000   -32.00000 ]
 upper bounds          : [   32.00000    32.00000    32.00000 ]
 total length          : [   64.00000    64.00000    64.00000 ]
===========================================================================


                                                                           
***************************************************************************
***                                                                     ***
***                        Initializing Molecule                        ***
***                                                                     ***
***************************************************************************
                                                                           
                                                                           
===========================================================================
                                 Molecule
---------------------------------------------------------------------------
 Charge                  :                                               0
 Multiplicity            :                                               1
---------------------------------------------------------------------------
    N    Atom            :               x               y               z
---------------------------------------------------------------------------
    0      Xe            :        0.100000        0.100000        0.100000
---------------------------------------------------------------------------
 Center of mass          :        0.100000        0.100000        0.100000
===========================================================================


                                                                           
***************************************************************************
***                                                                     ***
***                 Computing Ground State Wavefunction                 ***
***                                                                     ***
***************************************************************************
                                                                           
                                                                           
~~~~~~~~~~~~~~~~~~~~~~~~~~~~~~~~~~~~~~~~~~~~~~~~~~~~~~~~~~~~~~~~~~~~~~~~~~~
 Calculation             : Compute initial orbitals
 Method                  : Diagonalize SAD Hamiltonian
 Precision               : 1.00000e-03
 Screening               : 1.20000e+01 StdDev
 Restricted              : True
 Functional              : LDA (SVWN5)
 AO basis                : Hydrogenic orbitals
 Zeta quality            : 2
~~~~~~~~~~~~~~~~~~~~~~~~~~~~~~~~~~~~~~~~~~~~~~~~~~~~~~~~~~~~~~~~~~~~~~~~~~~


===========================================================================
                            Molecular Orbitals
---------------------------------------------------------------------------
 Alpha electrons         :                                              27
 Beta electrons          :                                              27
 Total electrons         :                                              54
---------------------------------------------------------------------------
    n  Occ Spin          :                                            Norm
---------------------------------------------------------------------------
    0    2    p          :                              9.998624335697e-01
    1    2    p          :                              1.000032784465e+00
    2    2    p          :                              9.994885863942e-01
    3    2    p          :                              9.999465397727e-01
    4    2    p          :                              9.999604885992e-01
    5    2    p          :                              1.000007449866e+00
    6    2    p          :                              1.000015033679e+00
    7    2    p          :                              1.000127735259e+00
    8    2    p          :                              1.000017404893e+00
    9    2    p          :                              9.999999911386e-01
   10    2    p          :                              1.000386226137e+00
   11    2    p          :                              9.998071191510e-01
   12    2    p          :                              9.981190530516e-01
   13    2    p          :                              1.000000022007e+00
   14    2    p          :                              1.000000704229e+00
   15    2    p          :                              1.000008273423e+00
   16    2    p          :                              1.000035633681e+00
   17    2    p          :                              1.000000814793e+00
   18    2    p          :                              9.999999995340e-01
   19    2    p          :                              9.999889508907e-01
   20    2    p          :                              1.000062637403e+00
   21    2    p          :                              1.000195176652e+00
   22    2    p          :                              1.000000000006e+00
   23    2    p          :                              9.999999390923e-01
   24    2    p          :                              9.999999979495e-01
   25    2    p          :                              9.999999973933e-01
   26    2    p          :                              9.999999946580e-01
===========================================================================


~~~~~~~~~~~~~~~~~~~~~~~~~~~~~~~~~~~~~~~~~~~~~~~~~~~~~~~~~~~~~~~~~~~~~~~~~~~
 Calculation             : Compute initial energy
 Method                  : DFT (PBE)
 Relativity              : None
 Precision               : 1.00000e-03
 Localization            : Off
~~~~~~~~~~~~~~~~~~~~~~~~~~~~~~~~~~~~~~~~~~~~~~~~~~~~~~~~~~~~~~~~~~~~~~~~~~~


===========================================================================
                        Molecular Energy (initial)
---------------------------------------------------------------------------
 Kinetic energy          :            (au)               7963.644247768959
 E-N energy              :            (au)             -18217.709381221801
 Coulomb energy          :            (au)               3408.814927529332
 Exchange energy         :            (au)                  0.000000000000
 X-C energy              :            (au)               -200.953419583574
 Ext. field (el)         :            (au)                  0.000000000000
---------------------------------------------------------------------------
 N-N energy              :            (au)                  0.000000000000
 Ext. field (nuc)        :            (au)                  0.000000000000
 Tot. Reac. Energy       :            (au)                  0.000000000000
 El. Reac. Energy        :            (au)                  0.000000000000
 Nuc. Reac. Energy       :            (au)                  0.000000000000
---------------------------------------------------------------------------
 Electronic energy       :            (au)              -7046.203625507082
 Nuclear energy          :            (au)                  0.000000000000
---------------------------------------------------------------------------
 Total energy            :            (au)             -7.046203625507e+03
                         :      (kcal/mol)             -4.421559531183e+06
                         :        (kJ/mol)             -1.849980507847e+07
                         :            (eV)             -1.917369684216e+05
===========================================================================


===========================================================================
                        Orbital Energies (initial)
---------------------------------------------------------------------------
    n  Occ Spin          :                                         Epsilon
---------------------------------------------------------------------------
    0    2    p          :            (au)              -1169.117238443536
    1    2    p          :            (au)               -168.436350507436
    2    2    p          :            (au)               -157.084359449699
    3    2    p          :            (au)               -156.942482356606
    4    2    p          :            (au)               -148.618055481524
    5    2    p          :            (au)                -25.684617738619
    6    2    p          :            (au)                -21.015943015011
    7    2    p          :            (au)                -21.015339446131
    8    2    p          :            (au)                -20.942863393928
    9    2    p          :            (au)                -12.372573137899
   10    2    p          :            (au)                -12.372281334970
   11    2    p          :            (au)                -12.141257614860
   12    2    p          :            (au)                -11.757098196067
   13    2    p          :            (au)                 -3.814740201787
   14    2    p          :            (au)                 -0.199048369487
   15    2    p          :            (au)                  1.304843596287
   16    2    p          :            (au)                  1.305380232783
   17    2    p          :            (au)                  1.316606662356
   18    2    p          :            (au)                  7.923278762884
   19    2    p          :            (au)                  7.924121615750
   20    2    p          :            (au)                  7.928377088502
   21    2    p          :            (au)                  8.067933962001
   22    2    p          :            (au)                  9.781327845001
   23    2    p          :            (au)                 10.394787051256
   24    2    p          :            (au)                 11.779741240640
   25    2    p          :            (au)                 11.779989142921
   26    2    p          :            (au)                 11.782465939731
---------------------------------------------------------------------------
 Sum occupied            :            (au)              -3700.450791094894
===========================================================================


~~~~~~~~~~~~~~~~~~~~~~~~~~~~~~~~~~~~~~~~~~~~~~~~~~~~~~~~~~~~~~~~~~~~~~~~~~~
 Calculation             : Optimize ground state orbitals
 Method                  : DFT (PBE)
 Relativity              : None
 Checkpointing           : Off
 Max iterations          : 100
 KAIN solver             : 7
 Localization            : Off
 Diagonalization         : First two iterations
 Start precision         : 1.00000e-06
 Final precision         : 1.00000e-06
 Helmholtz precision     : Dynamic
 Energy threshold        : Off
 Orbital threshold       : 1.00000e-05
~~~~~~~~~~~~~~~~~~~~~~~~~~~~~~~~~~~~~~~~~~~~~~~~~~~~~~~~~~~~~~~~~~~~~~~~~~~


===========================================================================
 Iter           MO residual             Total energy                Update
---------------------------------------------------------------------------
    0          5.196152e+00       -7046.203625507082         -7.046204e+03
    1          1.956854e+00       -7222.908087972590         -1.767045e+02
    2          1.078789e+00       -7232.608686676172         -9.700599e+00
    3          3.093398e-01       -7233.985899873184         -1.377213e+00
    4          1.837276e-01       -7234.176337481538         -1.904376e-01
    5          5.449564e-02       -7234.212686273983         -3.634879e-02
    6          2.460823e-02       -7234.229592787840         -1.690651e-02
    7          7.593829e-03       -7234.232921393515         -3.328606e-03
    8          1.639772e-03       -7234.233234729702         -3.133362e-04
    9          3.821424e-04       -7234.233254411929         -1.968223e-05
   10          1.607891e-04       -7234.233255759960         -1.348031e-06
   11          1.013374e-04       -7234.233256277774         -5.178135e-07
   12          6.304997e-05       -7234.233256385065         -1.072913e-07
   13          3.026834e-05       -7234.233256416599         -3.153400e-08
   14          1.753092e-05       -7234.233256432182         -1.558328e-08
   15          4.442314e-06       -7234.233256433464         -1.281478e-09
---------------------------------------------------------------------------
                      SCF converged in 15 iterations!
===========================================================================


                                                                           
***************************************************************************
***                                                                     ***
***                    Printing Molecular Properties                    ***
***                                                                     ***
***************************************************************************
                                                                           
                                                                           
===========================================================================
                                 Molecule
---------------------------------------------------------------------------
 Charge                  :                                               0
 Multiplicity            :                                               1
---------------------------------------------------------------------------
    N    Atom            :               x               y               z
---------------------------------------------------------------------------
    0      Xe            :        0.100000        0.100000        0.100000
---------------------------------------------------------------------------
 Center of mass          :        0.100000        0.100000        0.100000
===========================================================================


===========================================================================
                         Molecular Energy (final)
---------------------------------------------------------------------------
 Kinetic energy          :            (au)               7231.633011378212
 E-N energy              :            (au)             -17165.972298943721
 Coulomb energy          :            (au)               2881.259807161562
 Exchange energy         :            (au)                  0.000000000000
 X-C energy              :            (au)               -181.153776029518
 Ext. field (el)         :            (au)                  0.000000000000
---------------------------------------------------------------------------
 N-N energy              :            (au)                  0.000000000000
 Ext. field (nuc)        :            (au)                  0.000000000000
 Tot. Reac. Energy       :            (au)                  0.000000000000
 El. Reac. Energy        :            (au)                  0.000000000000
 Nuc. Reac. Energy       :            (au)                  0.000000000000
---------------------------------------------------------------------------
 Electronic energy       :            (au)              -7234.233256433464
 Nuclear energy          :            (au)                  0.000000000000
---------------------------------------------------------------------------
 Total energy            :            (au)             -7.234233256433e+03
                         :      (kcal/mol)             -4.539549905994e+06
                         :        (kJ/mol)             -1.899347680668e+07
                         :            (eV)             -1.968535153344e+05
===========================================================================


===========================================================================
                         Orbital Energies (final)
---------------------------------------------------------------------------
    n  Occ Spin          :                                         Epsilon
---------------------------------------------------------------------------
    0    2    p          :            (au)              -1209.944493939222
    1    2    p          :            (au)               -183.475281128763
    2    2    p          :            (au)               -172.653691244165
    3    2    p          :            (au)               -172.653690432352
    4    2    p          :            (au)               -172.653690320458
    5    2    p          :            (au)                -37.456995187900
    6    2    p          :            (au)                -32.880251679104
    7    2    p          :            (au)                -32.880251511308
    8    2    p          :            (au)                -32.880251116737
    9    2    p          :            (au)                -24.370658413478
   10    2    p          :            (au)                -24.370658107435
   11    2    p          :            (au)                -24.370658019706
   12    2    p          :            (au)                -24.370657154703
   13    2    p          :            (au)                -24.370656974759
   14    2    p          :            (au)                 -6.697863853663
   15    2    p          :            (au)                 -5.073136665686
   16    2    p          :            (au)                 -5.073136561696
   17    2    p          :            (au)                 -5.073136547575
   18    2    p          :            (au)                 -2.283998823443
   19    2    p          :            (au)                 -2.283998732402
   20    2    p          :            (au)                 -2.283998701061
   21    2    p          :            (au)                 -2.283998534707
   22    2    p          :            (au)                 -2.283998460726
   23    2    p          :            (au)                 -0.664641507975
   24    2    p          :            (au)                 -0.304638806924
   25    2    p          :            (au)                 -0.304637992320
   26    2    p          :            (au)                 -0.304637942637
---------------------------------------------------------------------------
 Sum occupied            :            (au)              -4408.495416721809
===========================================================================


===========================================================================
                           Dipole Moment (dip-1)
---------------------------------------------------------------------------
 r_O                     :        0.000000        0.000000        0.000000
---------------------------------------------------------------------------
 Electronic vector       :       -5.400000       -5.400000       -5.400000
 Magnitude               :            (au)                        9.353074
                         :         (Debye)                       23.773144
---------------------------------------------------------------------------
 Nuclear vector          :        5.400000        5.400000        5.400000
 Magnitude               :            (au)                        9.353074
                         :         (Debye)                       23.773144
---------------------------------------------------------------------------
 Total vector            :        0.000000        0.000000       -0.000000
 Magnitude               :            (au)                        0.000000
                         :         (Debye)                        0.000000
===========================================================================


                                                                           
                                                                           
***************************************************************************
***                                                                     ***
***                            Exiting MRChem                           ***
***                                                                     ***
***                       Wall time :  0h  8m 47s                       ***
***                                                                     ***
***************************************************************************
                                                                           
                                                                           
