                                                                           
                                                                           
***************************************************************************
***                                                                     ***
***                                                                     ***
***          __  __ ____   ____ _                                       ***
***         |  \/  |  _ \ / ___| |__   ___ _ __ ___                     ***
***         | |\/| | |_) | |   | '_ \ / _ \ '_ ` _ \                    ***
***         | |  | |  _ <| |___| | | |  __/ | | | | |                   ***
***         |_|  |_|_| \_\\____|_| |_|\___|_| |_| |_|                   ***
***                                                                     ***
***         VERSION            1.1.0-alpha                              ***
***                                                                     ***
***         Git branch         finite-nuc                               ***
***         Git commit hash    c178fd54279bf4425d78                     ***
***         Git commit author  Stig Rune Jensen                         ***
***         Git commit date    Wed Jun 22 12:55:33 2022 +0200           ***
***                                                                     ***
***         Contact: luca.frediani@uit.no                               ***
***                                                                     ***
***         Radovan Bast            Magnar Bjorgve                      ***
***         Roberto Di Remigio      Antoine Durdek                      ***
***         Luca Frediani           Gabriel Gerez                       ***
***         Stig Rune Jensen        Jonas Juselius                      ***
***         Rune Monstad            Peter Wind                          ***
***                                                                     ***
***************************************************************************

---------------------------------------------------------------------------

 MPI processes           :       (32 bank)                              96
 OpenMP threads          :                                              15
 Total cores             :                                             992
                                                                           
---------------------------------------------------------------------------

XCFun DFT library Copyright 2009-2020 Ulf Ekstrom and contributors.
See http://dftlibs.org/xcfun/ for more information.

This is free software; see the source code for copying conditions.
There is ABSOLUTELY NO WARRANTY; not even for MERCHANTABILITY or
FITNESS FOR A PARTICULAR PURPOSE. For details see the documentation.
Scientific users of this library should cite
U. Ekstrom, L. Visscher, R. Bast, A. J. Thorvaldsen and K. Ruud;
J.Chem.Theor.Comp. 2010, DOI: 10.1021/ct100117s

---------------------------------------------------------------------------

 MRCPP version         : 1.4.1
 Git branch            : HEAD
 Git commit hash       : 75d41879b1908a94a452
 Git commit author     : Stig Rune Jensen
 Git commit date       : Thu Jan 6 11:38:53 2022 +0100

 Linear algebra        : EIGEN v3.4.0
 Parallelization       : MPI/OpenMP (15 threads)

---------------------------------------------------------------------------


                                                                           
===========================================================================
                         MultiResolution Analysis
---------------------------------------------------------------------------
 polynomial order      : 9
 polynomial type       : Interpolating
---------------------------------------------------------------------------
 total boxes           : 8
 boxes                 : [          2           2           2 ]
 unit lengths          : [   32.00000    32.00000    32.00000 ]
 scaling factor        : [    1.00000     1.00000     1.00000 ]
 lower bounds          : [  -32.00000   -32.00000   -32.00000 ]
 upper bounds          : [   32.00000    32.00000    32.00000 ]
 total length          : [   64.00000    64.00000    64.00000 ]
===========================================================================


                                                                           
***************************************************************************
***                                                                     ***
***                        Initializing Molecule                        ***
***                                                                     ***
***************************************************************************
                                                                           
                                                                           
===========================================================================
                                 Molecule
---------------------------------------------------------------------------
 Charge                  :                                               0
 Multiplicity            :                                               1
---------------------------------------------------------------------------
    N    Atom            :               x               y               z
---------------------------------------------------------------------------
    0      Xe            :        0.100000        0.100000        0.100000
---------------------------------------------------------------------------
 Center of mass          :        0.100000        0.100000        0.100000
===========================================================================


                                                                           
***************************************************************************
***                                                                     ***
***                 Computing Ground State Wavefunction                 ***
***                                                                     ***
***************************************************************************
                                                                           
                                                                           
Nuclear exponent: 1.000000e+10
~~~~~~~~~~~~~~~~~~~~~~~~~~~~~~~~~~~~~~~~~~~~~~~~~~~~~~~~~~~~~~~~~~~~~~~~~~~
 Calculation             : Compute initial orbitals
 Method                  : Diagonalize SAD Hamiltonian
 Precision               : 1.00000e-03
 Screening               : 1.20000e+01 StdDev
 Restricted              : True
 Functional              : LDA (SVWN5)
 AO basis                : Hydrogenic orbitals
 Zeta quality            : 2
~~~~~~~~~~~~~~~~~~~~~~~~~~~~~~~~~~~~~~~~~~~~~~~~~~~~~~~~~~~~~~~~~~~~~~~~~~~


===========================================================================
                            Molecular Orbitals
---------------------------------------------------------------------------
 Alpha electrons         :                                              27
 Beta electrons          :                                              27
 Total electrons         :                                              54
---------------------------------------------------------------------------
    n  Occ Spin          :                                            Norm
---------------------------------------------------------------------------
    0    2    p          :                              9.998624335697e-01
    1    2    p          :                              1.000032784465e+00
    2    2    p          :                              9.999548835564e-01
    3    2    p          :                              9.994802447627e-01
    4    2    p          :                              9.999604885992e-01
    5    2    p          :                              1.000007449866e+00
    6    2    p          :                              1.000027006203e+00
    7    2    p          :                              1.000160060233e+00
    8    2    p          :                              1.000017404893e+00
    9    2    p          :                              9.999999911386e-01
   10    2    p          :                              1.000386226137e+00
   11    2    p          :                              9.998071191509e-01
   12    2    p          :                              9.981190530516e-01
   13    2    p          :                              1.000000022007e+00
   14    2    p          :                              1.000000704229e+00
   15    2    p          :                              1.000008986211e+00
   16    2    p          :                              1.000034738381e+00
   17    2    p          :                              1.000000814793e+00
   18    2    p          :                              9.999999995340e-01
   19    2    p          :                              9.999889508907e-01
   20    2    p          :                              1.000062637403e+00
   21    2    p          :                              1.000195176653e+00
   22    2    p          :                              1.000000000006e+00
   23    2    p          :                              9.999999390923e-01
   24    2    p          :                              9.999999979568e-01
   25    2    p          :                              9.999999972957e-01
   26    2    p          :                              9.999999946580e-01
===========================================================================


~~~~~~~~~~~~~~~~~~~~~~~~~~~~~~~~~~~~~~~~~~~~~~~~~~~~~~~~~~~~~~~~~~~~~~~~~~~
 Calculation             : Compute initial energy
 Method                  : DFT (PBE)
 Relativity              : ZORA (V_nuc + J + V_xc)
 Precision               : 1.00000e-03
 Localization            : Off
~~~~~~~~~~~~~~~~~~~~~~~~~~~~~~~~~~~~~~~~~~~~~~~~~~~~~~~~~~~~~~~~~~~~~~~~~~~


===========================================================================
                        Molecular Energy (initial)
---------------------------------------------------------------------------
 Kinetic energy          :            (au)               7922.065139656586
 E-N energy              :            (au)             -18217.747141818942
 Coulomb energy          :            (au)               3408.840491480021
 Exchange energy         :            (au)                  0.000000000000
 X-C energy              :            (au)               -200.954304472852
 Ext. field (el)         :            (au)                  0.000000000000
---------------------------------------------------------------------------
 N-N energy              :            (au)                  0.000000000000
 Ext. field (nuc)        :            (au)                  0.000000000000
 Tot. Reac. Energy       :            (au)                  0.000000000000
 El. Reac. Energy        :            (au)                  0.000000000000
 Nuc. Reac. Energy       :            (au)                  0.000000000000
---------------------------------------------------------------------------
 Electronic energy       :            (au)              -7087.795815155186
 Nuclear energy          :            (au)                  0.000000000000
---------------------------------------------------------------------------
 Total energy            :            (au)             -7.087795815155e+03
                         :      (kcal/mol)             -4.447659024234e+06
                         :        (kJ/mol)             -1.860900535740e+07
                         :            (eV)             -1.928687495589e+05
===========================================================================


===========================================================================
                        Orbital Energies (initial)
---------------------------------------------------------------------------
    n  Occ Spin          :                                         Epsilon
---------------------------------------------------------------------------
    0    2    p          :            (au)              -1178.160109146184
    1    2    p          :            (au)               -170.227641771053
    2    2    p          :            (au)               -158.851877486787
    3    2    p          :            (au)               -158.721381246777
    4    2    p          :            (au)               -150.377820100431
    5    2    p          :            (au)                -26.149909671993
    6    2    p          :            (au)                -21.432166820449
    7    2    p          :            (au)                -21.428116250326
    8    2    p          :            (au)                -21.360077188713
    9    2    p          :            (au)                -12.637843533594
   10    2    p          :            (au)                -12.633770116082
   11    2    p          :            (au)                -12.408336768952
   12    2    p          :            (au)                -12.020771287055
   13    2    p          :            (au)                 -4.000335668096
   14    2    p          :            (au)                 -0.278952264700
   15    2    p          :            (au)                  1.239225074333
   16    2    p          :            (au)                  1.239697988587
   17    2    p          :            (au)                  1.249731889109
   18    2    p          :            (au)                  7.806668881747
   19    2    p          :            (au)                  7.811122629054
   20    2    p          :            (au)                  7.811603932593
   21    2    p          :            (au)                  7.957638896996
   22    2    p          :            (au)                  9.607346534206
   23    2    p          :            (au)                 10.188062131880
   24    2    p          :            (au)                 11.601658186012
   25    2    p          :            (au)                 11.603424961937
   26    2    p          :            (au)                 11.605105187164
---------------------------------------------------------------------------
 Sum occupied            :            (au)              -3741.935646055148
===========================================================================


~~~~~~~~~~~~~~~~~~~~~~~~~~~~~~~~~~~~~~~~~~~~~~~~~~~~~~~~~~~~~~~~~~~~~~~~~~~
 Calculation             : Optimize ground state orbitals
 Method                  : DFT (PBE)
 Relativity              : ZORA (V_nuc + J + V_xc)
 Checkpointing           : Off
 Max iterations          : 100
 KAIN solver             : 7
 Localization            : Off
 Diagonalization         : First two iterations
 Start precision         : 1.00000e-06
 Final precision         : 1.00000e-06
 Helmholtz precision     : Dynamic
 Energy threshold        : Off
 Orbital threshold       : 1.00000e-05
~~~~~~~~~~~~~~~~~~~~~~~~~~~~~~~~~~~~~~~~~~~~~~~~~~~~~~~~~~~~~~~~~~~~~~~~~~~


===========================================================================
 Iter           MO residual             Total energy                Update
---------------------------------------------------------------------------
    0          5.196152e+00       -7087.795815155186         -7.087796e+03
    1          1.943811e+00       -7540.031798012089         -4.522360e+02
    2          1.004316e+00       -7560.882873075222         -2.085108e+01
    3          3.144715e-01       -7563.993376490464         -3.110503e+00
    4          1.878537e-01       -7564.795643525423         -8.022670e-01
    5          5.271320e-02       -7564.877881807262         -8.223828e-02
    6          2.294349e-02       -7564.874659521935          3.222285e-03
    7          7.980189e-03       -7564.841790375979          3.286915e-02
    8          1.335624e-03       -7564.879787287975         -3.799691e-02
    9          5.671365e-04       -7564.883272260927         -3.484973e-03
   10          3.992132e-04       -7564.879830636712          3.441624e-03
   11          2.484487e-04       -7564.888773912417         -8.943276e-03
   12          6.258456e-04       -7564.888654412253          1.195002e-04
   13          6.182848e-04       -7564.888814340607         -1.599284e-04
   14          1.369057e-04       -7564.888719196664          9.514394e-05
   15          1.534328e-04       -7564.888755379964         -3.618330e-05
   16          5.865411e-05       -7564.888767042184         -1.166222e-05
   17          1.301940e-04       -7564.888797530774         -3.048859e-05
   18          1.164194e-04       -7564.888753448593          4.408218e-05
   19          3.572814e-04       -7564.888595759323          1.576893e-04
   20          3.735956e-04       -7564.888760335378         -1.645761e-04
   21          5.472794e-05       -7564.888745076070          1.525931e-05
   22          9.555874e-04       -7564.888791437378         -4.636131e-05
   23          9.091394e-04       -7564.888807941358         -1.650398e-05
   24          1.632549e-04       -7564.888763485555          4.445580e-05
   25          8.627756e-05       -7564.888744292904          1.919265e-05
   26          7.508139e-05       -7564.888766272698         -2.197979e-05
   27          2.911095e-04       -7564.888728992120          3.728058e-05
   28          2.868418e-04       -7564.888766333055         -3.734093e-05
   29          3.364658e-04       -7564.888744909859          2.142320e-05
   30          3.503628e-04       -7564.888765791558         -2.088170e-05
   31          3.090403e-05       -7564.888767512890         -1.721332e-06
   32          2.898931e-04       -7564.888679366840          8.814605e-05
   33          2.993600e-04       -7564.888763842716         -8.447588e-05
   34          2.687010e-05       -7564.888767701815         -3.859099e-06
   35          3.323223e-05       -7564.888764241364          3.460451e-06
   36          3.196424e-04       -7564.888762719853          1.521511e-06
   37          2.990227e-04       -7564.888777292091         -1.457224e-05
   38          9.032842e-05       -7564.888768175144          9.116947e-06
   39          5.944962e-05       -7564.888769457888         -1.282744e-06
   40          5.507687e-05       -7564.888761773527          7.684361e-06
   41          2.727329e-05       -7564.888764031419         -2.257892e-06
   42          1.194167e-04       -7564.888764687265         -6.558466e-07
   43          1.397239e-04       -7564.888764297140          3.901250e-07
   44          4.244386e-05       -7564.888760807244          3.489897e-06
   45          4.799184e-05       -7564.888768926766         -8.119522e-06
   46          7.631499e-05       -7564.888737873104          3.105366e-05
   47          6.434489e-05       -7564.888766467357         -2.859425e-05
   48          2.441579e-05       -7564.888767776319         -1.308962e-06
   49          4.073958e-05       -7564.888758583257          9.193061e-06
   50          5.095800e-05       -7564.888767555642         -8.972384e-06
   51          1.998547e-05       -7564.888771359280         -3.803639e-06
   52          1.627804e-05       -7564.888761694408          9.664873e-06
---------------------------------------------------------------------------
                      SCF converged in 52 iterations!
===========================================================================


                                                                           
***************************************************************************
***                                                                     ***
***                    Printing Molecular Properties                    ***
***                                                                     ***
***************************************************************************
                                                                           
                                                                           
===========================================================================
                                 Molecule
---------------------------------------------------------------------------
 Charge                  :                                               0
 Multiplicity            :                                               1
---------------------------------------------------------------------------
    N    Atom            :               x               y               z
---------------------------------------------------------------------------
    0      Xe            :        0.100000        0.100000        0.100000
---------------------------------------------------------------------------
 Center of mass          :        0.100000        0.100000        0.100000
===========================================================================


===========================================================================
                         Molecular Energy (final)
---------------------------------------------------------------------------
 Kinetic energy          :            (au)               7959.187258461934
 E-N energy              :            (au)             -18275.040539165853
 Coulomb energy          :            (au)               2938.905099783535
 Exchange energy         :            (au)                  0.000000000000
 X-C energy              :            (au)               -187.940580774023
 Ext. field (el)         :            (au)                  0.000000000000
---------------------------------------------------------------------------
 N-N energy              :            (au)                  0.000000000000
 Ext. field (nuc)        :            (au)                  0.000000000000
 Tot. Reac. Energy       :            (au)                  0.000000000000
 El. Reac. Energy        :            (au)                  0.000000000000
 Nuc. Reac. Energy       :            (au)                  0.000000000000
---------------------------------------------------------------------------
 Electronic energy       :            (au)              -7564.888761694408
 Nuclear energy          :            (au)                  0.000000000000
---------------------------------------------------------------------------
 Total energy            :            (au)             -7.564888761694e+03
                         :      (kcal/mol)             -4.747039368196e+06
                         :        (kJ/mol)             -1.986161271653e+07
                         :            (eV)             -2.058511100024e+05
===========================================================================


===========================================================================
                         Orbital Energies (final)
---------------------------------------------------------------------------
    n  Occ Spin          :                                         Epsilon
---------------------------------------------------------------------------
    0    2    p          :            (au)              -1313.801477737912
    1    2    p          :            (au)               -198.029622937804
    2    2    p          :            (au)               -177.591826140988
    3    2    p          :            (au)               -177.591825995492
    4    2    p          :            (au)               -177.591825968245
    5    2    p          :            (au)                -40.270372673826
    6    2    p          :            (au)                -33.727380610723
    7    2    p          :            (au)                -33.727380585366
    8    2    p          :            (au)                -33.727380199576
    9    2    p          :            (au)                -24.048613141751
   10    2    p          :            (au)                -24.048613000957
   11    2    p          :            (au)                -24.048612905758
   12    2    p          :            (au)                -24.048612860536
   13    2    p          :            (au)                -24.048612737665
   14    2    p          :            (au)                 -7.256083293243
   15    2    p          :            (au)                 -5.189958683676
   16    2    p          :            (au)                 -5.189958676041
   17    2    p          :            (au)                 -5.189958528685
   18    2    p          :            (au)                 -2.182793678919
   19    2    p          :            (au)                 -2.182793672676
   20    2    p          :            (au)                 -2.182793615224
   21    2    p          :            (au)                 -2.182793601601
   22    2    p          :            (au)                 -2.182793585694
   23    2    p          :            (au)                 -0.725294653002
   24    2    p          :            (au)                 -0.302522916128
   25    2    p          :            (au)                 -0.302522230588
   26    2    p          :            (au)                 -0.302522212706
---------------------------------------------------------------------------
 Sum occupied            :            (au)              -4683.349893689568
===========================================================================


===========================================================================
                           Dipole Moment (dip-1)
---------------------------------------------------------------------------
 r_O                     :        0.000000        0.000000        0.000000
---------------------------------------------------------------------------
 Electronic vector       :       -5.400000       -5.400000       -5.400000
 Magnitude               :            (au)                        9.353074
                         :         (Debye)                       23.773144
---------------------------------------------------------------------------
 Nuclear vector          :        5.400000        5.400000        5.400000
 Magnitude               :            (au)                        9.353074
                         :         (Debye)                       23.773144
---------------------------------------------------------------------------
 Total vector            :       -0.000000       -0.000000       -0.000000
 Magnitude               :            (au)                        0.000000
                         :         (Debye)                        0.000000
===========================================================================


                                                                           
                                                                           
***************************************************************************
***                                                                     ***
***                            Exiting MRChem                           ***
***                                                                     ***
***                       Wall time :  0h 21m 40s                       ***
***                                                                     ***
***************************************************************************
                                                                           
                                                                           
