                                                                           
                                                                           
***************************************************************************
***                                                                     ***
***                                                                     ***
***          __  __ ____   ____ _                                       ***
***         |  \/  |  _ \ / ___| |__   ___ _ __ ___                     ***
***         | |\/| | |_) | |   | '_ \ / _ \ '_ ` _ \                    ***
***         | |  | |  _ <| |___| | | |  __/ | | | | |                   ***
***         |_|  |_|_| \_\\____|_| |_|\___|_| |_| |_|                   ***
***                                                                     ***
***         VERSION            1.1.0-alpha                              ***
***                                                                     ***
***         Git branch         finite-nuc                               ***
***         Git commit hash    c178fd54279bf4425d78                     ***
***         Git commit author  Stig Rune Jensen                         ***
***         Git commit date    Wed Jun 22 12:55:33 2022 +0200           ***
***                                                                     ***
***         Contact: luca.frediani@uit.no                               ***
***                                                                     ***
***         Radovan Bast            Magnar Bjorgve                      ***
***         Roberto Di Remigio      Antoine Durdek                      ***
***         Luca Frediani           Gabriel Gerez                       ***
***         Stig Rune Jensen        Jonas Juselius                      ***
***         Rune Monstad            Peter Wind                          ***
***                                                                     ***
***************************************************************************

---------------------------------------------------------------------------

 MPI processes           :       (32 bank)                              96
 OpenMP threads          :                                              15
 Total cores             :                                             992
                                                                           
---------------------------------------------------------------------------

XCFun DFT library Copyright 2009-2020 Ulf Ekstrom and contributors.
See http://dftlibs.org/xcfun/ for more information.

This is free software; see the source code for copying conditions.
There is ABSOLUTELY NO WARRANTY; not even for MERCHANTABILITY or
FITNESS FOR A PARTICULAR PURPOSE. For details see the documentation.
Scientific users of this library should cite
U. Ekstrom, L. Visscher, R. Bast, A. J. Thorvaldsen and K. Ruud;
J.Chem.Theor.Comp. 2010, DOI: 10.1021/ct100117s

---------------------------------------------------------------------------

 MRCPP version         : 1.4.1
 Git branch            : HEAD
 Git commit hash       : 75d41879b1908a94a452
 Git commit author     : Stig Rune Jensen
 Git commit date       : Thu Jan 6 11:38:53 2022 +0100

 Linear algebra        : EIGEN v3.4.0
 Parallelization       : MPI/OpenMP (15 threads)

---------------------------------------------------------------------------


                                                                           
===========================================================================
                         MultiResolution Analysis
---------------------------------------------------------------------------
 polynomial order      : 9
 polynomial type       : Interpolating
---------------------------------------------------------------------------
 total boxes           : 8
 boxes                 : [          2           2           2 ]
 unit lengths          : [   32.00000    32.00000    32.00000 ]
 scaling factor        : [    1.00000     1.00000     1.00000 ]
 lower bounds          : [  -32.00000   -32.00000   -32.00000 ]
 upper bounds          : [   32.00000    32.00000    32.00000 ]
 total length          : [   64.00000    64.00000    64.00000 ]
===========================================================================


                                                                           
***************************************************************************
***                                                                     ***
***                        Initializing Molecule                        ***
***                                                                     ***
***************************************************************************
                                                                           
                                                                           
===========================================================================
                                 Molecule
---------------------------------------------------------------------------
 Charge                  :                                               0
 Multiplicity            :                                               1
---------------------------------------------------------------------------
    N    Atom            :               x               y               z
---------------------------------------------------------------------------
    0      Xe            :        0.100000        0.100000        0.100000
---------------------------------------------------------------------------
 Center of mass          :        0.100000        0.100000        0.100000
===========================================================================


                                                                           
***************************************************************************
***                                                                     ***
***                 Computing Ground State Wavefunction                 ***
***                                                                     ***
***************************************************************************
                                                                           
                                                                           
Nuclear exponent: 1.000000e+12
~~~~~~~~~~~~~~~~~~~~~~~~~~~~~~~~~~~~~~~~~~~~~~~~~~~~~~~~~~~~~~~~~~~~~~~~~~~
 Calculation             : Compute initial orbitals
 Method                  : Diagonalize SAD Hamiltonian
 Precision               : 1.00000e-03
 Screening               : 1.20000e+01 StdDev
 Restricted              : True
 Functional              : LDA (SVWN5)
 AO basis                : Hydrogenic orbitals
 Zeta quality            : 2
~~~~~~~~~~~~~~~~~~~~~~~~~~~~~~~~~~~~~~~~~~~~~~~~~~~~~~~~~~~~~~~~~~~~~~~~~~~


===========================================================================
                            Molecular Orbitals
---------------------------------------------------------------------------
 Alpha electrons         :                                              27
 Beta electrons          :                                              27
 Total electrons         :                                              54
---------------------------------------------------------------------------
    n  Occ Spin          :                                            Norm
---------------------------------------------------------------------------
    0    2    p          :                              9.998624335697e-01
    1    2    p          :                              1.000032784465e+00
    2    2    p          :                              9.999611422977e-01
    3    2    p          :                              9.994739831148e-01
    4    2    p          :                              9.999604885992e-01
    5    2    p          :                              1.000007449866e+00
    6    2    p          :                              1.000022972218e+00
    7    2    p          :                              1.000165667850e+00
    8    2    p          :                              1.000017404893e+00
    9    2    p          :                              9.999999911387e-01
   10    2    p          :                              1.000386226138e+00
   11    2    p          :                              9.998071191509e-01
   12    2    p          :                              9.981190530516e-01
   13    2    p          :                              1.000000022007e+00
   14    2    p          :                              1.000000704229e+00
   15    2    p          :                              1.000010088805e+00
   16    2    p          :                              1.000033617598e+00
   17    2    p          :                              1.000000814793e+00
   18    2    p          :                              9.999999995340e-01
   19    2    p          :                              9.999889508907e-01
   20    2    p          :                              1.000062637403e+00
   21    2    p          :                              1.000195176654e+00
   22    2    p          :                              1.000000000006e+00
   23    2    p          :                              9.999999390923e-01
   24    2    p          :                              9.999999979363e-01
   25    2    p          :                              9.999999976181e-01
   26    2    p          :                              9.999999946580e-01
===========================================================================


~~~~~~~~~~~~~~~~~~~~~~~~~~~~~~~~~~~~~~~~~~~~~~~~~~~~~~~~~~~~~~~~~~~~~~~~~~~
 Calculation             : Compute initial energy
 Method                  : DFT (PBE)
 Relativity              : ZORA (V_nuc + J + V_xc)
 Precision               : 1.00000e-03
 Localization            : Off
~~~~~~~~~~~~~~~~~~~~~~~~~~~~~~~~~~~~~~~~~~~~~~~~~~~~~~~~~~~~~~~~~~~~~~~~~~~


===========================================================================
                        Molecular Energy (initial)
---------------------------------------------------------------------------
 Kinetic energy          :            (au)               7922.076316004112
 E-N energy              :            (au)             -18217.752375622087
 Coulomb energy          :            (au)               3408.842074917198
 Exchange energy         :            (au)                  0.000000000000
 X-C energy              :            (au)               -200.954371271193
 Ext. field (el)         :            (au)                  0.000000000000
---------------------------------------------------------------------------
 N-N energy              :            (au)                  0.000000000000
 Ext. field (nuc)        :            (au)                  0.000000000000
 Tot. Reac. Energy       :            (au)                  0.000000000000
 El. Reac. Energy        :            (au)                  0.000000000000
 Nuc. Reac. Energy       :            (au)                  0.000000000000
---------------------------------------------------------------------------
 Electronic energy       :            (au)              -7087.788355971970
 Nuclear energy          :            (au)                  0.000000000000
---------------------------------------------------------------------------
 Total energy            :            (au)             -7.087788355972e+03
                         :      (kcal/mol)             -4.447654343526e+06
                         :        (kJ/mol)             -1.860898577331e+07
                         :            (eV)             -1.928685465842e+05
===========================================================================


===========================================================================
                        Orbital Energies (initial)
---------------------------------------------------------------------------
    n  Occ Spin          :                                         Epsilon
---------------------------------------------------------------------------
    0    2    p          :            (au)              -1178.160864632205
    1    2    p          :            (au)               -170.227676383461
    2    2    p          :            (au)               -158.851423611852
    3    2    p          :            (au)               -158.724042131480
    4    2    p          :            (au)               -150.372826955828
    5    2    p          :            (au)                -26.149896117825
    6    2    p          :            (au)                -21.431943453128
    7    2    p          :            (au)                -21.427846353493
    8    2    p          :            (au)                -21.358142771167
    9    2    p          :            (au)                -12.637804171780
   10    2    p          :            (au)                -12.633734986283
   11    2    p          :            (au)                -12.408300168595
   12    2    p          :            (au)                -12.020731081974
   13    2    p          :            (au)                 -4.000314653805
   14    2    p          :            (au)                 -0.278945378659
   15    2    p          :            (au)                  1.239213083256
   16    2    p          :            (au)                  1.239741952121
   17    2    p          :            (au)                  1.249663974239
   18    2    p          :            (au)                  7.806684245056
   19    2    p          :            (au)                  7.811139147549
   20    2    p          :            (au)                  7.811619969499
   21    2    p          :            (au)                  7.957657373573
   22    2    p          :            (au)                  9.607353764789
   23    2    p          :            (au)                 10.188084301616
   24    2    p          :            (au)                 11.601667119890
   25    2    p          :            (au)                 11.603300616919
   26    2    p          :            (au)                 11.605120321993
---------------------------------------------------------------------------
 Sum occupied            :            (au)              -3741.926493962064
===========================================================================


~~~~~~~~~~~~~~~~~~~~~~~~~~~~~~~~~~~~~~~~~~~~~~~~~~~~~~~~~~~~~~~~~~~~~~~~~~~
 Calculation             : Optimize ground state orbitals
 Method                  : DFT (PBE)
 Relativity              : ZORA (V_nuc + J + V_xc)
 Checkpointing           : Off
 Max iterations          : 100
 KAIN solver             : 7
 Localization            : Off
 Diagonalization         : First two iterations
 Start precision         : 1.00000e-06
 Final precision         : 1.00000e-06
 Helmholtz precision     : Dynamic
 Energy threshold        : Off
 Orbital threshold       : 1.00000e-05
~~~~~~~~~~~~~~~~~~~~~~~~~~~~~~~~~~~~~~~~~~~~~~~~~~~~~~~~~~~~~~~~~~~~~~~~~~~


===========================================================================
 Iter           MO residual             Total energy                Update
---------------------------------------------------------------------------
    0          5.196152e+00       -7087.788355971970         -7.087788e+03
    1          1.943811e+00       -7540.038109941423         -4.522498e+02
    2          1.004319e+00       -7560.885040434221         -2.084693e+01
    3          3.144664e-01       -7563.953030941207         -3.067991e+00
    4          1.878528e-01       -7564.785717342756         -8.326864e-01
    5          5.271334e-02       -7564.868056341060         -8.233900e-02
    6          2.294041e-02       -7564.860054108189          8.002233e-03
    7          7.957806e-03       -7564.820713289700          3.934082e-02
    8          1.306915e-03       -7564.874127188838         -5.341390e-02
    9          6.458424e-04       -7564.871971908552          2.155280e-03
   10          4.416379e-04       -7564.873731387037         -1.759478e-03
   11          2.691551e-04       -7564.882282199427         -8.550812e-03
   12          6.502934e-04       -7564.882083284331          1.989151e-04
   13          6.483857e-04       -7564.882336689747         -2.534054e-04
   14          1.103241e-04       -7564.882285503503          5.118624e-05
   15          1.332225e-04       -7564.882310845212         -2.534171e-05
   16          6.324855e-05       -7564.882285838666          2.500655e-05
   17          1.455411e-04       -7564.882298908054         -1.306939e-05
   18          1.366579e-04       -7564.882273108491          2.579956e-05
   19          1.428082e-04       -7564.882262895682          1.021281e-05
   20          1.616651e-04       -7564.882292302249         -2.940657e-05
   21          6.898222e-05       -7564.882256385952          3.591630e-05
   22          1.127844e-04       -7564.882266872660         -1.048671e-05
   23          3.429639e-04       -7564.882363212748         -9.634009e-05
   24          3.115450e-04       -7564.882295681657          6.753109e-05
   25          7.083666e-04       -7564.881551473604          7.442081e-04
   26          7.023366e-04       -7564.882268963752         -7.174901e-04
   27          1.518508e-04       -7564.882257794459          1.116929e-05
   28          1.723822e-04       -7564.882299782659         -4.198820e-05
   29          1.092481e-04       -7564.882297484488          2.298171e-06
   30          1.023249e-04       -7564.882289723081          7.761407e-06
   31          3.719514e-05       -7564.882301067316         -1.134423e-05
   32          2.703094e-05       -7564.882280814119          2.025320e-05
   33          2.938132e-05       -7564.882293395280         -1.258116e-05
   34          4.093551e-05       -7564.882279628912          1.376637e-05
   35          5.174237e-05       -7564.882273911158          5.717754e-06
   36          1.491013e-04       -7564.882224409681          4.950148e-05
   37          1.850705e-03       -7564.879843562635          2.380847e-03
   38          1.776736e-03       -7564.882297843899         -2.454281e-03
   39          5.228944e-05       -7564.882280432934          1.741097e-05
   40          4.290066e-05       -7564.882291837049         -1.140411e-05
   41          2.749067e-05       -7564.882277805954          1.403109e-05
   42          7.908631e-05       -7564.882281375440         -3.569487e-06
   43          1.422021e-04       -7564.882253541657          2.783378e-05
   44          1.320879e-04       -7564.882275147848         -2.160619e-05
   45          7.414152e-04       -7564.882101446692          1.737012e-04
   46          7.562275e-04       -7564.882290017470         -1.885708e-04
   47          5.499593e-05       -7564.882283737776          6.279694e-06
   48          5.108860e-05       -7564.882284325260         -5.874845e-07
   49          6.643409e-05       -7564.882267317141          1.700812e-05
   50          7.276226e-05       -7564.882282823440         -1.550630e-05
   51          4.074180e-05       -7564.882295655309         -1.283187e-05
   52          5.290443e-05       -7564.882289382112          6.273197e-06
   53          1.253161e-04       -7564.882239734277          4.964783e-05
   54          1.149715e-03       -7564.881241577932          9.981563e-04
   55          1.138034e-03       -7564.882286555345         -1.044977e-03
   56          1.981179e-05       -7564.882282788821          3.766524e-06
   57          5.811742e-05       -7564.882290663201         -7.874381e-06
   58          4.259315e-05       -7564.882279432691          1.123051e-05
   59          4.775446e-05       -7564.882300884427         -2.145174e-05
   60          5.386313e-05       -7564.882288792385          1.209204e-05
   61          6.874172e-05       -7564.882294681123         -5.888738e-06
   62          9.121040e-05       -7564.882284609167          1.007196e-05
   63          4.807072e-05       -7564.882287290913         -2.681746e-06
   64          3.494253e-05       -7564.882288823876         -1.532962e-06
   65          4.963283e-05       -7564.882289476751         -6.528753e-07
   66          8.597470e-05       -7564.882253279065          3.619769e-05
   67          2.799162e-04       -7564.882216487275          3.679179e-05
   68          2.676000e-04       -7564.882288068929         -7.158165e-05
   69          5.768980e-05       -7564.882278300717          9.768212e-06
   70          2.532030e-05       -7564.882294364730         -1.606401e-05
   71          3.244967e-05       -7564.882300859324         -6.494593e-06
   72          2.757530e-05       -7564.882296618825          4.240498e-06
   73          7.708342e-05       -7564.882247713179          4.890565e-05
   74          1.431412e-04       -7564.882265742642         -1.802946e-05
   75          1.161116e-04       -7564.882295363125         -2.962048e-05
   76          4.470146e-05       -7564.882240681420          5.468171e-05
   77          3.675213e-04       -7564.882277603708         -3.692229e-05
   78          3.792251e-04       -7564.882292749000         -1.514529e-05
   79          4.018229e-05       -7564.882286014693          6.734307e-06
   80          2.611192e-05       -7564.882293072153         -7.057460e-06
   81          3.506186e-05       -7564.882291145922          1.926231e-06
   82          4.766406e-05       -7564.882283806275          7.339647e-06
   83          3.766580e-05       -7564.882285500108         -1.693833e-06
   84          4.683707e-04       -7564.882231995355          5.350475e-05
   85          4.841064e-04       -7564.882289588623         -5.759327e-05
   86          4.438732e-05       -7564.882288744360          8.442630e-07
   87          7.100433e-05       -7564.882271375402          1.736896e-05
   88          8.968263e-05       -7564.882279766858         -8.391457e-06
   89          5.057907e-05       -7564.882284137339         -4.370480e-06
   90          4.688677e-05       -7564.882281106664          3.030675e-06
   91          7.070355e-05       -7564.882292104071         -1.099741e-05
   92          7.944440e-05       -7564.882284276571          7.827500e-06
   93          4.895113e-05       -7564.882286915914         -2.639343e-06
   94          3.351722e-05       -7564.882285136130          1.779784e-06
   95          1.651138e-04       -7564.882294317943         -9.181813e-06
   96          1.908542e-04       -7564.882278417357          1.590059e-05
   97          1.373672e-04       -7564.882285981946         -7.564588e-06
   98          4.173971e-05       -7564.882280506332          5.475614e-06
   99          5.072395e-05       -7564.882283073192         -2.566860e-06
  100          3.478274e-04       -7564.882228761070          5.431212e-05
---------------------------------------------------------------------------
                        SCF did NOT converge!!!
===========================================================================


                                                                           
***************************************************************************
***                                                                     ***
***                    Printing Molecular Properties                    ***
***                                                                     ***
***************************************************************************
                                                                           
                                                                           
===========================================================================
                                 Molecule
---------------------------------------------------------------------------
 Charge                  :                                               0
 Multiplicity            :                                               1
---------------------------------------------------------------------------
    N    Atom            :               x               y               z
---------------------------------------------------------------------------
    0      Xe            :        0.100000        0.100000        0.100000
---------------------------------------------------------------------------
 Center of mass          :        0.100000        0.100000        0.100000
===========================================================================


===========================================================================
                         Molecular Energy (final)
---------------------------------------------------------------------------
 Kinetic energy          :            (au)               7959.323245893916
 E-N energy              :            (au)             -18275.169991969909
 Coulomb energy          :            (au)               2938.905370857482
 Exchange energy         :            (au)                  0.000000000000
 X-C energy              :            (au)               -187.940853542560
 Ext. field (el)         :            (au)                  0.000000000000
---------------------------------------------------------------------------
 N-N energy              :            (au)                  0.000000000000
 Ext. field (nuc)        :            (au)                  0.000000000000
 Tot. Reac. Energy       :            (au)                  0.000000000000
 El. Reac. Energy        :            (au)                  0.000000000000
 Nuc. Reac. Energy       :            (au)                  0.000000000000
---------------------------------------------------------------------------
 Electronic energy       :            (au)              -7564.882228761070
 Nuclear energy          :            (au)                  0.000000000000
---------------------------------------------------------------------------
 Total energy            :            (au)             -7.564882228761e+03
                         :      (kcal/mol)             -4.747035268719e+06
                         :        (kJ/mol)             -1.986159556432e+07
                         :            (eV)             -2.058509322322e+05
===========================================================================


===========================================================================
                         Orbital Energies (final)
---------------------------------------------------------------------------
    n  Occ Spin          :                                         Epsilon
---------------------------------------------------------------------------
    0    2    p          :            (au)              -1313.798443888577
    1    2    p          :            (au)               -198.029305881149
    2    2    p          :            (au)               -177.591832298593
    3    2    p          :            (au)               -177.591832181518
    4    2    p          :            (au)               -177.591832159424
    5    2    p          :            (au)                -40.270310522102
    6    2    p          :            (au)                -33.727382876502
    7    2    p          :            (au)                -33.727382854915
    8    2    p          :            (au)                -33.727382593122
    9    2    p          :            (au)                -24.048616926742
   10    2    p          :            (au)                -24.048616789755
   11    2    p          :            (au)                -24.048616738015
   12    2    p          :            (au)                -24.048616661280
   13    2    p          :            (au)                -24.048616553453
   14    2    p          :            (au)                 -7.256069969428
   15    2    p          :            (au)                 -5.189959408682
   16    2    p          :            (au)                 -5.189959400267
   17    2    p          :            (au)                 -5.189959253477
   18    2    p          :            (au)                 -2.182794504562
   19    2    p          :            (au)                 -2.182794496680
   20    2    p          :            (au)                 -2.182794454748
   21    2    p          :            (au)                 -2.182794427111
   22    2    p          :            (au)                 -2.182794422090
   23    2    p          :            (au)                 -0.725292914035
   24    2    p          :            (au)                 -0.302522697343
   25    2    p          :            (au)                 -0.302522410150
   26    2    p          :            (au)                 -0.302522183679
---------------------------------------------------------------------------
 Sum occupied            :            (au)              -4683.343138934796
===========================================================================


===========================================================================
                           Dipole Moment (dip-1)
---------------------------------------------------------------------------
 r_O                     :        0.000000        0.000000        0.000000
---------------------------------------------------------------------------
 Electronic vector       :             N/A             N/A             N/A
 Magnitude               :            (au)                             N/A
                         :         (Debye)                             N/A
---------------------------------------------------------------------------
 Nuclear vector          :             N/A             N/A             N/A
 Magnitude               :            (au)                             N/A
                         :         (Debye)                             N/A
---------------------------------------------------------------------------
 Total vector            :             N/A             N/A             N/A
 Magnitude               :            (au)                             N/A
                         :         (Debye)                             N/A
===========================================================================


                                                                           
                                                                           
***************************************************************************
***                                                                     ***
***                            Exiting MRChem                           ***
***                                                                     ***
***                       Wall time :  0h 38m 38s                       ***
***                                                                     ***
***************************************************************************
                                                                           
                                                                           
