                                                                           
                                                                           
***************************************************************************
***                                                                     ***
***                                                                     ***
***          __  __ ____   ____ _                                       ***
***         |  \/  |  _ \ / ___| |__   ___ _ __ ___                     ***
***         | |\/| | |_) | |   | '_ \ / _ \ '_ ` _ \                    ***
***         | |  | |  _ <| |___| | | |  __/ | | | | |                   ***
***         |_|  |_|_| \_\\____|_| |_|\___|_| |_| |_|                   ***
***                                                                     ***
***         VERSION            1.1.0-alpha                              ***
***                                                                     ***
***         Git branch         finite-nuc                               ***
***         Git commit hash    c178fd54279bf4425d78                     ***
***         Git commit author  Stig Rune Jensen                         ***
***         Git commit date    Wed Jun 22 12:55:33 2022 +0200           ***
***                                                                     ***
***         Contact: luca.frediani@uit.no                               ***
***                                                                     ***
***         Radovan Bast            Magnar Bjorgve                      ***
***         Roberto Di Remigio      Antoine Durdek                      ***
***         Luca Frediani           Gabriel Gerez                       ***
***         Stig Rune Jensen        Jonas Juselius                      ***
***         Rune Monstad            Peter Wind                          ***
***                                                                     ***
***************************************************************************

---------------------------------------------------------------------------

 MPI processes           :       (32 bank)                              96
 OpenMP threads          :                                              15
 Total cores             :                                             992
                                                                           
---------------------------------------------------------------------------

XCFun DFT library Copyright 2009-2020 Ulf Ekstrom and contributors.
See http://dftlibs.org/xcfun/ for more information.

This is free software; see the source code for copying conditions.
There is ABSOLUTELY NO WARRANTY; not even for MERCHANTABILITY or
FITNESS FOR A PARTICULAR PURPOSE. For details see the documentation.
Scientific users of this library should cite
U. Ekstrom, L. Visscher, R. Bast, A. J. Thorvaldsen and K. Ruud;
J.Chem.Theor.Comp. 2010, DOI: 10.1021/ct100117s

---------------------------------------------------------------------------

 MRCPP version         : 1.4.1
 Git branch            : HEAD
 Git commit hash       : 75d41879b1908a94a452
 Git commit author     : Stig Rune Jensen
 Git commit date       : Thu Jan 6 11:38:53 2022 +0100

 Linear algebra        : EIGEN v3.4.0
 Parallelization       : MPI/OpenMP (15 threads)

---------------------------------------------------------------------------


                                                                           
===========================================================================
                         MultiResolution Analysis
---------------------------------------------------------------------------
 polynomial order      : 9
 polynomial type       : Interpolating
---------------------------------------------------------------------------
 total boxes           : 8
 boxes                 : [          2           2           2 ]
 unit lengths          : [   32.00000    32.00000    32.00000 ]
 scaling factor        : [    1.00000     1.00000     1.00000 ]
 lower bounds          : [  -32.00000   -32.00000   -32.00000 ]
 upper bounds          : [   32.00000    32.00000    32.00000 ]
 total length          : [   64.00000    64.00000    64.00000 ]
===========================================================================


                                                                           
***************************************************************************
***                                                                     ***
***                        Initializing Molecule                        ***
***                                                                     ***
***************************************************************************
                                                                           
                                                                           
===========================================================================
                                 Molecule
---------------------------------------------------------------------------
 Charge                  :                                               0
 Multiplicity            :                                               1
---------------------------------------------------------------------------
    N    Atom            :               x               y               z
---------------------------------------------------------------------------
    0      Xe            :        0.100000        0.100000        0.100000
---------------------------------------------------------------------------
 Center of mass          :        0.100000        0.100000        0.100000
===========================================================================


                                                                           
***************************************************************************
***                                                                     ***
***                 Computing Ground State Wavefunction                 ***
***                                                                     ***
***************************************************************************
                                                                           
                                                                           
Nuclear exponent: 1.000000e+08
~~~~~~~~~~~~~~~~~~~~~~~~~~~~~~~~~~~~~~~~~~~~~~~~~~~~~~~~~~~~~~~~~~~~~~~~~~~
 Calculation             : Compute initial orbitals
 Method                  : Diagonalize SAD Hamiltonian
 Precision               : 1.00000e-03
 Screening               : 1.20000e+01 StdDev
 Restricted              : True
 Functional              : LDA (SVWN5)
 AO basis                : Hydrogenic orbitals
 Zeta quality            : 2
~~~~~~~~~~~~~~~~~~~~~~~~~~~~~~~~~~~~~~~~~~~~~~~~~~~~~~~~~~~~~~~~~~~~~~~~~~~


===========================================================================
                            Molecular Orbitals
---------------------------------------------------------------------------
 Alpha electrons         :                                              27
 Beta electrons          :                                              27
 Total electrons         :                                              54
---------------------------------------------------------------------------
    n  Occ Spin          :                                            Norm
---------------------------------------------------------------------------
    0    2    p          :                              9.998624335697e-01
    1    2    p          :                              1.000032784465e+00
    2    2    p          :                              9.994876304602e-01
    3    2    p          :                              9.999474994585e-01
    4    2    p          :                              9.999604885992e-01
    5    2    p          :                              1.000007449866e+00
    6    2    p          :                              1.000038176926e+00
    7    2    p          :                              1.000147161316e+00
    8    2    p          :                              1.000017404893e+00
    9    2    p          :                              9.999999911388e-01
   10    2    p          :                              1.000386226138e+00
   11    2    p          :                              9.998071191512e-01
   12    2    p          :                              9.981190530515e-01
   13    2    p          :                              1.000000022007e+00
   14    2    p          :                              1.000000704229e+00
   15    2    p          :                              1.000008210239e+00
   16    2    p          :                              1.000035720070e+00
   17    2    p          :                              1.000000814793e+00
   18    2    p          :                              9.999999995340e-01
   19    2    p          :                              9.999889508907e-01
   20    2    p          :                              1.000062637403e+00
   21    2    p          :                              1.000195176655e+00
   22    2    p          :                              1.000000000006e+00
   23    2    p          :                              9.999999390923e-01
   24    2    p          :                              9.999999978941e-01
   25    2    p          :                              9.999999974514e-01
   26    2    p          :                              9.999999946580e-01
===========================================================================


~~~~~~~~~~~~~~~~~~~~~~~~~~~~~~~~~~~~~~~~~~~~~~~~~~~~~~~~~~~~~~~~~~~~~~~~~~~
 Calculation             : Compute initial energy
 Method                  : DFT (PBE)
 Relativity              : ZORA (V_nuc + J + V_xc)
 Precision               : 1.00000e-03
 Localization            : Off
~~~~~~~~~~~~~~~~~~~~~~~~~~~~~~~~~~~~~~~~~~~~~~~~~~~~~~~~~~~~~~~~~~~~~~~~~~~


===========================================================================
                        Molecular Energy (initial)
---------------------------------------------------------------------------
 Kinetic energy          :            (au)               7921.987276483995
 E-N energy              :            (au)             -18217.556007806670
 Coulomb energy          :            (au)               3408.838846953248
 Exchange energy         :            (au)                  0.000000000000
 X-C energy              :            (au)               -200.954229394280
 Ext. field (el)         :            (au)                  0.000000000000
---------------------------------------------------------------------------
 N-N energy              :            (au)                  0.000000000000
 Ext. field (nuc)        :            (au)                  0.000000000000
 Tot. Reac. Energy       :            (au)                  0.000000000000
 El. Reac. Energy        :            (au)                  0.000000000000
 Nuc. Reac. Energy       :            (au)                  0.000000000000
---------------------------------------------------------------------------
 Electronic energy       :            (au)              -7087.684113763707
 Nuclear energy          :            (au)                  0.000000000000
---------------------------------------------------------------------------
 Total energy            :            (au)             -7.087684113764e+03
                         :      (kcal/mol)             -4.447588930553e+06
                         :        (kJ/mol)             -1.860871208543e+07
                         :            (eV)             -1.928657100092e+05
===========================================================================


===========================================================================
                        Orbital Energies (initial)
---------------------------------------------------------------------------
    n  Occ Spin          :                                         Epsilon
---------------------------------------------------------------------------
    0    2    p          :            (au)              -1178.078280075254
    1    2    p          :            (au)               -170.218629754677
    2    2    p          :            (au)               -158.862302595329
    3    2    p          :            (au)               -158.720098563098
    4    2    p          :            (au)               -150.404697586266
    5    2    p          :            (au)                -26.148136871358
    6    2    p          :            (au)                -21.432673920623
    7    2    p          :            (au)                -21.428120464867
    8    2    p          :            (au)                -21.361885905998
    9    2    p          :            (au)                -12.637917886696
   10    2    p          :            (au)                -12.633837503736
   11    2    p          :            (au)                -12.408333540697
   12    2    p          :            (au)                -12.020816353100
   13    2    p          :            (au)                 -4.000480717353
   14    2    p          :            (au)                 -0.278682219059
   15    2    p          :            (au)                  1.239217162295
   16    2    p          :            (au)                  1.239686460497
   17    2    p          :            (au)                  1.249753311461
   18    2    p          :            (au)                  7.806634375416
   19    2    p          :            (au)                  7.811077786430
   20    2    p          :            (au)                  7.811574556532
   21    2    p          :            (au)                  7.957602981823
   22    2    p          :            (au)                  9.607892261654
   23    2    p          :            (au)                 10.188050729370
   24    2    p          :            (au)                 11.601628756632
   25    2    p          :            (au)                 11.603337850684
   26    2    p          :            (au)                 11.605096295213
---------------------------------------------------------------------------
 Sum occupied            :            (au)              -3741.826682860208
===========================================================================


~~~~~~~~~~~~~~~~~~~~~~~~~~~~~~~~~~~~~~~~~~~~~~~~~~~~~~~~~~~~~~~~~~~~~~~~~~~
 Calculation             : Optimize ground state orbitals
 Method                  : DFT (PBE)
 Relativity              : ZORA (V_nuc + J + V_xc)
 Checkpointing           : Off
 Max iterations          : 100
 KAIN solver             : 7
 Localization            : Off
 Diagonalization         : First two iterations
 Start precision         : 1.00000e-06
 Final precision         : 1.00000e-06
 Helmholtz precision     : Dynamic
 Energy threshold        : Off
 Orbital threshold       : 1.00000e-05
~~~~~~~~~~~~~~~~~~~~~~~~~~~~~~~~~~~~~~~~~~~~~~~~~~~~~~~~~~~~~~~~~~~~~~~~~~~


===========================================================================
 Iter           MO residual             Total energy                Update
---------------------------------------------------------------------------
    0          5.196152e+00       -7087.684113763707         -7.087684e+03
    1          1.943811e+00       -7539.449782096745         -4.517657e+02
    2          1.004383e+00       -7560.357249870156         -2.090747e+01
    3          3.144459e-01       -7563.678965758381         -3.321716e+00
    4          1.878087e-01       -7564.323982611911         -6.450169e-01
    5          5.270077e-02       -7564.375706059356         -5.172345e-02
    6          2.293165e-02       -7564.381177152623         -5.471093e-03
    7          7.969067e-03       -7564.378885980444          2.291172e-03
    8          1.461103e-03       -7564.380654731852         -1.768751e-03
    9          3.846211e-04       -7564.381396456916         -7.417251e-04
   10          1.945394e-04       -7564.381416499262         -2.004235e-05
   11          2.740015e-04       -7564.381223156306          1.933430e-04
   12          3.335630e-04       -7564.381510244544         -2.870882e-04
   13          8.253706e-05       -7564.381518820989         -8.576445e-06
   14          3.362273e-04       -7564.381146641842          3.721791e-04
   15          3.473851e-04       -7564.381473318976         -3.266771e-04
   16          4.193011e-05       -7564.381480376052         -7.057076e-06
   17          2.854534e-04       -7564.381511611723         -3.123567e-05
   18          2.769301e-04       -7564.381483451423          2.816030e-05
   19          4.262679e-05       -7564.381470303090          1.314833e-05
   20          5.360638e-05       -7564.381477733436         -7.430345e-06
   21          6.993679e-05       -7564.381478400456         -6.670207e-07
   22          6.326557e-05       -7564.381473378674          5.021782e-06
   23          5.622314e-05       -7564.381473038637          3.400373e-07
   24          4.107487e-05       -7564.381483175495         -1.013686e-05
   25          2.012005e-04       -7564.381453666718          2.950878e-05
   26          1.903901e-04       -7564.381482849521         -2.918280e-05
   27          3.585632e-05       -7564.381483774056         -9.245350e-07
   28          3.772795e-05       -7564.381483133710          6.403452e-07
   29          5.809038e-05       -7564.381482147799          9.859114e-07
   30          5.069496e-03       -7564.380110543594          1.371604e-03
   31          5.036631e-03       -7564.381483268251         -1.372725e-03
   32          2.217496e-05       -7564.381482956587          3.116638e-07
   33          2.020101e-05       -7564.381483494367         -5.377797e-07
   34          1.457030e-04       -7564.381493043051         -9.548684e-06
   35          1.544053e-04       -7564.381485645520          7.397531e-06
   36          2.022701e-05       -7564.381484473298          1.172222e-06
   37          1.363519e-05       -7564.381484342161          1.311364e-07
---------------------------------------------------------------------------
                      SCF converged in 37 iterations!
===========================================================================


                                                                           
***************************************************************************
***                                                                     ***
***                    Printing Molecular Properties                    ***
***                                                                     ***
***************************************************************************
                                                                           
                                                                           
===========================================================================
                                 Molecule
---------------------------------------------------------------------------
 Charge                  :                                               0
 Multiplicity            :                                               1
---------------------------------------------------------------------------
    N    Atom            :               x               y               z
---------------------------------------------------------------------------
    0      Xe            :        0.100000        0.100000        0.100000
---------------------------------------------------------------------------
 Center of mass          :        0.100000        0.100000        0.100000
===========================================================================


===========================================================================
                         Molecular Energy (final)
---------------------------------------------------------------------------
 Kinetic energy          :            (au)               7957.103579951664
 E-N energy              :            (au)             -18272.424363984454
 Coulomb energy          :            (au)               2938.871800291269
 Exchange energy         :            (au)                  0.000000000000
 X-C energy              :            (au)               -187.932500600641
 Ext. field (el)         :            (au)                  0.000000000000
---------------------------------------------------------------------------
 N-N energy              :            (au)                  0.000000000000
 Ext. field (nuc)        :            (au)                  0.000000000000
 Tot. Reac. Energy       :            (au)                  0.000000000000
 El. Reac. Energy        :            (au)                  0.000000000000
 Nuc. Reac. Energy       :            (au)                  0.000000000000
---------------------------------------------------------------------------
 Electronic energy       :            (au)              -7564.381484342161
 Nuclear energy          :            (au)                  0.000000000000
---------------------------------------------------------------------------
 Total energy            :            (au)             -7.564381484342e+03
                         :      (kcal/mol)             -4.746721046852e+06
                         :        (kJ/mol)             -1.986028086003e+07
                         :            (eV)             -2.058373062824e+05
===========================================================================


===========================================================================
                         Orbital Energies (final)
---------------------------------------------------------------------------
    n  Occ Spin          :                                         Epsilon
---------------------------------------------------------------------------
    0    2    p          :            (au)              -1313.584994342297
    1    2    p          :            (au)               -198.006777784436
    2    2    p          :            (au)               -177.593122968365
    3    2    p          :            (au)               -177.593122924183
    4    2    p          :            (au)               -177.593122704728
    5    2    p          :            (au)                -40.265959757840
    6    2    p          :            (au)                -33.727714650174
    7    2    p          :            (au)                -33.727714627014
    8    2    p          :            (au)                -33.727714318435
    9    2    p          :            (au)                -24.048893381634
   10    2    p          :            (au)                -24.048893257666
   11    2    p          :            (au)                -24.048893150540
   12    2    p          :            (au)                -24.048893109025
   13    2    p          :            (au)                -24.048892979478
   14    2    p          :            (au)                 -7.255147480382
   15    2    p          :            (au)                 -5.190045246836
   16    2    p          :            (au)                 -5.190045193510
   17    2    p          :            (au)                 -5.190045187047
   18    2    p          :            (au)                 -2.182855343733
   19    2    p          :            (au)                 -2.182855326377
   20    2    p          :            (au)                 -2.182855262900
   21    2    p          :            (au)                 -2.182855172507
   22    2    p          :            (au)                 -2.182855113441
   23    2    p          :            (au)                 -0.725168214984
   24    2    p          :            (au)                 -0.302534675971
   25    2    p          :            (au)                 -0.302534037362
   26    2    p          :            (au)                 -0.302534020920
---------------------------------------------------------------------------
 Sum occupied            :            (au)              -4682.874080463567
===========================================================================


===========================================================================
                           Dipole Moment (dip-1)
---------------------------------------------------------------------------
 r_O                     :        0.000000        0.000000        0.000000
---------------------------------------------------------------------------
 Electronic vector       :       -5.400000       -5.400000       -5.400000
 Magnitude               :            (au)                        9.353074
                         :         (Debye)                       23.773144
---------------------------------------------------------------------------
 Nuclear vector          :        5.400000        5.400000        5.400000
 Magnitude               :            (au)                        9.353074
                         :         (Debye)                       23.773144
---------------------------------------------------------------------------
 Total vector            :       -0.000000       -0.000000       -0.000000
 Magnitude               :            (au)                        0.000000
                         :         (Debye)                        0.000000
===========================================================================


                                                                           
                                                                           
***************************************************************************
***                                                                     ***
***                            Exiting MRChem                           ***
***                                                                     ***
***                       Wall time :  0h 16m 19s                       ***
***                                                                     ***
***************************************************************************
                                                                           
                                                                           
