                                                                           
                                                                           
***************************************************************************
***                                                                     ***
***                                                                     ***
***          __  __ ____   ____ _                                       ***
***         |  \/  |  _ \ / ___| |__   ___ _ __ ___                     ***
***         | |\/| | |_) | |   | '_ \ / _ \ '_ ` _ \                    ***
***         | |  | |  _ <| |___| | | |  __/ | | | | |                   ***
***         |_|  |_|_| \_\\____|_| |_|\___|_| |_| |_|                   ***
***                                                                     ***
***         VERSION            1.1.0-alpha                              ***
***                                                                     ***
***         Git branch         finite-nuc                               ***
***         Git commit hash    c178fd54279bf4425d78                     ***
***         Git commit author  Stig Rune Jensen                         ***
***         Git commit date    Wed Jun 22 12:55:33 2022 +0200           ***
***                                                                     ***
***         Contact: luca.frediani@uit.no                               ***
***                                                                     ***
***         Radovan Bast            Magnar Bjorgve                      ***
***         Roberto Di Remigio      Antoine Durdek                      ***
***         Luca Frediani           Gabriel Gerez                       ***
***         Stig Rune Jensen        Jonas Juselius                      ***
***         Rune Monstad            Peter Wind                          ***
***                                                                     ***
***************************************************************************

---------------------------------------------------------------------------

 MPI processes           :       (32 bank)                              96
 OpenMP threads          :                                              15
 Total cores             :                                             992
                                                                           
---------------------------------------------------------------------------

XCFun DFT library Copyright 2009-2020 Ulf Ekstrom and contributors.
See http://dftlibs.org/xcfun/ for more information.

This is free software; see the source code for copying conditions.
There is ABSOLUTELY NO WARRANTY; not even for MERCHANTABILITY or
FITNESS FOR A PARTICULAR PURPOSE. For details see the documentation.
Scientific users of this library should cite
U. Ekstrom, L. Visscher, R. Bast, A. J. Thorvaldsen and K. Ruud;
J.Chem.Theor.Comp. 2010, DOI: 10.1021/ct100117s

---------------------------------------------------------------------------

 MRCPP version         : 1.4.1
 Git branch            : HEAD
 Git commit hash       : 75d41879b1908a94a452
 Git commit author     : Stig Rune Jensen
 Git commit date       : Thu Jan 6 11:38:53 2022 +0100

 Linear algebra        : EIGEN v3.4.0
 Parallelization       : MPI/OpenMP (15 threads)

---------------------------------------------------------------------------


                                                                           
===========================================================================
                         MultiResolution Analysis
---------------------------------------------------------------------------
 polynomial order      : 9
 polynomial type       : Interpolating
---------------------------------------------------------------------------
 total boxes           : 8
 boxes                 : [          2           2           2 ]
 unit lengths          : [   32.00000    32.00000    32.00000 ]
 scaling factor        : [    1.00000     1.00000     1.00000 ]
 lower bounds          : [  -32.00000   -32.00000   -32.00000 ]
 upper bounds          : [   32.00000    32.00000    32.00000 ]
 total length          : [   64.00000    64.00000    64.00000 ]
===========================================================================


                                                                           
***************************************************************************
***                                                                     ***
***                        Initializing Molecule                        ***
***                                                                     ***
***************************************************************************
                                                                           
                                                                           
===========================================================================
                                 Molecule
---------------------------------------------------------------------------
 Charge                  :                                               0
 Multiplicity            :                                               1
---------------------------------------------------------------------------
    N    Atom            :               x               y               z
---------------------------------------------------------------------------
    0      Xe            :        0.100000        0.100000        0.100000
---------------------------------------------------------------------------
 Center of mass          :        0.100000        0.100000        0.100000
===========================================================================


                                                                           
***************************************************************************
***                                                                     ***
***                 Computing Ground State Wavefunction                 ***
***                                                                     ***
***************************************************************************
                                                                           
                                                                           
Nuclear exponent: 1.711543e+08
~~~~~~~~~~~~~~~~~~~~~~~~~~~~~~~~~~~~~~~~~~~~~~~~~~~~~~~~~~~~~~~~~~~~~~~~~~~
 Calculation             : Compute initial orbitals
 Method                  : Diagonalize SAD Hamiltonian
 Precision               : 1.00000e-03
 Screening               : 1.20000e+01 StdDev
 Restricted              : True
 Functional              : LDA (SVWN5)
 AO basis                : Hydrogenic orbitals
 Zeta quality            : 2
~~~~~~~~~~~~~~~~~~~~~~~~~~~~~~~~~~~~~~~~~~~~~~~~~~~~~~~~~~~~~~~~~~~~~~~~~~~


===========================================================================
                            Molecular Orbitals
---------------------------------------------------------------------------
 Alpha electrons         :                                              27
 Beta electrons          :                                              27
 Total electrons         :                                              54
---------------------------------------------------------------------------
    n  Occ Spin          :                                            Norm
---------------------------------------------------------------------------
    0    2    p          :                              9.998624335697e-01
    1    2    p          :                              1.000032784465e+00
    2    2    p          :                              9.994425723486e-01
    3    2    p          :                              9.994711168030e-01
    4    2    p          :                              9.999604885992e-01
    5    2    p          :                              1.000007449866e+00
    6    2    p          :                              1.000025550904e+00
    7    2    p          :                              1.000162010399e+00
    8    2    p          :                              1.000017404893e+00
    9    2    p          :                              9.999999911384e-01
   10    2    p          :                              1.000386226133e+00
   11    2    p          :                              9.998071191511e-01
   12    2    p          :                              9.981190530515e-01
   13    2    p          :                              1.000000022007e+00
   14    2    p          :                              1.000000704229e+00
   15    2    p          :                              1.000003506890e+00
   16    2    p          :                              1.000032889730e+00
   17    2    p          :                              1.000000814793e+00
   18    2    p          :                              9.999999995340e-01
   19    2    p          :                              9.999889508907e-01
   20    2    p          :                              1.000062637403e+00
   21    2    p          :                              1.000195176654e+00
   22    2    p          :                              1.000000000006e+00
   23    2    p          :                              9.999999390923e-01
   24    2    p          :                              9.999999979552e-01
   25    2    p          :                              9.999999972527e-01
   26    2    p          :                              9.999999946580e-01
===========================================================================


~~~~~~~~~~~~~~~~~~~~~~~~~~~~~~~~~~~~~~~~~~~~~~~~~~~~~~~~~~~~~~~~~~~~~~~~~~~
 Calculation             : Compute initial energy
 Method                  : DFT (PBE)
 Relativity              : ZORA (V_nuc + J + V_xc)
 Precision               : 1.00000e-03
 Localization            : Off
~~~~~~~~~~~~~~~~~~~~~~~~~~~~~~~~~~~~~~~~~~~~~~~~~~~~~~~~~~~~~~~~~~~~~~~~~~~


===========================================================================
                        Molecular Energy (initial)
---------------------------------------------------------------------------
 Kinetic energy          :            (au)               7940.484825915080
 E-N energy              :            (au)             -18217.074136200925
 Coulomb energy          :            (au)               3408.507689020151
 Exchange energy         :            (au)                  0.000000000000
 X-C energy              :            (au)               -200.942321941854
 Ext. field (el)         :            (au)                  0.000000000000
---------------------------------------------------------------------------
 N-N energy              :            (au)                  0.000000000000
 Ext. field (nuc)        :            (au)                  0.000000000000
 Tot. Reac. Energy       :            (au)                  0.000000000000
 El. Reac. Energy        :            (au)                  0.000000000000
 Nuc. Reac. Energy       :            (au)                  0.000000000000
---------------------------------------------------------------------------
 Electronic energy       :            (au)              -7069.023943207548
 Nuclear energy          :            (au)                  0.000000000000
---------------------------------------------------------------------------
 Total energy            :            (au)             -7.069023943208e+03
                         :      (kcal/mol)             -4.435879496741e+06
                         :        (kJ/mol)             -1.855971981437e+07
                         :            (eV)             -1.923579409008e+05
===========================================================================


===========================================================================
                        Orbital Energies (initial)
---------------------------------------------------------------------------
    n  Occ Spin          :                                         Epsilon
---------------------------------------------------------------------------
    0    2    p          :            (au)              -1178.123387152867
    1    2    p          :            (au)               -170.232762436304
    2    2    p          :            (au)               -157.921311869285
    3    2    p          :            (au)               -153.904679620303
    4    2    p          :            (au)               -147.005293743975
    5    2    p          :            (au)                -26.155788836957
    6    2    p          :            (au)                -21.439242686099
    7    2    p          :            (au)                -21.435052068526
    8    2    p          :            (au)                -21.365006902114
    9    2    p          :            (au)                -12.645867266329
   10    2    p          :            (au)                -12.641568179103
   11    2    p          :            (au)                -12.415795285042
   12    2    p          :            (au)                -12.028250348519
   13    2    p          :            (au)                 -3.999926547302
   14    2    p          :            (au)                 -0.281760407645
   15    2    p          :            (au)                  1.236071756279
   16    2    p          :            (au)                  1.236333779955
   17    2    p          :            (au)                  1.245800414141
   18    2    p          :            (au)                  7.802259827927
   19    2    p          :            (au)                  7.806869235664
   20    2    p          :            (au)                  7.807151801347
   21    2    p          :            (au)                  7.953302949665
   22    2    p          :            (au)                  9.604081700506
   23    2    p          :            (au)                 10.184283247492
   24    2    p          :            (au)                 11.597811563597
   25    2    p          :            (au)                 11.599522754139
   26    2    p          :            (au)                 11.601204502082
---------------------------------------------------------------------------
 Sum occupied            :            (au)              -3723.841999635147
===========================================================================


~~~~~~~~~~~~~~~~~~~~~~~~~~~~~~~~~~~~~~~~~~~~~~~~~~~~~~~~~~~~~~~~~~~~~~~~~~~
 Calculation             : Optimize ground state orbitals
 Method                  : DFT (PBE)
 Relativity              : ZORA (V_nuc + J + V_xc)
 Checkpointing           : Off
 Max iterations          : 100
 KAIN solver             : 7
 Localization            : Off
 Diagonalization         : First two iterations
 Start precision         : 1.00000e-06
 Final precision         : 1.00000e-06
 Helmholtz precision     : Dynamic
 Energy threshold        : Off
 Orbital threshold       : 1.00000e-05
~~~~~~~~~~~~~~~~~~~~~~~~~~~~~~~~~~~~~~~~~~~~~~~~~~~~~~~~~~~~~~~~~~~~~~~~~~~


===========================================================================
 Iter           MO residual             Total energy                Update
---------------------------------------------------------------------------
    0          5.196152e+00       -7069.023943207548         -7.069024e+03
    1          1.943885e+00       -7539.540386979169         -4.705164e+02
    2          1.003698e+00       -7560.521726009903         -2.098134e+01
    3          3.148723e-01       -7563.860548774072         -3.338823e+00
    4          1.880778e-01       -7564.524212206342         -6.636634e-01
    5          5.275873e-02       -7564.576265311526         -5.205311e-02
    6          2.295225e-02       -7564.581558613064         -5.293302e-03
    7          7.969697e-03       -7564.578800685272          2.757928e-03
    8          1.461299e-03       -7564.580938760268         -2.138075e-03
    9          3.662148e-04       -7564.581768107784         -8.293475e-04
   10          1.978119e-04       -7564.581722756855          4.535093e-05
   11          1.674063e-04       -7564.581750851295         -2.809444e-05
   12          2.862438e-04       -7564.581906332649         -1.554814e-04
   13          1.511562e-04       -7564.582003651624         -9.731898e-05
   14          1.474980e-04       -7564.581827094790          1.765568e-04
   15          1.582088e-04       -7564.581950298278         -1.232035e-04
   16          5.139620e-05       -7564.581942006427          8.291850e-06
   17          6.092635e-04       -7564.582116559965         -1.745535e-04
   18          5.945496e-04       -7564.581943507208          1.730528e-04
   19          4.297248e-05       -7564.581932276641          1.123057e-05
   20          5.168352e-05       -7564.581938361116         -6.084475e-06
   21          4.745594e-05       -7564.581938911724         -5.506081e-07
   22          4.720615e-05       -7564.581932571102          6.340622e-06
   23          2.288776e-05       -7564.581945927994         -1.335689e-05
   24          5.261532e-05       -7564.581943678093          2.249901e-06
   25          3.986872e-05       -7564.581948703855         -5.025762e-06
   26          3.666376e-05       -7564.581942449573          6.254282e-06
   27          8.800902e-05       -7564.581952567010         -1.011744e-05
   28          1.573102e-04       -7564.581928273618          2.429339e-05
   29          1.134838e-04       -7564.581946406368         -1.813275e-05
   30          1.305755e-05       -7564.581948207945         -1.801577e-06
---------------------------------------------------------------------------
                      SCF converged in 30 iterations!
===========================================================================


                                                                           
***************************************************************************
***                                                                     ***
***                    Printing Molecular Properties                    ***
***                                                                     ***
***************************************************************************
                                                                           
                                                                           
===========================================================================
                                 Molecule
---------------------------------------------------------------------------
 Charge                  :                                               0
 Multiplicity            :                                               1
---------------------------------------------------------------------------
    N    Atom            :               x               y               z
---------------------------------------------------------------------------
    0      Xe            :        0.100000        0.100000        0.100000
---------------------------------------------------------------------------
 Center of mass          :        0.100000        0.100000        0.100000
===========================================================================


===========================================================================
                         Molecular Energy (final)
---------------------------------------------------------------------------
 Kinetic energy          :            (au)               7957.876572058209
 E-N energy              :            (au)             -18273.407795774954
 Coulomb energy          :            (au)               2938.884885964964
 Exchange energy         :            (au)                  0.000000000000
 X-C energy              :            (au)               -187.935610456164
 Ext. field (el)         :            (au)                  0.000000000000
---------------------------------------------------------------------------
 N-N energy              :            (au)                  0.000000000000
 Ext. field (nuc)        :            (au)                  0.000000000000
 Tot. Reac. Energy       :            (au)                  0.000000000000
 El. Reac. Energy        :            (au)                  0.000000000000
 Nuc. Reac. Energy       :            (au)                  0.000000000000
---------------------------------------------------------------------------
 Electronic energy       :            (au)              -7564.581948207945
 Nuclear energy          :            (au)                  0.000000000000
---------------------------------------------------------------------------
 Total energy            :            (au)             -7.564581948208e+03
                         :      (kcal/mol)             -4.746846839827e+06
                         :        (kJ/mol)             -1.986080717784e+07
                         :            (eV)             -2.058427611821e+05
===========================================================================


===========================================================================
                         Orbital Energies (final)
---------------------------------------------------------------------------
    n  Occ Spin          :                                         Epsilon
---------------------------------------------------------------------------
    0    2    p          :            (au)              -1313.670588709114
    1    2    p          :            (au)               -198.015804948754
    2    2    p          :            (au)               -177.592607676111
    3    2    p          :            (au)               -177.592607632665
    4    2    p          :            (au)               -177.592606909370
    5    2    p          :            (au)                -40.267703488114
    6    2    p          :            (au)                -33.727582151489
    7    2    p          :            (au)                -33.727582131356
    8    2    p          :            (au)                -33.727581990870
    9    2    p          :            (au)                -24.048781565149
   10    2    p          :            (au)                -24.048781528742
   11    2    p          :            (au)                -24.048781426297
   12    2    p          :            (au)                -24.048781370112
   13    2    p          :            (au)                -24.048781236772
   14    2    p          :            (au)                 -7.255517257921
   15    2    p          :            (au)                 -5.190011133081
   16    2    p          :            (au)                 -5.190010808547
   17    2    p          :            (au)                 -5.190010786769
   18    2    p          :            (au)                 -2.182830951322
   19    2    p          :            (au)                 -2.182830884608
   20    2    p          :            (au)                 -2.182830820047
   21    2    p          :            (au)                 -2.182830569962
   22    2    p          :            (au)                 -2.182830447430
   23    2    p          :            (au)                 -0.725218140937
   24    2    p          :            (au)                 -0.302530080942
   25    2    p          :            (au)                 -0.302529294769
   26    2    p          :            (au)                 -0.302529269380
---------------------------------------------------------------------------
 Sum occupied            :            (au)              -4683.062166421259
===========================================================================


===========================================================================
                           Dipole Moment (dip-1)
---------------------------------------------------------------------------
 r_O                     :        0.000000        0.000000        0.000000
---------------------------------------------------------------------------
 Electronic vector       :       -5.400000       -5.400000       -5.400000
 Magnitude               :            (au)                        9.353074
                         :         (Debye)                       23.773144
---------------------------------------------------------------------------
 Nuclear vector          :        5.400000        5.400000        5.400000
 Magnitude               :            (au)                        9.353074
                         :         (Debye)                       23.773144
---------------------------------------------------------------------------
 Total vector            :        0.000000        0.000000       -0.000000
 Magnitude               :            (au)                        0.000000
                         :         (Debye)                        0.000000
===========================================================================


                                                                           
                                                                           
***************************************************************************
***                                                                     ***
***                            Exiting MRChem                           ***
***                                                                     ***
***                       Wall time :  0h 14m 37s                       ***
***                                                                     ***
***************************************************************************
                                                                           
                                                                           
