                                                                           
                                                                           
***************************************************************************
***                                                                     ***
***                                                                     ***
***          __  __ ____   ____ _                                       ***
***         |  \/  |  _ \ / ___| |__   ___ _ __ ___                     ***
***         | |\/| | |_) | |   | '_ \ / _ \ '_ ` _ \                    ***
***         | |  | |  _ <| |___| | | |  __/ | | | | |                   ***
***         |_|  |_|_| \_\\____|_| |_|\___|_| |_| |_|                   ***
***                                                                     ***
***         VERSION            1.1.0-alpha                              ***
***                                                                     ***
***         Git branch         finite-nuc                               ***
***         Git commit hash    c178fd54279bf4425d78                     ***
***         Git commit author  Stig Rune Jensen                         ***
***         Git commit date    Wed Jun 22 12:55:33 2022 +0200           ***
***                                                                     ***
***         Contact: luca.frediani@uit.no                               ***
***                                                                     ***
***         Radovan Bast            Magnar Bjorgve                      ***
***         Roberto Di Remigio      Antoine Durdek                      ***
***         Luca Frediani           Gabriel Gerez                       ***
***         Stig Rune Jensen        Jonas Juselius                      ***
***         Rune Monstad            Peter Wind                          ***
***                                                                     ***
***************************************************************************

---------------------------------------------------------------------------

 MPI processes           :       (32 bank)                              96
 OpenMP threads          :                                              15
 Total cores             :                                             992
                                                                           
---------------------------------------------------------------------------

XCFun DFT library Copyright 2009-2020 Ulf Ekstrom and contributors.
See http://dftlibs.org/xcfun/ for more information.

This is free software; see the source code for copying conditions.
There is ABSOLUTELY NO WARRANTY; not even for MERCHANTABILITY or
FITNESS FOR A PARTICULAR PURPOSE. For details see the documentation.
Scientific users of this library should cite
U. Ekstrom, L. Visscher, R. Bast, A. J. Thorvaldsen and K. Ruud;
J.Chem.Theor.Comp. 2010, DOI: 10.1021/ct100117s

---------------------------------------------------------------------------

 MRCPP version         : 1.4.1
 Git branch            : HEAD
 Git commit hash       : 75d41879b1908a94a452
 Git commit author     : Stig Rune Jensen
 Git commit date       : Thu Jan 6 11:38:53 2022 +0100

 Linear algebra        : EIGEN v3.4.0
 Parallelization       : MPI/OpenMP (15 threads)

---------------------------------------------------------------------------


                                                                           
===========================================================================
                         MultiResolution Analysis
---------------------------------------------------------------------------
 polynomial order      : 9
 polynomial type       : Interpolating
---------------------------------------------------------------------------
 total boxes           : 8
 boxes                 : [          2           2           2 ]
 unit lengths          : [   32.00000    32.00000    32.00000 ]
 scaling factor        : [    1.00000     1.00000     1.00000 ]
 lower bounds          : [  -32.00000   -32.00000   -32.00000 ]
 upper bounds          : [   32.00000    32.00000    32.00000 ]
 total length          : [   64.00000    64.00000    64.00000 ]
===========================================================================


                                                                           
***************************************************************************
***                                                                     ***
***                        Initializing Molecule                        ***
***                                                                     ***
***************************************************************************
                                                                           
                                                                           
===========================================================================
                                 Molecule
---------------------------------------------------------------------------
 Charge                  :                                               0
 Multiplicity            :                                               1
---------------------------------------------------------------------------
    N    Atom            :               x               y               z
---------------------------------------------------------------------------
    0      Xe            :        0.100000        0.100000        0.100000
---------------------------------------------------------------------------
 Center of mass          :        0.100000        0.100000        0.100000
===========================================================================


                                                                           
***************************************************************************
***                                                                     ***
***                 Computing Ground State Wavefunction                 ***
***                                                                     ***
***************************************************************************
                                                                           
                                                                           
Nuclear exponent: 1.000000e+06
~~~~~~~~~~~~~~~~~~~~~~~~~~~~~~~~~~~~~~~~~~~~~~~~~~~~~~~~~~~~~~~~~~~~~~~~~~~
 Calculation             : Compute initial orbitals
 Method                  : Diagonalize SAD Hamiltonian
 Precision               : 1.00000e-03
 Screening               : 1.20000e+01 StdDev
 Restricted              : True
 Functional              : LDA (SVWN5)
 AO basis                : Hydrogenic orbitals
 Zeta quality            : 2
~~~~~~~~~~~~~~~~~~~~~~~~~~~~~~~~~~~~~~~~~~~~~~~~~~~~~~~~~~~~~~~~~~~~~~~~~~~


===========================================================================
                            Molecular Orbitals
---------------------------------------------------------------------------
 Alpha electrons         :                                              27
 Beta electrons          :                                              27
 Total electrons         :                                              54
---------------------------------------------------------------------------
    n  Occ Spin          :                                            Norm
---------------------------------------------------------------------------
    0    2    p          :                              9.998624335697e-01
    1    2    p          :                              1.000032784465e+00
    2    2    p          :                              9.994790224580e-01
    3    2    p          :                              9.999561052998e-01
    4    2    p          :                              9.999604885992e-01
    5    2    p          :                              1.000007449866e+00
    6    2    p          :                              1.000042406202e+00
    7    2    p          :                              1.000143026483e+00
    8    2    p          :                              1.000017404893e+00
    9    2    p          :                              9.999999911388e-01
   10    2    p          :                              1.000386226138e+00
   11    2    p          :                              9.998071191510e-01
   12    2    p          :                              9.981190530516e-01
   13    2    p          :                              1.000000022007e+00
   14    2    p          :                              1.000000704229e+00
   15    2    p          :                              1.000009345181e+00
   16    2    p          :                              1.000034339899e+00
   17    2    p          :                              1.000000814793e+00
   18    2    p          :                              9.999999995340e-01
   19    2    p          :                              9.999889508906e-01
   20    2    p          :                              1.000062637403e+00
   21    2    p          :                              1.000195176651e+00
   22    2    p          :                              1.000000000006e+00
   23    2    p          :                              9.999999390923e-01
   24    2    p          :                              9.999999978824e-01
   25    2    p          :                              9.999999975137e-01
   26    2    p          :                              9.999999946580e-01
===========================================================================


~~~~~~~~~~~~~~~~~~~~~~~~~~~~~~~~~~~~~~~~~~~~~~~~~~~~~~~~~~~~~~~~~~~~~~~~~~~
 Calculation             : Compute initial energy
 Method                  : DFT (PBE)
 Relativity              : ZORA (V_nuc + J + V_xc)
 Precision               : 1.00000e-03
 Localization            : Off
~~~~~~~~~~~~~~~~~~~~~~~~~~~~~~~~~~~~~~~~~~~~~~~~~~~~~~~~~~~~~~~~~~~~~~~~~~~


===========================================================================
                        Molecular Energy (initial)
---------------------------------------------------------------------------
 Kinetic energy          :            (au)               7922.060495951244
 E-N energy              :            (au)             -18199.912791811221
 Coulomb energy          :            (au)               3408.838817240608
 Exchange energy         :            (au)                  0.000000000000
 X-C energy              :            (au)               -200.954233937260
 Ext. field (el)         :            (au)                  0.000000000000
---------------------------------------------------------------------------
 N-N energy              :            (au)                  0.000000000000
 Ext. field (nuc)        :            (au)                  0.000000000000
 Tot. Reac. Energy       :            (au)                  0.000000000000
 El. Reac. Energy        :            (au)                  0.000000000000
 Nuc. Reac. Energy       :            (au)                  0.000000000000
---------------------------------------------------------------------------
 Electronic energy       :            (au)              -7069.967712556629
 Nuclear energy          :            (au)                  0.000000000000
---------------------------------------------------------------------------
 Total energy            :            (au)             -7.069967712557e+03
                         :      (kcal/mol)             -4.436471720949e+06
                         :        (kJ/mol)             -1.856219768045e+07
                         :            (eV)             -1.923836221730e+05
===========================================================================


===========================================================================
                        Orbital Energies (initial)
---------------------------------------------------------------------------
    n  Occ Spin          :                                         Epsilon
---------------------------------------------------------------------------
    0    2    p          :            (au)              -1170.400455367648
    1    2    p          :            (au)               -169.362104216607
    2    2    p          :            (au)               -158.851701604134
    3    2    p          :            (au)               -158.721809690214
    4    2    p          :            (au)               -150.376819262615
    5    2    p          :            (au)                -25.973605229361
    6    2    p          :            (au)                -21.432725887084
    7    2    p          :            (au)                -21.427782756772
    8    2    p          :            (au)                -21.361926936386
    9    2    p          :            (au)                -12.637887052849
   10    2    p          :            (au)                -12.633807451903
   11    2    p          :            (au)                -12.408374733512
   12    2    p          :            (au)                -12.020807643381
   13    2    p          :            (au)                 -4.000366733062
   14    2    p          :            (au)                 -0.250666105177
   15    2    p          :            (au)                  1.239204586359
   16    2    p          :            (au)                  1.239719286856
   17    2    p          :            (au)                  1.249715680178
   18    2    p          :            (au)                  7.806650367815
   19    2    p          :            (au)                  7.811104512676
   20    2    p          :            (au)                  7.811586671328
   21    2    p          :            (au)                  7.957620218307
   22    2    p          :            (au)                  9.664327715400
   23    2    p          :            (au)                 10.188041372820
   24    2    p          :            (au)                 11.601650396518
   25    2    p          :            (au)                 11.603333563403
   26    2    p          :            (au)                 11.605113520467
---------------------------------------------------------------------------
 Sum occupied            :            (au)              -3724.165545557155
===========================================================================


~~~~~~~~~~~~~~~~~~~~~~~~~~~~~~~~~~~~~~~~~~~~~~~~~~~~~~~~~~~~~~~~~~~~~~~~~~~
 Calculation             : Optimize ground state orbitals
 Method                  : DFT (PBE)
 Relativity              : ZORA (V_nuc + J + V_xc)
 Checkpointing           : Off
 Max iterations          : 100
 KAIN solver             : 7
 Localization            : Off
 Diagonalization         : First two iterations
 Start precision         : 1.00000e-06
 Final precision         : 1.00000e-06
 Helmholtz precision     : Dynamic
 Energy threshold        : Off
 Orbital threshold       : 1.00000e-05
~~~~~~~~~~~~~~~~~~~~~~~~~~~~~~~~~~~~~~~~~~~~~~~~~~~~~~~~~~~~~~~~~~~~~~~~~~~


===========================================================================
 Iter           MO residual             Total energy                Update
---------------------------------------------------------------------------
    0          5.196152e+00       -7069.967712556629         -7.069968e+03
    1          1.945189e+00       -7509.043334089496         -4.390756e+02
    2          1.012011e+00       -7529.753664301365         -2.071033e+01
    3          3.079251e-01       -7532.797590540082         -3.043926e+00
    4          1.834215e-01       -7533.361380979600         -5.637904e-01
    5          5.175173e-02       -7533.407602909562         -4.622193e-02
    6          2.249237e-02       -7533.412330421213         -4.727512e-03
    7          7.751387e-03       -7533.410389253500          1.941168e-03
    8          1.461923e-03       -7533.411666200243         -1.276947e-03
    9          3.835358e-04       -7533.412384867926         -7.186677e-04
   10          1.902482e-04       -7533.412469960203         -8.509228e-05
   11          6.294590e-04       -7533.412515498803         -4.553860e-05
   12          6.151293e-04       -7533.412462458648          5.304015e-05
   13          1.261572e-04       -7533.412418041040          4.441761e-05
   14          1.421293e-04       -7533.412437231937         -1.919090e-05
   15          5.787457e-05       -7533.412428099324          9.132614e-06
   16          1.132125e-04       -7533.412439483714         -1.138439e-05
   17          1.037054e-04       -7533.412419032640          2.045107e-05
   18          3.808697e-04       -7533.412385685895          3.334675e-05
   19          3.963598e-04       -7533.412423930160         -3.824426e-05
   20          4.050754e-05       -7533.412422250871          1.679289e-06
   21          6.998197e-05       -7533.412415294779          6.956092e-06
   22          9.010795e-05       -7533.412434863724         -1.956895e-05
   23          6.431940e-05       -7533.412427748320          7.115405e-06
   24          4.482033e-05       -7533.412428396635         -6.483151e-07
   25          7.716184e-05       -7533.412423669057          4.727578e-06
   26          4.303327e-05       -7533.412427863129         -4.194072e-06
   27          3.794830e-05       -7533.412425315100          2.548029e-06
   28          3.356259e-05       -7533.412428628482         -3.313382e-06
   29          2.559982e-05       -7533.412428619153          9.329597e-09
   30          3.109102e-05       -7533.412428200341          4.188114e-07
   31          6.491944e-04       -7533.412477566757         -4.936642e-05
   32          6.524673e-04       -7533.412429360737          4.820602e-05
   33          2.744675e-05       -7533.412430179595         -8.188572e-07
   34          9.496456e-05       -7533.412437856762         -7.677168e-06
   35          1.078805e-04       -7533.412429932549          7.924214e-06
   36          3.248595e-05       -7533.412429750988          1.815606e-07
   37          4.155963e-05       -7533.412429245580          5.054080e-07
   38          1.661647e-05       -7533.412430323280         -1.077700e-06
   39          1.375881e-05       -7533.412429775540          5.477405e-07
---------------------------------------------------------------------------
                      SCF converged in 39 iterations!
===========================================================================


                                                                           
***************************************************************************
***                                                                     ***
***                    Printing Molecular Properties                    ***
***                                                                     ***
***************************************************************************
                                                                           
                                                                           
===========================================================================
                                 Molecule
---------------------------------------------------------------------------
 Charge                  :                                               0
 Multiplicity            :                                               1
---------------------------------------------------------------------------
    N    Atom            :               x               y               z
---------------------------------------------------------------------------
    0      Xe            :        0.100000        0.100000        0.100000
---------------------------------------------------------------------------
 Center of mass          :        0.100000        0.100000        0.100000
===========================================================================


===========================================================================
                         Molecular Energy (final)
---------------------------------------------------------------------------
 Kinetic energy          :            (au)               7852.873491687383
 E-N energy              :            (au)             -18135.669693214728
 Coulomb energy          :            (au)               2936.854903882329
 Exchange energy         :            (au)                  0.000000000000
 X-C energy              :            (au)               -187.471132130525
 Ext. field (el)         :            (au)                  0.000000000000
---------------------------------------------------------------------------
 N-N energy              :            (au)                  0.000000000000
 Ext. field (nuc)        :            (au)                  0.000000000000
 Tot. Reac. Energy       :            (au)                  0.000000000000
 El. Reac. Energy        :            (au)                  0.000000000000
 Nuc. Reac. Energy       :            (au)                  0.000000000000
---------------------------------------------------------------------------
 Electronic energy       :            (au)              -7533.412429775540
 Nuclear energy          :            (au)                  0.000000000000
---------------------------------------------------------------------------
 Total energy            :            (au)             -7.533412429776e+03
                         :      (kcal/mol)             -4.727287671709e+06
                         :        (kJ/mol)             -1.977897161843e+07
                         :            (eV)             -2.049945953769e+05
===========================================================================


===========================================================================
                         Orbital Energies (final)
---------------------------------------------------------------------------
    n  Occ Spin          :                                         Epsilon
---------------------------------------------------------------------------
    0    2    p          :            (au)              -1300.371557078024
    1    2    p          :            (au)               -196.611781842903
    2    2    p          :            (au)               -177.669925129399
    3    2    p          :            (au)               -177.669925100583
    4    2    p          :            (au)               -177.669924537116
    5    2    p          :            (au)                -39.996477019947
    6    2    p          :            (au)                -33.747671864427
    7    2    p          :            (au)                -33.747671825367
    8    2    p          :            (au)                -33.747671575700
    9    2    p          :            (au)                -24.066271207009
   10    2    p          :            (au)                -24.066271133672
   11    2    p          :            (au)                -24.066271022436
   12    2    p          :            (au)                -24.066270961225
   13    2    p          :            (au)                -24.066270792356
   14    2    p          :            (au)                 -7.198031434530
   15    2    p          :            (au)                 -5.195267635279
   16    2    p          :            (au)                 -5.195267509618
   17    2    p          :            (au)                 -5.195267500287
   18    2    p          :            (au)                 -2.186684258814
   19    2    p          :            (au)                 -2.186684217640
   20    2    p          :            (au)                 -2.186684151976
   21    2    p          :            (au)                 -2.186683987225
   22    2    p          :            (au)                 -2.186683882486
   23    2    p          :            (au)                 -0.717472168794
   24    2    p          :            (au)                 -0.303258443896
   25    2    p          :            (au)                 -0.303257474846
   26    2    p          :            (au)                 -0.303257449730
---------------------------------------------------------------------------
 Sum occupied            :            (au)              -4653.816922410568
===========================================================================


===========================================================================
                           Dipole Moment (dip-1)
---------------------------------------------------------------------------
 r_O                     :        0.000000        0.000000        0.000000
---------------------------------------------------------------------------
 Electronic vector       :       -5.400000       -5.400000       -5.400000
 Magnitude               :            (au)                        9.353074
                         :         (Debye)                       23.773144
---------------------------------------------------------------------------
 Nuclear vector          :        5.400000        5.400000        5.400000
 Magnitude               :            (au)                        9.353074
                         :         (Debye)                       23.773144
---------------------------------------------------------------------------
 Total vector            :       -0.000000       -0.000000       -0.000000
 Magnitude               :            (au)                        0.000000
                         :         (Debye)                        0.000000
===========================================================================


                                                                           
                                                                           
***************************************************************************
***                                                                     ***
***                            Exiting MRChem                           ***
***                                                                     ***
***                       Wall time :  0h 15m 39s                       ***
***                                                                     ***
***************************************************************************
                                                                           
                                                                           
