                                                                           
                                                                           
***************************************************************************
***                                                                     ***
***                                                                     ***
***          __  __ ____   ____ _                                       ***
***         |  \/  |  _ \ / ___| |__   ___ _ __ ___                     ***
***         | |\/| | |_) | |   | '_ \ / _ \ '_ ` _ \                    ***
***         | |  | |  _ <| |___| | | |  __/ | | | | |                   ***
***         |_|  |_|_| \_\\____|_| |_|\___|_| |_| |_|                   ***
***                                                                     ***
***         VERSION            1.1.0-alpha                              ***
***                                                                     ***
***         Git branch         finite-nuc                               ***
***         Git commit hash    c178fd54279bf4425d78                     ***
***         Git commit author  Stig Rune Jensen                         ***
***         Git commit date    Wed Jun 22 12:55:33 2022 +0200           ***
***                                                                     ***
***         Contact: luca.frediani@uit.no                               ***
***                                                                     ***
***         Radovan Bast            Magnar Bjorgve                      ***
***         Roberto Di Remigio      Antoine Durdek                      ***
***         Luca Frediani           Gabriel Gerez                       ***
***         Stig Rune Jensen        Jonas Juselius                      ***
***         Rune Monstad            Peter Wind                          ***
***                                                                     ***
***************************************************************************

---------------------------------------------------------------------------

 MPI processes           :       (32 bank)                              96
 OpenMP threads          :                                              15
 Total cores             :                                             992
                                                                           
---------------------------------------------------------------------------

XCFun DFT library Copyright 2009-2020 Ulf Ekstrom and contributors.
See http://dftlibs.org/xcfun/ for more information.

This is free software; see the source code for copying conditions.
There is ABSOLUTELY NO WARRANTY; not even for MERCHANTABILITY or
FITNESS FOR A PARTICULAR PURPOSE. For details see the documentation.
Scientific users of this library should cite
U. Ekstrom, L. Visscher, R. Bast, A. J. Thorvaldsen and K. Ruud;
J.Chem.Theor.Comp. 2010, DOI: 10.1021/ct100117s

---------------------------------------------------------------------------

 MRCPP version         : 1.4.1
 Git branch            : HEAD
 Git commit hash       : 75d41879b1908a94a452
 Git commit author     : Stig Rune Jensen
 Git commit date       : Thu Jan 6 11:38:53 2022 +0100

 Linear algebra        : EIGEN v3.4.0
 Parallelization       : MPI/OpenMP (15 threads)

---------------------------------------------------------------------------


                                                                           
===========================================================================
                         MultiResolution Analysis
---------------------------------------------------------------------------
 polynomial order      : 9
 polynomial type       : Interpolating
---------------------------------------------------------------------------
 total boxes           : 8
 boxes                 : [          2           2           2 ]
 unit lengths          : [   32.00000    32.00000    32.00000 ]
 scaling factor        : [    1.00000     1.00000     1.00000 ]
 lower bounds          : [  -32.00000   -32.00000   -32.00000 ]
 upper bounds          : [   32.00000    32.00000    32.00000 ]
 total length          : [   64.00000    64.00000    64.00000 ]
===========================================================================


                                                                           
***************************************************************************
***                                                                     ***
***                        Initializing Molecule                        ***
***                                                                     ***
***************************************************************************
                                                                           
                                                                           
===========================================================================
                                 Molecule
---------------------------------------------------------------------------
 Charge                  :                                               0
 Multiplicity            :                                               1
---------------------------------------------------------------------------
    N    Atom            :               x               y               z
---------------------------------------------------------------------------
    0      Xe            :        0.100000        0.100000        0.100000
---------------------------------------------------------------------------
 Center of mass          :        0.100000        0.100000        0.100000
===========================================================================


                                                                           
***************************************************************************
***                                                                     ***
***                 Computing Ground State Wavefunction                 ***
***                                                                     ***
***************************************************************************
                                                                           
                                                                           
Nuclear exponent: 1.000000e+04
~~~~~~~~~~~~~~~~~~~~~~~~~~~~~~~~~~~~~~~~~~~~~~~~~~~~~~~~~~~~~~~~~~~~~~~~~~~
 Calculation             : Compute initial orbitals
 Method                  : Diagonalize SAD Hamiltonian
 Precision               : 1.00000e-03
 Screening               : 1.20000e+01 StdDev
 Restricted              : True
 Functional              : LDA (SVWN5)
 AO basis                : Hydrogenic orbitals
 Zeta quality            : 2
~~~~~~~~~~~~~~~~~~~~~~~~~~~~~~~~~~~~~~~~~~~~~~~~~~~~~~~~~~~~~~~~~~~~~~~~~~~


===========================================================================
                            Molecular Orbitals
---------------------------------------------------------------------------
 Alpha electrons         :                                              27
 Beta electrons          :                                              27
 Total electrons         :                                              54
---------------------------------------------------------------------------
    n  Occ Spin          :                                            Norm
---------------------------------------------------------------------------
    0    2    p          :                              9.998624335697e-01
    1    2    p          :                              1.000032784465e+00
    2    2    p          :                              9.994529335090e-01
    3    2    p          :                              9.993600937609e-01
    4    2    p          :                              9.999604885992e-01
    5    2    p          :                              1.000007449866e+00
    6    2    p          :                              1.000052645051e+00
    7    2    p          :                              1.000132609195e+00
    8    2    p          :                              1.000017404893e+00
    9    2    p          :                              9.999999911384e-01
   10    2    p          :                              1.000386226134e+00
   11    2    p          :                              9.998071191511e-01
   12    2    p          :                              9.981190530516e-01
   13    2    p          :                              1.000000022007e+00
   14    2    p          :                              1.000000704229e+00
   15    2    p          :                              1.000008548099e+00
   16    2    p          :                              1.000035271704e+00
   17    2    p          :                              1.000000814793e+00
   18    2    p          :                              9.999999995340e-01
   19    2    p          :                              9.999889508907e-01
   20    2    p          :                              1.000062637403e+00
   21    2    p          :                              1.000195176655e+00
   22    2    p          :                              1.000000000006e+00
   23    2    p          :                              9.999999390923e-01
   24    2    p          :                              9.999999979559e-01
   25    2    p          :                              9.999999973280e-01
   26    2    p          :                              9.999999946580e-01
===========================================================================


~~~~~~~~~~~~~~~~~~~~~~~~~~~~~~~~~~~~~~~~~~~~~~~~~~~~~~~~~~~~~~~~~~~~~~~~~~~
 Calculation             : Compute initial energy
 Method                  : DFT (PBE)
 Relativity              : ZORA (V_nuc + J + V_xc)
 Precision               : 1.00000e-03
 Localization            : Off
~~~~~~~~~~~~~~~~~~~~~~~~~~~~~~~~~~~~~~~~~~~~~~~~~~~~~~~~~~~~~~~~~~~~~~~~~~~


===========================================================================
                        Molecular Energy (initial)
---------------------------------------------------------------------------
 Kinetic energy          :            (au)               7943.037237634891
 E-N energy              :            (au)             -17271.367169427751
 Coulomb energy          :            (au)               3408.445727847425
 Exchange energy         :            (au)                  0.000000000000
 X-C energy              :            (au)               -200.940097714396
 Ext. field (el)         :            (au)                  0.000000000000
---------------------------------------------------------------------------
 N-N energy              :            (au)                  0.000000000000
 Ext. field (nuc)        :            (au)                  0.000000000000
 Tot. Reac. Energy       :            (au)                  0.000000000000
 El. Reac. Energy        :            (au)                  0.000000000000
 Nuc. Reac. Energy       :            (au)                  0.000000000000
---------------------------------------------------------------------------
 Electronic energy       :            (au)              -6120.824301659831
 Nuclear energy          :            (au)                  0.000000000000
---------------------------------------------------------------------------
 Total energy            :            (au)             -6.120824301660e+03
                         :      (kcal/mol)             -3.840875238367e+06
                         :        (kJ/mol)             -1.607022199733e+07
                         :            (eV)             -1.665561142163e+05
===========================================================================


===========================================================================
                        Orbital Energies (initial)
---------------------------------------------------------------------------
    n  Occ Spin          :                                         Epsilon
---------------------------------------------------------------------------
    0    2    p          :            (au)               -799.846758579616
    1    2    p          :            (au)               -157.127182111329
    2    2    p          :            (au)               -152.102769376548
    3    2    p          :            (au)               -145.815049717161
    4    2    p          :            (au)               -112.285808865529
    5    2    p          :            (au)                -21.253269270729
    6    2    p          :            (au)                -21.237793807254
    7    2    p          :            (au)                -21.182669566711
    8    2    p          :            (au)                -12.646547731074
    9    2    p          :            (au)                -12.642271695540
   10    2    p          :            (au)                -12.416462146702
   11    2    p          :            (au)                -12.060591960924
   12    2    p          :            (au)                -12.028925601182
   13    2    p          :            (au)                 -4.000786019096
   14    2    p          :            (au)                  1.265022132385
   15    2    p          :            (au)                  1.265507950650
   16    2    p          :            (au)                  1.276410084619
   17    2    p          :            (au)                  2.561035622880
   18    2    p          :            (au)                  7.801774002228
   19    2    p          :            (au)                  7.806375595074
   20    2    p          :            (au)                  7.806656934976
   21    2    p          :            (au)                  7.952808222054
   22    2    p          :            (au)                 10.183766910522
   23    2    p          :            (au)                 11.670989523974
   24    2    p          :            (au)                 11.672809653596
   25    2    p          :            (au)                 11.674604152840
   26    2    p          :            (au)                 24.373650189063
---------------------------------------------------------------------------
 Sum occupied            :            (au)              -2778.670950949065
===========================================================================


~~~~~~~~~~~~~~~~~~~~~~~~~~~~~~~~~~~~~~~~~~~~~~~~~~~~~~~~~~~~~~~~~~~~~~~~~~~
 Calculation             : Optimize ground state orbitals
 Method                  : DFT (PBE)
 Relativity              : ZORA (V_nuc + J + V_xc)
 Checkpointing           : Off
 Max iterations          : 100
 KAIN solver             : 7
 Localization            : Off
 Diagonalization         : First two iterations
 Start precision         : 1.00000e-06
 Final precision         : 1.00000e-06
 Helmholtz precision     : Dynamic
 Energy threshold        : Off
 Orbital threshold       : 1.00000e-05
~~~~~~~~~~~~~~~~~~~~~~~~~~~~~~~~~~~~~~~~~~~~~~~~~~~~~~~~~~~~~~~~~~~~~~~~~~~


===========================================================================
 Iter           MO residual             Total energy                Update
---------------------------------------------------------------------------
    0          5.196152e+00       -6120.824301659831         -6.120824e+03
    1          2.026029e+00       -6743.595994261758         -6.227717e+02
    2          9.649569e-01       -6761.272105966096         -1.767611e+01
    3          2.468946e-01       -6762.944744677208         -1.672639e+00
    4          1.347518e-01       -6763.240769236186         -2.960246e-01
    5          4.019421e-02       -6763.267095363009         -2.632613e-02
    6          1.826558e-02       -6763.275477675511         -8.382313e-03
    7          6.036549e-03       -6763.276274019029         -7.963435e-04
    8          1.279432e-03       -6763.276790631860         -5.166128e-04
    9          3.671748e-04       -6763.277042587623         -2.519558e-04
   10          1.451966e-04       -6763.277088677934         -4.609031e-05
   11          1.968713e-04       -6763.277085052508          3.625426e-06
   12          1.778090e-04       -6763.277094676277         -9.623768e-06
   13          3.774226e-04       -6763.277044542278          5.013400e-05
   14          3.940659e-04       -6763.277088095482         -4.355320e-05
   15          6.300767e-05       -6763.277075533999          1.256148e-05
   16          7.596238e-05       -6763.277081514765         -5.980766e-06
   17          4.927645e-05       -6763.277067919976          1.359479e-05
   18          9.384201e-05       -6763.277082475802         -1.455583e-05
   19          7.825266e-05       -6763.277068981697          1.349410e-05
   20          6.713185e-05       -6763.277075626000         -6.644303e-06
   21          6.278481e-05       -6763.277067011517          8.614483e-06
   22          3.903204e-05       -6763.277068311259         -1.299742e-06
   23          1.006083e-04       -6763.277063296558          5.014701e-06
   24          1.026539e-04       -6763.277069080779         -5.784222e-06
   25          2.137837e-05       -6763.277070202198         -1.121419e-06
   26          3.994928e-05       -6763.277067014507          3.187691e-06
   27          4.731197e-05       -6763.277069117242         -2.102734e-06
   28          5.840650e-05       -6763.277071608473         -2.491231e-06
   29          5.325712e-05       -6763.277070304062          1.304411e-06
   30          1.487141e-03       -6763.276886016056          1.842880e-04
   31          1.481357e-03       -6763.277070594564         -1.845785e-04
   32          1.180697e-05       -6763.277070685865         -9.130054e-08
---------------------------------------------------------------------------
                      SCF converged in 32 iterations!
===========================================================================


                                                                           
***************************************************************************
***                                                                     ***
***                    Printing Molecular Properties                    ***
***                                                                     ***
***************************************************************************
                                                                           
                                                                           
===========================================================================
                                 Molecule
---------------------------------------------------------------------------
 Charge                  :                                               0
 Multiplicity            :                                               1
---------------------------------------------------------------------------
    N    Atom            :               x               y               z
---------------------------------------------------------------------------
    0      Xe            :        0.100000        0.100000        0.100000
---------------------------------------------------------------------------
 Center of mass          :        0.100000        0.100000        0.100000
===========================================================================


===========================================================================
                         Molecular Energy (final)
---------------------------------------------------------------------------
 Kinetic energy          :            (au)               6143.259726495809
 E-N energy              :            (au)             -15609.073145030759
 Coulomb energy          :            (au)               2879.716902601767
 Exchange energy         :            (au)                  0.000000000000
 X-C energy              :            (au)               -177.180554752680
 Ext. field (el)         :            (au)                  0.000000000000
---------------------------------------------------------------------------
 N-N energy              :            (au)                  0.000000000000
 Ext. field (nuc)        :            (au)                  0.000000000000
 Tot. Reac. Energy       :            (au)                  0.000000000000
 El. Reac. Energy        :            (au)                  0.000000000000
 Nuc. Reac. Energy       :            (au)                  0.000000000000
---------------------------------------------------------------------------
 Electronic energy       :            (au)              -6763.277070685865
 Nuclear energy          :            (au)                  0.000000000000
---------------------------------------------------------------------------
 Total energy            :            (au)             -6.763277070686e+03
                         :      (kcal/mol)             -4.244020437569e+06
                         :        (kJ/mol)             -1.775698151079e+07
                         :            (eV)             -1.840381446591e+05
===========================================================================


===========================================================================
                         Orbital Energies (final)
---------------------------------------------------------------------------
    n  Occ Spin          :                                         Epsilon
---------------------------------------------------------------------------
    0    2    p          :            (au)               -978.377183053744
    1    2    p          :            (au)               -178.805839860800
    2    2    p          :            (au)               -178.805839841247
    3    2    p          :            (au)               -178.805838529281
    4    2    p          :            (au)               -161.011555234125
    5    2    p          :            (au)                -34.110961427994
    6    2    p          :            (au)                -34.110961399214
    7    2    p          :            (au)                -34.110960953347
    8    2    p          :            (au)                -33.051889732844
    9    2    p          :            (au)                -24.633401777201
   10    2    p          :            (au)                -24.633401758977
   11    2    p          :            (au)                -24.633401397193
   12    2    p          :            (au)                -24.633401312078
   13    2    p          :            (au)                -24.633401241152
   14    2    p          :            (au)                 -5.741912829279
   15    2    p          :            (au)                 -5.311831462641
   16    2    p          :            (au)                 -5.311831208259
   17    2    p          :            (au)                 -5.311831182165
   18    2    p          :            (au)                 -2.317513579501
   19    2    p          :            (au)                 -2.317513544241
   20    2    p          :            (au)                 -2.317513465455
   21    2    p          :            (au)                 -2.317513271554
   22    2    p          :            (au)                 -2.317513108833
   23    2    p          :            (au)                 -0.533343173105
   24    2    p          :            (au)                 -0.326161772172
   25    2    p          :            (au)                 -0.326160872500
   26    2    p          :            (au)                 -0.326160849375
---------------------------------------------------------------------------
 Sum occupied            :            (au)              -3938.269675676547
===========================================================================


===========================================================================
                           Dipole Moment (dip-1)
---------------------------------------------------------------------------
 r_O                     :        0.000000        0.000000        0.000000
---------------------------------------------------------------------------
 Electronic vector       :       -5.400000       -5.400000       -5.400000
 Magnitude               :            (au)                        9.353075
                         :         (Debye)                       23.773144
---------------------------------------------------------------------------
 Nuclear vector          :        5.400000        5.400000        5.400000
 Magnitude               :            (au)                        9.353074
                         :         (Debye)                       23.773144
---------------------------------------------------------------------------
 Total vector            :       -0.000000       -0.000000       -0.000000
 Magnitude               :            (au)                        0.000000
                         :         (Debye)                        0.000000
===========================================================================


                                                                           
                                                                           
***************************************************************************
***                                                                     ***
***                            Exiting MRChem                           ***
***                                                                     ***
***                       Wall time :  0h 13m 22s                       ***
***                                                                     ***
***************************************************************************
                                                                           
                                                                           
