                                                                           
                                                                           
***************************************************************************
***                                                                     ***
***                                                                     ***
***          __  __ ____   ____ _                                       ***
***         |  \/  |  _ \ / ___| |__   ___ _ __ ___                     ***
***         | |\/| | |_) | |   | '_ \ / _ \ '_ ` _ \                    ***
***         | |  | |  _ <| |___| | | |  __/ | | | | |                   ***
***         |_|  |_|_| \_\\____|_| |_|\___|_| |_| |_|                   ***
***                                                                     ***
***         VERSION            1.1.0-alpha                              ***
***                                                                     ***
***         Git branch         finite-nuc                               ***
***         Git commit hash    c178fd54279bf4425d78                     ***
***         Git commit author  Stig Rune Jensen                         ***
***         Git commit date    Wed Jun 22 12:55:33 2022 +0200           ***
***                                                                     ***
***         Contact: luca.frediani@uit.no                               ***
***                                                                     ***
***         Radovan Bast            Magnar Bjorgve                      ***
***         Roberto Di Remigio      Antoine Durdek                      ***
***         Luca Frediani           Gabriel Gerez                       ***
***         Stig Rune Jensen        Jonas Juselius                      ***
***         Rune Monstad            Peter Wind                          ***
***                                                                     ***
***************************************************************************

---------------------------------------------------------------------------

 MPI processes           :       (32 bank)                              96
 OpenMP threads          :                                              15
 Total cores             :                                             992
                                                                           
---------------------------------------------------------------------------

XCFun DFT library Copyright 2009-2020 Ulf Ekstrom and contributors.
See http://dftlibs.org/xcfun/ for more information.

This is free software; see the source code for copying conditions.
There is ABSOLUTELY NO WARRANTY; not even for MERCHANTABILITY or
FITNESS FOR A PARTICULAR PURPOSE. For details see the documentation.
Scientific users of this library should cite
U. Ekstrom, L. Visscher, R. Bast, A. J. Thorvaldsen and K. Ruud;
J.Chem.Theor.Comp. 2010, DOI: 10.1021/ct100117s

---------------------------------------------------------------------------

 MRCPP version         : 1.4.1
 Git branch            : HEAD
 Git commit hash       : 75d41879b1908a94a452
 Git commit author     : Stig Rune Jensen
 Git commit date       : Thu Jan 6 11:38:53 2022 +0100

 Linear algebra        : EIGEN v3.4.0
 Parallelization       : MPI/OpenMP (15 threads)

---------------------------------------------------------------------------


                                                                           
===========================================================================
                         MultiResolution Analysis
---------------------------------------------------------------------------
 polynomial order      : 9
 polynomial type       : Interpolating
---------------------------------------------------------------------------
 total boxes           : 8
 boxes                 : [          2           2           2 ]
 unit lengths          : [   32.00000    32.00000    32.00000 ]
 scaling factor        : [    1.00000     1.00000     1.00000 ]
 lower bounds          : [  -32.00000   -32.00000   -32.00000 ]
 upper bounds          : [   32.00000    32.00000    32.00000 ]
 total length          : [   64.00000    64.00000    64.00000 ]
===========================================================================


                                                                           
***************************************************************************
***                                                                     ***
***                        Initializing Molecule                        ***
***                                                                     ***
***************************************************************************
                                                                           
                                                                           
===========================================================================
                                 Molecule
---------------------------------------------------------------------------
 Charge                  :                                               0
 Multiplicity            :                                               1
---------------------------------------------------------------------------
    N    Atom            :               x               y               z
---------------------------------------------------------------------------
    0      Xe            :        0.100000        0.100000        0.100000
---------------------------------------------------------------------------
 Center of mass          :        0.100000        0.100000        0.100000
===========================================================================


                                                                           
***************************************************************************
***                                                                     ***
***                 Computing Ground State Wavefunction                 ***
***                                                                     ***
***************************************************************************
                                                                           
                                                                           
Nuclear exponent: 1.000000e+06
~~~~~~~~~~~~~~~~~~~~~~~~~~~~~~~~~~~~~~~~~~~~~~~~~~~~~~~~~~~~~~~~~~~~~~~~~~~
 Calculation             : Compute initial orbitals
 Method                  : Diagonalize SAD Hamiltonian
 Precision               : 1.00000e-03
 Screening               : 1.20000e+01 StdDev
 Restricted              : True
 Functional              : LDA (SVWN5)
 AO basis                : Hydrogenic orbitals
 Zeta quality            : 2
~~~~~~~~~~~~~~~~~~~~~~~~~~~~~~~~~~~~~~~~~~~~~~~~~~~~~~~~~~~~~~~~~~~~~~~~~~~


===========================================================================
                            Molecular Orbitals
---------------------------------------------------------------------------
 Alpha electrons         :                                              27
 Beta electrons          :                                              27
 Total electrons         :                                              54
---------------------------------------------------------------------------
    n  Occ Spin          :                                            Norm
---------------------------------------------------------------------------
    0    2    p          :                              9.998624335697e-01
    1    2    p          :                              1.000032784465e+00
    2    2    p          :                              9.994579560947e-01
    3    2    p          :                              9.998172579517e-01
    4    2    p          :                              9.999604885992e-01
    5    2    p          :                              1.000007449866e+00
    6    2    p          :                              1.000024632411e+00
    7    2    p          :                              1.000163281898e+00
    8    2    p          :                              1.000017404893e+00
    9    2    p          :                              9.999999911385e-01
   10    2    p          :                              1.000386226136e+00
   11    2    p          :                              9.998071191510e-01
   12    2    p          :                              9.981190530516e-01
   13    2    p          :                              1.000000022007e+00
   14    2    p          :                              1.000000704229e+00
   15    2    p          :                              1.000007542999e+00
   16    2    p          :                              1.000036707507e+00
   17    2    p          :                              1.000000814793e+00
   18    2    p          :                              9.999999995340e-01
   19    2    p          :                              9.999889508907e-01
   20    2    p          :                              1.000062637403e+00
   21    2    p          :                              1.000195176655e+00
   22    2    p          :                              1.000000000006e+00
   23    2    p          :                              9.999999390923e-01
   24    2    p          :                              9.999999979245e-01
   25    2    p          :                              9.999999971157e-01
   26    2    p          :                              9.999999946580e-01
===========================================================================


~~~~~~~~~~~~~~~~~~~~~~~~~~~~~~~~~~~~~~~~~~~~~~~~~~~~~~~~~~~~~~~~~~~~~~~~~~~
 Calculation             : Compute initial energy
 Method                  : DFT (PBE)
 Relativity              : ZORA (V_nuc + J + V_xc)
 Precision               : 1.00000e-03
 Localization            : Off
~~~~~~~~~~~~~~~~~~~~~~~~~~~~~~~~~~~~~~~~~~~~~~~~~~~~~~~~~~~~~~~~~~~~~~~~~~~


===========================================================================
                        Molecular Energy (initial)
---------------------------------------------------------------------------
 Kinetic energy          :            (au)               7929.310670787385
 E-N energy              :            (au)             -18199.760503875881
 Coulomb energy          :            (au)               3408.744667005022
 Exchange energy         :            (au)                  0.000000000000
 X-C energy              :            (au)               -200.950914471596
 Ext. field (el)         :            (au)                  0.000000000000
---------------------------------------------------------------------------
 N-N energy              :            (au)                  0.000000000000
 Ext. field (nuc)        :            (au)                  0.000000000000
 Tot. Reac. Energy       :            (au)                  0.000000000000
 El. Reac. Energy        :            (au)                  0.000000000000
 Nuc. Reac. Energy       :            (au)                  0.000000000000
---------------------------------------------------------------------------
 Electronic energy       :            (au)              -7062.656080555071
 Nuclear energy          :            (au)                  0.000000000000
---------------------------------------------------------------------------
 Total energy            :            (au)             -7.062656080555e+03
                         :      (kcal/mol)             -4.431883602597e+06
                         :        (kJ/mol)             -1.854300099327e+07
                         :            (eV)             -1.921846625306e+05
===========================================================================


===========================================================================
                        Orbital Energies (initial)
---------------------------------------------------------------------------
    n  Occ Spin          :                                         Epsilon
---------------------------------------------------------------------------
    0    2    p          :            (au)              -1170.403385132041
    1    2    p          :            (au)               -169.364959152333
    2    2    p          :            (au)               -158.852114975195
    3    2    p          :            (au)               -155.345275098364
    4    2    p          :            (au)               -150.159177207646
    5    2    p          :            (au)                -25.975611847376
    6    2    p          :            (au)                -21.434223143643
    7    2    p          :            (au)                -21.430084636157
    8    2    p          :            (au)                -21.360952166814
    9    2    p          :            (au)                -12.640046114255
   10    2    p          :            (au)                -12.636153408992
   11    2    p          :            (au)                -12.410602907760
   12    2    p          :            (au)                -12.022910392956
   13    2    p          :            (au)                 -4.002488550780
   14    2    p          :            (au)                 -0.251534931747
   15    2    p          :            (au)                  1.238372245506
   16    2    p          :            (au)                  1.238809708105
   17    2    p          :            (au)                  1.249020856552
   18    2    p          :            (au)                  7.805409988052
   19    2    p          :            (au)                  7.809808425578
   20    2    p          :            (au)                  7.810305999264
   21    2    p          :            (au)                  7.956407746447
   22    2    p          :            (au)                  9.663275703020
   23    2    p          :            (au)                 10.186407760269
   24    2    p          :            (au)                 11.600455563831
   25    2    p          :            (au)                 11.602461298570
   26    2    p          :            (au)                 11.603984783462
---------------------------------------------------------------------------
 Sum occupied            :            (au)              -3717.049599174807
===========================================================================


~~~~~~~~~~~~~~~~~~~~~~~~~~~~~~~~~~~~~~~~~~~~~~~~~~~~~~~~~~~~~~~~~~~~~~~~~~~
 Calculation             : Optimize ground state orbitals
 Method                  : DFT (PBE)
 Relativity              : ZORA (V_nuc + J + V_xc)
 Checkpointing           : Off
 Max iterations          : 100
 KAIN solver             : 7
 Localization            : Off
 Diagonalization         : First two iterations
 Start precision         : 1.00000e-06
 Final precision         : 1.00000e-06
 Helmholtz precision     : Dynamic
 Energy threshold        : Off
 Orbital threshold       : 1.00000e-05
~~~~~~~~~~~~~~~~~~~~~~~~~~~~~~~~~~~~~~~~~~~~~~~~~~~~~~~~~~~~~~~~~~~~~~~~~~~


===========================================================================
 Iter           MO residual             Total energy                Update
---------------------------------------------------------------------------
    0          5.196152e+00       -7062.656080555071         -7.062656e+03
    1          1.945153e+00       -7509.000571361440         -4.463445e+02
    2          1.011773e+00       -7529.744255714763         -2.074368e+01
    3          3.081244e-01       -7532.796016533001         -3.051761e+00
    4          1.835442e-01       -7533.361317680072         -5.653011e-01
    5          5.177416e-02       -7533.407775776610         -4.645810e-02
    6          2.249923e-02       -7533.412446761364         -4.670985e-03
    7          7.749573e-03       -7533.410446372695          2.000389e-03
    8          1.462267e-03       -7533.411729711951         -1.283339e-03
    9          3.838708e-04       -7533.412457725605         -7.280137e-04
   10          1.881927e-04       -7533.412544677938         -8.695233e-05
   11          3.162946e-03       -7533.412086310809          4.583671e-04
   12          3.170598e-03       -7533.412537645287         -4.513345e-04
   13          7.722567e-05       -7533.412502622139          3.502315e-05
   14          1.145066e-04       -7533.412513588220         -1.096608e-05
   15          8.256053e-05       -7533.412503191658          1.039656e-05
   16          7.600830e-05       -7533.412489283971          1.390769e-05
   17          7.773360e-05       -7533.412493794295         -4.510324e-06
   18          3.371289e-05       -7533.412496577898         -2.783603e-06
   19          6.821184e-05       -7533.412492110791          4.467107e-06
   20          4.549825e-05       -7533.412497917621         -5.806830e-06
   21          3.866113e-05       -7533.412497726301          1.913204e-07
   22          1.426032e-04       -7533.412499146162         -1.419861e-06
   23          1.043103e-04       -7533.412500291736         -1.145574e-06
   24          1.971614e-05       -7533.412500521805         -2.300685e-07
   25          5.598715e-05       -7533.412506472521         -5.950717e-06
   26          5.725114e-05       -7533.412502211017          4.261504e-06
   27          1.599300e-05       -7533.412502838316         -6.272985e-07
---------------------------------------------------------------------------
                      SCF converged in 27 iterations!
===========================================================================


                                                                           
***************************************************************************
***                                                                     ***
***                    Printing Molecular Properties                    ***
***                                                                     ***
***************************************************************************
                                                                           
                                                                           
===========================================================================
                                 Molecule
---------------------------------------------------------------------------
 Charge                  :                                               0
 Multiplicity            :                                               1
---------------------------------------------------------------------------
    N    Atom            :               x               y               z
---------------------------------------------------------------------------
    0      Xe            :        0.100000        0.100000        0.100000
---------------------------------------------------------------------------
 Center of mass          :        0.100000        0.100000        0.100000
===========================================================================


===========================================================================
                         Molecular Energy (final)
---------------------------------------------------------------------------
 Kinetic energy          :            (au)               7852.874014517451
 E-N energy              :            (au)             -18135.670383278994
 Coulomb energy          :            (au)               2936.855005119905
 Exchange energy         :            (au)                  0.000000000000
 X-C energy              :            (au)               -187.471139196679
 Ext. field (el)         :            (au)                  0.000000000000
---------------------------------------------------------------------------
 N-N energy              :            (au)                  0.000000000000
 Ext. field (nuc)        :            (au)                  0.000000000000
 Tot. Reac. Energy       :            (au)                  0.000000000000
 El. Reac. Energy        :            (au)                  0.000000000000
 Nuc. Reac. Energy       :            (au)                  0.000000000000
---------------------------------------------------------------------------
 Electronic energy       :            (au)              -7533.412502838316
 Nuclear energy          :            (au)                  0.000000000000
---------------------------------------------------------------------------
 Total energy            :            (au)             -7.533412502838e+03
                         :      (kcal/mol)             -4.727287717556e+06
                         :        (kJ/mol)             -1.977897181025e+07
                         :            (eV)             -2.049945973651e+05
===========================================================================


===========================================================================
                         Orbital Energies (final)
---------------------------------------------------------------------------
    n  Occ Spin          :                                         Epsilon
---------------------------------------------------------------------------
    0    2    p          :            (au)              -1300.371548961745
    1    2    p          :            (au)               -196.611780566279
    2    2    p          :            (au)               -177.669930702495
    3    2    p          :            (au)               -177.669920169775
    4    2    p          :            (au)               -177.669919827840
    5    2    p          :            (au)                -39.996475500366
    6    2    p          :            (au)                -33.747671807253
    7    2    p          :            (au)                -33.747670543707
    8    2    p          :            (au)                -33.747670465848
    9    2    p          :            (au)                -24.066274137524
   10    2    p          :            (au)                -24.066274018300
   11    2    p          :            (au)                -24.066272663831
   12    2    p          :            (au)                -24.066269521331
   13    2    p          :            (au)                -24.066269312195
   14    2    p          :            (au)                 -7.198031157331
   15    2    p          :            (au)                 -5.195267827411
   16    2    p          :            (au)                 -5.195267294066
   17    2    p          :            (au)                 -5.195267253091
   18    2    p          :            (au)                 -2.186684730748
   19    2    p          :            (au)                 -2.186684511817
   20    2    p          :            (au)                 -2.186684458718
   21    2    p          :            (au)                 -2.186683798474
   22    2    p          :            (au)                 -2.186683759625
   23    2    p          :            (au)                 -0.717472101624
   24    2    p          :            (au)                 -0.303258382183
   25    2    p          :            (au)                 -0.303257449160
   26    2    p          :            (au)                 -0.303257417715
---------------------------------------------------------------------------
 Sum occupied            :            (au)              -4653.816896680898
===========================================================================


===========================================================================
                           Dipole Moment (dip-1)
---------------------------------------------------------------------------
 r_O                     :        0.000000        0.000000        0.000000
---------------------------------------------------------------------------
 Electronic vector       :       -5.400000       -5.400000       -5.400000
 Magnitude               :            (au)                        9.353075
                         :         (Debye)                       23.773144
---------------------------------------------------------------------------
 Nuclear vector          :        5.400000        5.400000        5.400000
 Magnitude               :            (au)                        9.353074
                         :         (Debye)                       23.773144
---------------------------------------------------------------------------
 Total vector            :       -0.000000       -0.000000       -0.000000
 Magnitude               :            (au)                        0.000000
                         :         (Debye)                        0.000000
===========================================================================


                                                                           
                                                                           
***************************************************************************
***                                                                     ***
***                            Exiting MRChem                           ***
***                                                                     ***
***                       Wall time :  0h 12m 45s                       ***
***                                                                     ***
***************************************************************************
                                                                           
                                                                           
